TRACE::2022-06-20.18:27:12::SCWPlatform::Trying to open the hw design at C:/HLS_Design/Microblaze_UART_Vitis/workspace/design_1_wrapper/hw/design_1_wrapper.xsa
TRACE::2022-06-20.18:27:12::SCWPlatform::DSA given C:/HLS_Design/Microblaze_UART_Vitis/workspace/design_1_wrapper/hw/design_1_wrapper.xsa
TRACE::2022-06-20.18:27:12::SCWPlatform::DSA absoulate path C:/HLS_Design/Microblaze_UART_Vitis/workspace/design_1_wrapper/hw/design_1_wrapper.xsa
TRACE::2022-06-20.18:27:12::SCWPlatform::DSA directory C:/HLS_Design/Microblaze_UART_Vitis/workspace/design_1_wrapper/hw
TRACE::2022-06-20.18:27:12::SCWPlatform:: Platform Path C:/HLS_Design/Microblaze_UART_Vitis/workspace/design_1_wrapper/hw/design_1_wrapper.xsa
TRACE::2022-06-20.18:27:12::SCWPlatform:: Unique name xilinx:::0.0
TRACE::2022-06-20.18:27:12::SCWPlatform::Do not have an existing db opened. 
TRACE::2022-06-20.18:27:12::SCWPlatform::Opened new HwDB with name design_1_wrapper_2
TRACE::2022-06-20.18:27:12::SCWWriter::formatted JSON is {
	"platformName":	"design_1_wrapper",
	"sprVersion":	"2.0",
	"mode":	"gui",
	"dsaType":	"Fixed",
	"platformDesc":	"design_1_wrapper",
	"platHandOff":	"C:/HLS_Design/Microblaze_UART_Vitis/design_1_wrapper.xsa",
	"platIntHandOff":	"<platformDir>/hw/design_1_wrapper.xsa",
	"deviceType":	"FPGA",
	"platIsPrebuiltAutogen":	"false",
	"platIsNoBootBsp":	"false",
	"hasFsblMakeHasChanges":	"false",
	"hasPmufwMakeHasChanges":	"false",
	"platPreBuiltFlag":	false,
	"platformSamplesDir":	""
}
TRACE::2022-06-20.18:27:12::SCWWriter::formatted JSON is {
	"platformName":	"design_1_wrapper",
	"sprVersion":	"2.0",
	"mode":	"gui",
	"dsaType":	"Fixed",
	"platformDesc":	"design_1_wrapper",
	"platHandOff":	"C:/HLS_Design/Microblaze_UART_Vitis/design_1_wrapper.xsa",
	"platIntHandOff":	"<platformDir>/hw/design_1_wrapper.xsa",
	"deviceType":	"FPGA",
	"platIsPrebuiltAutogen":	"false",
	"platIsNoBootBsp":	"false",
	"hasFsblMakeHasChanges":	"false",
	"hasPmufwMakeHasChanges":	"false",
	"platPreBuiltFlag":	false,
	"platformSamplesDir":	"",
	"platActiveSys":	"design_1_wrapper",
	"systems":	[{
			"systemName":	"design_1_wrapper",
			"systemDesc":	"design_1_wrapper",
			"sysIsBootAutoGen":	"true",
			"systemDispName":	"design_1_wrapper"
		}]
}
TRACE::2022-06-20.18:27:12::SCWPlatform::Boot application domains not present, creating them
TRACE::2022-06-20.18:27:12::SCWPlatform::Pure FPGA device, no boot application will be created.
TRACE::2022-06-20.18:27:12::SCWWriter::formatted JSON is {
	"platformName":	"design_1_wrapper",
	"sprVersion":	"2.0",
	"mode":	"gui",
	"dsaType":	"Fixed",
	"platformDesc":	"design_1_wrapper",
	"platHandOff":	"C:/HLS_Design/Microblaze_UART_Vitis/design_1_wrapper.xsa",
	"platIntHandOff":	"<platformDir>/hw/design_1_wrapper.xsa",
	"deviceType":	"FPGA",
	"platIsPrebuiltAutogen":	"false",
	"platIsNoBootBsp":	"false",
	"hasFsblMakeHasChanges":	"false",
	"hasPmufwMakeHasChanges":	"false",
	"platPreBuiltFlag":	false,
	"platformSamplesDir":	"",
	"platActiveSys":	"design_1_wrapper",
	"systems":	[{
			"systemName":	"design_1_wrapper",
			"systemDesc":	"design_1_wrapper",
			"sysIsBootAutoGen":	"true",
			"systemDispName":	"design_1_wrapper"
		}]
}
TRACE::2022-06-20.18:27:12::SCWWriter::formatted JSON is {
	"platformName":	"design_1_wrapper",
	"sprVersion":	"2.0",
	"mode":	"gui",
	"dsaType":	"Fixed",
	"platformDesc":	"design_1_wrapper",
	"platHandOff":	"C:/HLS_Design/Microblaze_UART_Vitis/design_1_wrapper.xsa",
	"platIntHandOff":	"<platformDir>/hw/design_1_wrapper.xsa",
	"deviceType":	"FPGA",
	"platIsPrebuiltAutogen":	"false",
	"platIsNoBootBsp":	"false",
	"hasFsblMakeHasChanges":	"false",
	"hasPmufwMakeHasChanges":	"false",
	"platPreBuiltFlag":	false,
	"platformSamplesDir":	"",
	"platActiveSys":	"design_1_wrapper",
	"systems":	[{
			"systemName":	"design_1_wrapper",
			"systemDesc":	"design_1_wrapper",
			"sysIsBootAutoGen":	"true",
			"systemDispName":	"design_1_wrapper"
		}]
}
TRACE::2022-06-20.18:27:12::SCWPlatform::Trying to open the hw design at C:/HLS_Design/Microblaze_UART_Vitis/workspace/design_1_wrapper/hw/design_1_wrapper.xsa
TRACE::2022-06-20.18:27:12::SCWPlatform::DSA given C:/HLS_Design/Microblaze_UART_Vitis/workspace/design_1_wrapper/hw/design_1_wrapper.xsa
TRACE::2022-06-20.18:27:12::SCWPlatform::DSA absoulate path C:/HLS_Design/Microblaze_UART_Vitis/workspace/design_1_wrapper/hw/design_1_wrapper.xsa
TRACE::2022-06-20.18:27:12::SCWPlatform::DSA directory C:/HLS_Design/Microblaze_UART_Vitis/workspace/design_1_wrapper/hw
TRACE::2022-06-20.18:27:12::SCWPlatform:: Platform Path C:/HLS_Design/Microblaze_UART_Vitis/workspace/design_1_wrapper/hw/design_1_wrapper.xsa
TRACE::2022-06-20.18:27:12::SCWPlatform:: Unique name xilinx:::0.0
TRACE::2022-06-20.18:27:12::SCWPlatform::Trying to set the existing hwdb with name design_1_wrapper_2
TRACE::2022-06-20.18:27:12::SCWPlatform::Opened existing hwdb design_1_wrapper_2
TRACE::2022-06-20.18:27:12::SCWPlatform::Found the Hw Db part of the input DSA
TRACE::2022-06-20.18:27:12::SCWPlatform::Trying to open the hw design at C:/HLS_Design/Microblaze_UART_Vitis/workspace/design_1_wrapper/hw/design_1_wrapper.xsa
TRACE::2022-06-20.18:27:12::SCWPlatform::DSA given C:/HLS_Design/Microblaze_UART_Vitis/workspace/design_1_wrapper/hw/design_1_wrapper.xsa
TRACE::2022-06-20.18:27:12::SCWPlatform::DSA absoulate path C:/HLS_Design/Microblaze_UART_Vitis/workspace/design_1_wrapper/hw/design_1_wrapper.xsa
TRACE::2022-06-20.18:27:12::SCWPlatform::DSA directory C:/HLS_Design/Microblaze_UART_Vitis/workspace/design_1_wrapper/hw
TRACE::2022-06-20.18:27:12::SCWPlatform:: Platform Path C:/HLS_Design/Microblaze_UART_Vitis/workspace/design_1_wrapper/hw/design_1_wrapper.xsa
TRACE::2022-06-20.18:27:12::SCWPlatform:: Unique name xilinx:::0.0
TRACE::2022-06-20.18:27:12::SCWPlatform::Trying to set the existing hwdb with name design_1_wrapper_2
TRACE::2022-06-20.18:27:12::SCWPlatform::Opened existing hwdb design_1_wrapper_2
TRACE::2022-06-20.18:27:12::SCWPlatform::Found the Hw Db part of the input DSA
TRACE::2022-06-20.18:27:12::SCWDomain::checking for install qemu data   : 
TRACE::2022-06-20.18:27:12::SCWPlatform::Trying to open the hw design at C:/HLS_Design/Microblaze_UART_Vitis/workspace/design_1_wrapper/hw/design_1_wrapper.xsa
TRACE::2022-06-20.18:27:12::SCWPlatform::DSA given C:/HLS_Design/Microblaze_UART_Vitis/workspace/design_1_wrapper/hw/design_1_wrapper.xsa
TRACE::2022-06-20.18:27:12::SCWPlatform::DSA absoulate path C:/HLS_Design/Microblaze_UART_Vitis/workspace/design_1_wrapper/hw/design_1_wrapper.xsa
TRACE::2022-06-20.18:27:12::SCWPlatform::DSA directory C:/HLS_Design/Microblaze_UART_Vitis/workspace/design_1_wrapper/hw
TRACE::2022-06-20.18:27:12::SCWPlatform:: Platform Path C:/HLS_Design/Microblaze_UART_Vitis/workspace/design_1_wrapper/hw/design_1_wrapper.xsa
TRACE::2022-06-20.18:27:12::SCWPlatform:: Unique name xilinx:::0.0
TRACE::2022-06-20.18:27:12::SCWPlatform::Trying to set the existing hwdb with name design_1_wrapper_2
TRACE::2022-06-20.18:27:12::SCWPlatform::Opened existing hwdb design_1_wrapper_2
TRACE::2022-06-20.18:27:12::SCWPlatform::Found the Hw Db part of the input DSA
TRACE::2022-06-20.18:27:12::SCWPlatform::Trying to open the hw design at C:/HLS_Design/Microblaze_UART_Vitis/workspace/design_1_wrapper/hw/design_1_wrapper.xsa
TRACE::2022-06-20.18:27:12::SCWPlatform::DSA given C:/HLS_Design/Microblaze_UART_Vitis/workspace/design_1_wrapper/hw/design_1_wrapper.xsa
TRACE::2022-06-20.18:27:12::SCWPlatform::DSA absoulate path C:/HLS_Design/Microblaze_UART_Vitis/workspace/design_1_wrapper/hw/design_1_wrapper.xsa
TRACE::2022-06-20.18:27:12::SCWPlatform::DSA directory C:/HLS_Design/Microblaze_UART_Vitis/workspace/design_1_wrapper/hw
TRACE::2022-06-20.18:27:12::SCWPlatform:: Platform Path C:/HLS_Design/Microblaze_UART_Vitis/workspace/design_1_wrapper/hw/design_1_wrapper.xsa
TRACE::2022-06-20.18:27:12::SCWPlatform:: Unique name xilinx:::0.0
TRACE::2022-06-20.18:27:12::SCWPlatform::Trying to set the existing hwdb with name design_1_wrapper_2
TRACE::2022-06-20.18:27:12::SCWPlatform::Opened existing hwdb design_1_wrapper_2
TRACE::2022-06-20.18:27:12::SCWPlatform::Found the Hw Db part of the input DSA
TRACE::2022-06-20.18:27:12::SCWPlatform::Trying to open the hw design at C:/HLS_Design/Microblaze_UART_Vitis/workspace/design_1_wrapper/hw/design_1_wrapper.xsa
TRACE::2022-06-20.18:27:12::SCWPlatform::DSA given C:/HLS_Design/Microblaze_UART_Vitis/workspace/design_1_wrapper/hw/design_1_wrapper.xsa
TRACE::2022-06-20.18:27:12::SCWPlatform::DSA absoulate path C:/HLS_Design/Microblaze_UART_Vitis/workspace/design_1_wrapper/hw/design_1_wrapper.xsa
TRACE::2022-06-20.18:27:12::SCWPlatform::DSA directory C:/HLS_Design/Microblaze_UART_Vitis/workspace/design_1_wrapper/hw
TRACE::2022-06-20.18:27:12::SCWPlatform:: Platform Path C:/HLS_Design/Microblaze_UART_Vitis/workspace/design_1_wrapper/hw/design_1_wrapper.xsa
TRACE::2022-06-20.18:27:12::SCWPlatform:: Unique name xilinx:::0.0
TRACE::2022-06-20.18:27:12::SCWPlatform::Trying to set the existing hwdb with name design_1_wrapper_2
TRACE::2022-06-20.18:27:12::SCWPlatform::Opened existing hwdb design_1_wrapper_2
TRACE::2022-06-20.18:27:12::SCWPlatform::Found the Hw Db part of the input DSA
TRACE::2022-06-20.18:27:12::SCWMssOS::Checking the sw design at  C:/HLS_Design/Microblaze_UART_Vitis/workspace/design_1_wrapper/microblaze_0/standalone_microblaze_0/bsp/system.mss
TRACE::2022-06-20.18:27:12::SCWMssOS::DEBUG:  swdes dump  
TRACE::2022-06-20.18:27:12::SCWMssOS::No sw design opened at  C:/HLS_Design/Microblaze_UART_Vitis/workspace/design_1_wrapper/microblaze_0/standalone_microblaze_0/bsp/system.mss
TRACE::2022-06-20.18:27:12::SCWMssOS::mss does not exists at C:/HLS_Design/Microblaze_UART_Vitis/workspace/design_1_wrapper/microblaze_0/standalone_microblaze_0/bsp/system.mss
TRACE::2022-06-20.18:27:12::SCWMssOS::Creating sw design at  C:/HLS_Design/Microblaze_UART_Vitis/workspace/design_1_wrapper/microblaze_0/standalone_microblaze_0/bsp/system.mss
TRACE::2022-06-20.18:27:12::SCWMssOS::Adding the swdes entry, created swdb C:/HLS_Design/Microblaze_UART_Vitis/workspace/design_1_wrapper/microblaze_0/standalone_microblaze_0/bsp/system.mss with des name C:/HLS_Design/Microblaze_UART_Vitis/workspace/design_1_wrapper/microblaze_0/standalone_microblaze_0/bsp/system.mss
TRACE::2022-06-20.18:27:12::SCWMssOS::updating the scw layer changes to swdes at   C:/HLS_Design/Microblaze_UART_Vitis/workspace/design_1_wrapper/microblaze_0/standalone_microblaze_0/bsp/system.mss
TRACE::2022-06-20.18:27:12::SCWMssOS::Writing mss at C:/HLS_Design/Microblaze_UART_Vitis/workspace/design_1_wrapper/microblaze_0/standalone_microblaze_0/bsp/system.mss
TRACE::2022-06-20.18:27:12::SCWMssOS::Completed writing the mss file at C:/HLS_Design/Microblaze_UART_Vitis/workspace/design_1_wrapper/microblaze_0/standalone_microblaze_0/bsp
TRACE::2022-06-20.18:27:12::SCWMssOS::Picking up changes from newly written mss file into SCW Layer. 
TRACE::2022-06-20.18:27:12::SCWMssOS::Updated the changes from newly written mss file into SCW Layer. 
TRACE::2022-06-20.18:27:12::SCWMssOS::Completed writing the mss file at C:/HLS_Design/Microblaze_UART_Vitis/workspace/design_1_wrapper/microblaze_0/standalone_microblaze_0/bsp
TRACE::2022-06-20.18:27:12::SCWMssOS::Forcing BSP Sources regeneration.
TRACE::2022-06-20.18:27:27::SCWMssOS::Saving the mss changes C:/HLS_Design/Microblaze_UART_Vitis/workspace/design_1_wrapper/microblaze_0/standalone_microblaze_0/bsp/system.mss
TRACE::2022-06-20.18:27:27::SCWMssOS::Adding the swdes entry, mss present, able to open swdb C:/HLS_Design/Microblaze_UART_Vitis/workspace/design_1_wrapper/microblaze_0/standalone_microblaze_0/bsp/system.mss with des name system
TRACE::2022-06-20.18:27:27::SCWMssOS::Writing the mss file completed C:/HLS_Design/Microblaze_UART_Vitis/workspace/design_1_wrapper/microblaze_0/standalone_microblaze_0/bsp/system.mss
TRACE::2022-06-20.18:27:27::SCWMssOS::Commit changes completed.
TRACE::2022-06-20.18:27:27::SCWPlatform::Trying to open the hw design at C:/HLS_Design/Microblaze_UART_Vitis/workspace/design_1_wrapper/hw/design_1_wrapper.xsa
TRACE::2022-06-20.18:27:27::SCWPlatform::DSA given C:/HLS_Design/Microblaze_UART_Vitis/workspace/design_1_wrapper/hw/design_1_wrapper.xsa
TRACE::2022-06-20.18:27:27::SCWPlatform::DSA absoulate path C:/HLS_Design/Microblaze_UART_Vitis/workspace/design_1_wrapper/hw/design_1_wrapper.xsa
TRACE::2022-06-20.18:27:27::SCWPlatform::DSA directory C:/HLS_Design/Microblaze_UART_Vitis/workspace/design_1_wrapper/hw
TRACE::2022-06-20.18:27:27::SCWPlatform:: Platform Path C:/HLS_Design/Microblaze_UART_Vitis/workspace/design_1_wrapper/hw/design_1_wrapper.xsa
TRACE::2022-06-20.18:27:27::SCWPlatform:: Unique name xilinx:::0.0
TRACE::2022-06-20.18:27:27::SCWPlatform::Trying to set the existing hwdb with name design_1_wrapper_2
TRACE::2022-06-20.18:27:27::SCWPlatform::Opened existing hwdb design_1_wrapper_2
TRACE::2022-06-20.18:27:27::SCWPlatform::Found the Hw Db part of the input DSA
TRACE::2022-06-20.18:27:27::SCWMssOS::Checking the sw design at  C:/HLS_Design/Microblaze_UART_Vitis/workspace/design_1_wrapper/microblaze_0/standalone_microblaze_0/bsp/system.mss
TRACE::2022-06-20.18:27:27::SCWMssOS::DEBUG:  swdes dump  C:/HLS_Design/Microblaze_UART_Vitis/workspace/design_1_wrapper/microblaze_0/standalone_microblaze_0/bsp/system.mss|system||

TRACE::2022-06-20.18:27:27::SCWMssOS::Sw design exists and opened at  C:/HLS_Design/Microblaze_UART_Vitis/workspace/design_1_wrapper/microblaze_0/standalone_microblaze_0/bsp/system.mss
TRACE::2022-06-20.18:27:27::SCWPlatform::Trying to open the hw design at C:/HLS_Design/Microblaze_UART_Vitis/workspace/design_1_wrapper/hw/design_1_wrapper.xsa
TRACE::2022-06-20.18:27:27::SCWPlatform::DSA given C:/HLS_Design/Microblaze_UART_Vitis/workspace/design_1_wrapper/hw/design_1_wrapper.xsa
TRACE::2022-06-20.18:27:27::SCWPlatform::DSA absoulate path C:/HLS_Design/Microblaze_UART_Vitis/workspace/design_1_wrapper/hw/design_1_wrapper.xsa
TRACE::2022-06-20.18:27:27::SCWPlatform::DSA directory C:/HLS_Design/Microblaze_UART_Vitis/workspace/design_1_wrapper/hw
TRACE::2022-06-20.18:27:27::SCWPlatform:: Platform Path C:/HLS_Design/Microblaze_UART_Vitis/workspace/design_1_wrapper/hw/design_1_wrapper.xsa
TRACE::2022-06-20.18:27:27::SCWPlatform:: Unique name xilinx:::0.0
TRACE::2022-06-20.18:27:27::SCWPlatform::Trying to set the existing hwdb with name design_1_wrapper_2
TRACE::2022-06-20.18:27:27::SCWPlatform::Opened existing hwdb design_1_wrapper_2
TRACE::2022-06-20.18:27:27::SCWPlatform::Found the Hw Db part of the input DSA
TRACE::2022-06-20.18:27:27::SCWMssOS::Checking the sw design at  C:/HLS_Design/Microblaze_UART_Vitis/workspace/design_1_wrapper/microblaze_0/standalone_microblaze_0/bsp/system.mss
TRACE::2022-06-20.18:27:27::SCWMssOS::DEBUG:  swdes dump  C:/HLS_Design/Microblaze_UART_Vitis/workspace/design_1_wrapper/microblaze_0/standalone_microblaze_0/bsp/system.mss|system||

TRACE::2022-06-20.18:27:27::SCWMssOS::Sw design exists and opened at  C:/HLS_Design/Microblaze_UART_Vitis/workspace/design_1_wrapper/microblaze_0/standalone_microblaze_0/bsp/system.mss
TRACE::2022-06-20.18:27:27::SCWPlatform::Trying to open the hw design at C:/HLS_Design/Microblaze_UART_Vitis/workspace/design_1_wrapper/hw/design_1_wrapper.xsa
TRACE::2022-06-20.18:27:27::SCWPlatform::DSA given C:/HLS_Design/Microblaze_UART_Vitis/workspace/design_1_wrapper/hw/design_1_wrapper.xsa
TRACE::2022-06-20.18:27:27::SCWPlatform::DSA absoulate path C:/HLS_Design/Microblaze_UART_Vitis/workspace/design_1_wrapper/hw/design_1_wrapper.xsa
TRACE::2022-06-20.18:27:27::SCWPlatform::DSA directory C:/HLS_Design/Microblaze_UART_Vitis/workspace/design_1_wrapper/hw
TRACE::2022-06-20.18:27:27::SCWPlatform:: Platform Path C:/HLS_Design/Microblaze_UART_Vitis/workspace/design_1_wrapper/hw/design_1_wrapper.xsa
TRACE::2022-06-20.18:27:27::SCWPlatform:: Unique name xilinx:::0.0
TRACE::2022-06-20.18:27:27::SCWPlatform::Trying to set the existing hwdb with name design_1_wrapper_2
TRACE::2022-06-20.18:27:27::SCWPlatform::Opened existing hwdb design_1_wrapper_2
TRACE::2022-06-20.18:27:27::SCWPlatform::Found the Hw Db part of the input DSA
TRACE::2022-06-20.18:27:27::SCWMssOS::Checking the sw design at  C:/HLS_Design/Microblaze_UART_Vitis/workspace/design_1_wrapper/microblaze_0/standalone_microblaze_0/bsp/system.mss
TRACE::2022-06-20.18:27:27::SCWMssOS::DEBUG:  swdes dump  C:/HLS_Design/Microblaze_UART_Vitis/workspace/design_1_wrapper/microblaze_0/standalone_microblaze_0/bsp/system.mss|system||

TRACE::2022-06-20.18:27:27::SCWMssOS::Sw design exists and opened at  C:/HLS_Design/Microblaze_UART_Vitis/workspace/design_1_wrapper/microblaze_0/standalone_microblaze_0/bsp/system.mss
TRACE::2022-06-20.18:27:27::SCWWriter::formatted JSON is {
	"platformName":	"design_1_wrapper",
	"sprVersion":	"2.0",
	"mode":	"gui",
	"dsaType":	"Fixed",
	"platformDesc":	"design_1_wrapper",
	"platHandOff":	"C:/HLS_Design/Microblaze_UART_Vitis/design_1_wrapper.xsa",
	"platIntHandOff":	"<platformDir>/hw/design_1_wrapper.xsa",
	"deviceType":	"FPGA",
	"platIsPrebuiltAutogen":	"false",
	"platIsNoBootBsp":	"false",
	"hasFsblMakeHasChanges":	"false",
	"hasPmufwMakeHasChanges":	"false",
	"platPreBuiltFlag":	false,
	"platformSamplesDir":	"",
	"platActiveSys":	"design_1_wrapper",
	"systems":	[{
			"systemName":	"design_1_wrapper",
			"systemDesc":	"design_1_wrapper",
			"sysIsBootAutoGen":	"true",
			"systemDispName":	"design_1_wrapper",
			"sysActiveDom":	"standalone_microblaze_0",
			"sysDefaultDom":	"standalone_microblaze_0",
			"domains":	[{
					"domainName":	"standalone_microblaze_0",
					"domainDispName":	"standalone_microblaze_0",
					"domainDesc":	"standalone_microblaze_0",
					"processors":	"microblaze_0",
					"os":	"standalone",
					"sdxOs":	"standalone",
					"debugEnable":	"False",
					"domRuntimes":	["cpp"],
					"swRepo":	"",
					"mssOsVer":	"7.7",
					"mssFile":	"",
					"md5Digest":	"f576dc56a3d90d59a36c707172ff2aa6",
					"compatibleApp":	"hello_world",
					"domType":	"mssDomain",
					"arch":	"32-bit",
					"appSettings":	{
						"appCompilerFlags":	"",
						"appLinkerFlags":	""
					},
					"addedLibs":	[],
					"libOptions":	{
						"libsContainingOptions":	[]
					},
					"prebuiltLibs":	{
						"prebuiltIncPath":	[],
						"prebuiltLibPath":	[]
					},
					"isolation":	{
					}
				}]
		}]
}
LOG::2022-06-20.18:27:27::SCWPlatform::Started generating the artifacts platform design_1_wrapper
TRACE::2022-06-20.18:27:27::SCWPlatform::Sanity checking of platform is completed
LOG::2022-06-20.18:27:27::SCWPlatform::Started generating the artifacts for system configuration design_1_wrapper
LOG::2022-06-20.18:27:27::SCWSystem::Checking the domain standalone_microblaze_0
LOG::2022-06-20.18:27:27::SCWSystem::Not a boot domain 
LOG::2022-06-20.18:27:27::SCWSystem::Started Processing the domain standalone_microblaze_0
TRACE::2022-06-20.18:27:27::SCWDomain::Generating domain artifcats
TRACE::2022-06-20.18:27:27::SCWMssOS::Generating standalone artifcats
TRACE::2022-06-20.18:27:27::SCWMssOS:: Copying the user libraries. 
TRACE::2022-06-20.18:27:27::SCWPlatform::Trying to open the hw design at C:/HLS_Design/Microblaze_UART_Vitis/workspace/design_1_wrapper/hw/design_1_wrapper.xsa
TRACE::2022-06-20.18:27:27::SCWPlatform::DSA given C:/HLS_Design/Microblaze_UART_Vitis/workspace/design_1_wrapper/hw/design_1_wrapper.xsa
TRACE::2022-06-20.18:27:27::SCWPlatform::DSA absoulate path C:/HLS_Design/Microblaze_UART_Vitis/workspace/design_1_wrapper/hw/design_1_wrapper.xsa
TRACE::2022-06-20.18:27:27::SCWPlatform::DSA directory C:/HLS_Design/Microblaze_UART_Vitis/workspace/design_1_wrapper/hw
TRACE::2022-06-20.18:27:27::SCWPlatform:: Platform Path C:/HLS_Design/Microblaze_UART_Vitis/workspace/design_1_wrapper/hw/design_1_wrapper.xsa
TRACE::2022-06-20.18:27:27::SCWPlatform:: Unique name xilinx:::0.0
TRACE::2022-06-20.18:27:27::SCWPlatform::Trying to set the existing hwdb with name design_1_wrapper_2
TRACE::2022-06-20.18:27:27::SCWPlatform::Opened existing hwdb design_1_wrapper_2
TRACE::2022-06-20.18:27:27::SCWPlatform::Found the Hw Db part of the input DSA
TRACE::2022-06-20.18:27:27::SCWMssOS::Checking the sw design at  C:/HLS_Design/Microblaze_UART_Vitis/workspace/design_1_wrapper/microblaze_0/standalone_microblaze_0/bsp/system.mss
TRACE::2022-06-20.18:27:27::SCWMssOS::DEBUG:  swdes dump  C:/HLS_Design/Microblaze_UART_Vitis/workspace/design_1_wrapper/microblaze_0/standalone_microblaze_0/bsp/system.mss|system||

TRACE::2022-06-20.18:27:27::SCWMssOS::Sw design exists and opened at  C:/HLS_Design/Microblaze_UART_Vitis/workspace/design_1_wrapper/microblaze_0/standalone_microblaze_0/bsp/system.mss
TRACE::2022-06-20.18:27:27::SCWMssOS::Completed writing the mss file at C:/HLS_Design/Microblaze_UART_Vitis/workspace/design_1_wrapper/microblaze_0/standalone_microblaze_0/bsp
TRACE::2022-06-20.18:27:27::SCWMssOS::Mss edits present, copying mssfile into export location C:/HLS_Design/Microblaze_UART_Vitis/workspace/design_1_wrapper/microblaze_0/standalone_microblaze_0/bsp/system.mss
TRACE::2022-06-20.18:27:28::SCWMssOS::bsp generated is upto date with the mss file. Skipping bsp generation.
TRACE::2022-06-20.18:27:28::SCWMssOS::BSP is already built. skipping the bsp build ... 
TRACE::2022-06-20.18:27:28::SCWDomain::Skipping the build for domain :  standalone_microblaze_0
TRACE::2022-06-20.18:27:28::SCWMssOS::skipping the bsp build ... 
TRACE::2022-06-20.18:27:28::SCWMssOS::Copying to export directory.
TRACE::2022-06-20.18:27:28::SCWMssOS:: Checking if to create the Supporting Applications
TRACE::2022-06-20.18:27:28::SCWMssOS:: No Linux domain exists, trying to generate FSBL 
LOG::2022-06-20.18:27:28::SCWSystem::Completed Processing the domain standalone_microblaze_0
LOG::2022-06-20.18:27:28::SCWSystem::Completed Processing the sysconfig design_1_wrapper
LOG::2022-06-20.18:27:28::SCWPlatform::Completed generating the artifacts for system configuration design_1_wrapper
TRACE::2022-06-20.18:27:28::SCWPlatform::Started preparing the platform 
TRACE::2022-06-20.18:27:28::SCWSystem::Writing the bif file for system config design_1_wrapper
TRACE::2022-06-20.18:27:28::SCWSystem::dir created 
TRACE::2022-06-20.18:27:28::SCWSystem::Writing the bif 
TRACE::2022-06-20.18:27:28::SCWPlatform::Started writing the spfm file 
TRACE::2022-06-20.18:27:28::SCWPlatform::Started writing the xpfm file 
TRACE::2022-06-20.18:27:28::SCWPlatform::Completed generating the platform
TRACE::2022-06-20.18:27:28::SCWMssOS::Saving the mss changes C:/HLS_Design/Microblaze_UART_Vitis/workspace/design_1_wrapper/microblaze_0/standalone_microblaze_0/bsp/system.mss
TRACE::2022-06-20.18:27:28::SCWMssOS::Found a swdesign opened with the mssfile.
TRACE::2022-06-20.18:27:28::SCWMssOS::Completed writemss as part of save.
TRACE::2022-06-20.18:27:28::SCWMssOS::Commit changes completed.
TRACE::2022-06-20.18:27:28::SCWPlatform::Trying to open the hw design at C:/HLS_Design/Microblaze_UART_Vitis/workspace/design_1_wrapper/hw/design_1_wrapper.xsa
TRACE::2022-06-20.18:27:28::SCWPlatform::DSA given C:/HLS_Design/Microblaze_UART_Vitis/workspace/design_1_wrapper/hw/design_1_wrapper.xsa
TRACE::2022-06-20.18:27:28::SCWPlatform::DSA absoulate path C:/HLS_Design/Microblaze_UART_Vitis/workspace/design_1_wrapper/hw/design_1_wrapper.xsa
TRACE::2022-06-20.18:27:28::SCWPlatform::DSA directory C:/HLS_Design/Microblaze_UART_Vitis/workspace/design_1_wrapper/hw
TRACE::2022-06-20.18:27:28::SCWPlatform:: Platform Path C:/HLS_Design/Microblaze_UART_Vitis/workspace/design_1_wrapper/hw/design_1_wrapper.xsa
TRACE::2022-06-20.18:27:28::SCWPlatform:: Unique name xilinx:::0.0
TRACE::2022-06-20.18:27:28::SCWPlatform::Trying to set the existing hwdb with name design_1_wrapper_2
TRACE::2022-06-20.18:27:28::SCWPlatform::Opened existing hwdb design_1_wrapper_2
TRACE::2022-06-20.18:27:28::SCWPlatform::Found the Hw Db part of the input DSA
TRACE::2022-06-20.18:27:28::SCWMssOS::Checking the sw design at  C:/HLS_Design/Microblaze_UART_Vitis/workspace/design_1_wrapper/microblaze_0/standalone_microblaze_0/bsp/system.mss
TRACE::2022-06-20.18:27:28::SCWMssOS::DEBUG:  swdes dump  C:/HLS_Design/Microblaze_UART_Vitis/workspace/design_1_wrapper/microblaze_0/standalone_microblaze_0/bsp/system.mss|system||

TRACE::2022-06-20.18:27:28::SCWMssOS::Sw design exists and opened at  C:/HLS_Design/Microblaze_UART_Vitis/workspace/design_1_wrapper/microblaze_0/standalone_microblaze_0/bsp/system.mss
TRACE::2022-06-20.18:27:28::SCWPlatform::Trying to open the hw design at C:/HLS_Design/Microblaze_UART_Vitis/workspace/design_1_wrapper/hw/design_1_wrapper.xsa
TRACE::2022-06-20.18:27:28::SCWPlatform::DSA given C:/HLS_Design/Microblaze_UART_Vitis/workspace/design_1_wrapper/hw/design_1_wrapper.xsa
TRACE::2022-06-20.18:27:28::SCWPlatform::DSA absoulate path C:/HLS_Design/Microblaze_UART_Vitis/workspace/design_1_wrapper/hw/design_1_wrapper.xsa
TRACE::2022-06-20.18:27:28::SCWPlatform::DSA directory C:/HLS_Design/Microblaze_UART_Vitis/workspace/design_1_wrapper/hw
TRACE::2022-06-20.18:27:28::SCWPlatform:: Platform Path C:/HLS_Design/Microblaze_UART_Vitis/workspace/design_1_wrapper/hw/design_1_wrapper.xsa
TRACE::2022-06-20.18:27:28::SCWPlatform:: Unique name xilinx:::0.0
TRACE::2022-06-20.18:27:28::SCWPlatform::Trying to set the existing hwdb with name design_1_wrapper_2
TRACE::2022-06-20.18:27:28::SCWPlatform::Opened existing hwdb design_1_wrapper_2
TRACE::2022-06-20.18:27:28::SCWPlatform::Found the Hw Db part of the input DSA
TRACE::2022-06-20.18:27:28::SCWMssOS::Checking the sw design at  C:/HLS_Design/Microblaze_UART_Vitis/workspace/design_1_wrapper/microblaze_0/standalone_microblaze_0/bsp/system.mss
TRACE::2022-06-20.18:27:28::SCWMssOS::DEBUG:  swdes dump  C:/HLS_Design/Microblaze_UART_Vitis/workspace/design_1_wrapper/microblaze_0/standalone_microblaze_0/bsp/system.mss|system||

TRACE::2022-06-20.18:27:28::SCWMssOS::Sw design exists and opened at  C:/HLS_Design/Microblaze_UART_Vitis/workspace/design_1_wrapper/microblaze_0/standalone_microblaze_0/bsp/system.mss
TRACE::2022-06-20.18:27:28::SCWPlatform::Trying to open the hw design at C:/HLS_Design/Microblaze_UART_Vitis/workspace/design_1_wrapper/hw/design_1_wrapper.xsa
TRACE::2022-06-20.18:27:28::SCWPlatform::DSA given C:/HLS_Design/Microblaze_UART_Vitis/workspace/design_1_wrapper/hw/design_1_wrapper.xsa
TRACE::2022-06-20.18:27:28::SCWPlatform::DSA absoulate path C:/HLS_Design/Microblaze_UART_Vitis/workspace/design_1_wrapper/hw/design_1_wrapper.xsa
TRACE::2022-06-20.18:27:28::SCWPlatform::DSA directory C:/HLS_Design/Microblaze_UART_Vitis/workspace/design_1_wrapper/hw
TRACE::2022-06-20.18:27:28::SCWPlatform:: Platform Path C:/HLS_Design/Microblaze_UART_Vitis/workspace/design_1_wrapper/hw/design_1_wrapper.xsa
TRACE::2022-06-20.18:27:28::SCWPlatform:: Unique name xilinx:::0.0
TRACE::2022-06-20.18:27:28::SCWPlatform::Trying to set the existing hwdb with name design_1_wrapper_2
TRACE::2022-06-20.18:27:28::SCWPlatform::Opened existing hwdb design_1_wrapper_2
TRACE::2022-06-20.18:27:28::SCWPlatform::Found the Hw Db part of the input DSA
TRACE::2022-06-20.18:27:28::SCWMssOS::Checking the sw design at  C:/HLS_Design/Microblaze_UART_Vitis/workspace/design_1_wrapper/microblaze_0/standalone_microblaze_0/bsp/system.mss
TRACE::2022-06-20.18:27:28::SCWMssOS::DEBUG:  swdes dump  C:/HLS_Design/Microblaze_UART_Vitis/workspace/design_1_wrapper/microblaze_0/standalone_microblaze_0/bsp/system.mss|system||

TRACE::2022-06-20.18:27:28::SCWMssOS::Sw design exists and opened at  C:/HLS_Design/Microblaze_UART_Vitis/workspace/design_1_wrapper/microblaze_0/standalone_microblaze_0/bsp/system.mss
TRACE::2022-06-20.18:27:28::SCWWriter::formatted JSON is {
	"platformName":	"design_1_wrapper",
	"sprVersion":	"2.0",
	"mode":	"gui",
	"dsaType":	"Fixed",
	"platformDesc":	"design_1_wrapper",
	"platHandOff":	"C:/HLS_Design/Microblaze_UART_Vitis/design_1_wrapper.xsa",
	"platIntHandOff":	"<platformDir>/hw/design_1_wrapper.xsa",
	"deviceType":	"FPGA",
	"platIsPrebuiltAutogen":	"false",
	"platIsNoBootBsp":	"false",
	"hasFsblMakeHasChanges":	"false",
	"hasPmufwMakeHasChanges":	"false",
	"platPreBuiltFlag":	false,
	"platformSamplesDir":	"",
	"platActiveSys":	"design_1_wrapper",
	"systems":	[{
			"systemName":	"design_1_wrapper",
			"systemDesc":	"design_1_wrapper",
			"sysIsBootAutoGen":	"true",
			"systemDispName":	"design_1_wrapper",
			"sysActiveDom":	"standalone_microblaze_0",
			"sysDefaultDom":	"standalone_microblaze_0",
			"domains":	[{
					"domainName":	"standalone_microblaze_0",
					"domainDispName":	"standalone_microblaze_0",
					"domainDesc":	"standalone_microblaze_0",
					"processors":	"microblaze_0",
					"os":	"standalone",
					"sdxOs":	"standalone",
					"debugEnable":	"False",
					"domRuntimes":	["cpp"],
					"swRepo":	"",
					"mssOsVer":	"7.7",
					"mssFile":	"",
					"md5Digest":	"f576dc56a3d90d59a36c707172ff2aa6",
					"compatibleApp":	"hello_world",
					"domType":	"mssDomain",
					"arch":	"32-bit",
					"appSettings":	{
						"appCompilerFlags":	"",
						"appLinkerFlags":	""
					},
					"addedLibs":	[],
					"libOptions":	{
						"libsContainingOptions":	[]
					},
					"prebuiltLibs":	{
						"prebuiltIncPath":	[],
						"prebuiltLibPath":	[]
					},
					"isolation":	{
					}
				}]
		}]
}
KEYINFO::2022-06-20.18:27:28::SCWPlatform::updated the xpfm file.
TRACE::2022-06-20.18:27:29::SCWPlatform::Trying to open the hw design at C:/HLS_Design/Microblaze_UART_Vitis/workspace/design_1_wrapper/hw/design_1_wrapper.xsa
TRACE::2022-06-20.18:27:29::SCWPlatform::DSA given C:/HLS_Design/Microblaze_UART_Vitis/workspace/design_1_wrapper/hw/design_1_wrapper.xsa
TRACE::2022-06-20.18:27:29::SCWPlatform::DSA absoulate path C:/HLS_Design/Microblaze_UART_Vitis/workspace/design_1_wrapper/hw/design_1_wrapper.xsa
TRACE::2022-06-20.18:27:29::SCWPlatform::DSA directory C:/HLS_Design/Microblaze_UART_Vitis/workspace/design_1_wrapper/hw
TRACE::2022-06-20.18:27:29::SCWPlatform:: Platform Path C:/HLS_Design/Microblaze_UART_Vitis/workspace/design_1_wrapper/hw/design_1_wrapper.xsa
TRACE::2022-06-20.18:27:29::SCWPlatform:: Unique name xilinx:::0.0
TRACE::2022-06-20.18:27:29::SCWPlatform::Trying to set the existing hwdb with name design_1_wrapper_2
TRACE::2022-06-20.18:27:29::SCWPlatform::Opened existing hwdb design_1_wrapper_2
TRACE::2022-06-20.18:27:29::SCWPlatform::Found the Hw Db part of the input DSA
TRACE::2022-06-20.18:27:29::SCWMssOS::Checking the sw design at  C:/HLS_Design/Microblaze_UART_Vitis/workspace/design_1_wrapper/microblaze_0/standalone_microblaze_0/bsp/system.mss
TRACE::2022-06-20.18:27:29::SCWMssOS::DEBUG:  swdes dump  C:/HLS_Design/Microblaze_UART_Vitis/workspace/design_1_wrapper/microblaze_0/standalone_microblaze_0/bsp/system.mss|system||

TRACE::2022-06-20.18:27:29::SCWMssOS::Sw design exists and opened at  C:/HLS_Design/Microblaze_UART_Vitis/workspace/design_1_wrapper/microblaze_0/standalone_microblaze_0/bsp/system.mss
TRACE::2022-06-20.18:27:29::SCWMssOS::Saving the mss changes C:/HLS_Design/Microblaze_UART_Vitis/workspace/design_1_wrapper/microblaze_0/standalone_microblaze_0/bsp/system.mss
TRACE::2022-06-20.18:27:29::SCWMssOS::Found a swdesign opened with the mssfile.
TRACE::2022-06-20.18:27:29::SCWMssOS::Completed writemss as part of save.
TRACE::2022-06-20.18:27:29::SCWMssOS::Commit changes completed.
TRACE::2022-06-20.18:27:29::SCWPlatform::Trying to open the hw design at C:/HLS_Design/Microblaze_UART_Vitis/workspace/design_1_wrapper/hw/design_1_wrapper.xsa
TRACE::2022-06-20.18:27:29::SCWPlatform::DSA given C:/HLS_Design/Microblaze_UART_Vitis/workspace/design_1_wrapper/hw/design_1_wrapper.xsa
TRACE::2022-06-20.18:27:29::SCWPlatform::DSA absoulate path C:/HLS_Design/Microblaze_UART_Vitis/workspace/design_1_wrapper/hw/design_1_wrapper.xsa
TRACE::2022-06-20.18:27:29::SCWPlatform::DSA directory C:/HLS_Design/Microblaze_UART_Vitis/workspace/design_1_wrapper/hw
TRACE::2022-06-20.18:27:29::SCWPlatform:: Platform Path C:/HLS_Design/Microblaze_UART_Vitis/workspace/design_1_wrapper/hw/design_1_wrapper.xsa
TRACE::2022-06-20.18:27:29::SCWPlatform:: Unique name xilinx:::0.0
TRACE::2022-06-20.18:27:29::SCWPlatform::Trying to set the existing hwdb with name design_1_wrapper_2
TRACE::2022-06-20.18:27:29::SCWPlatform::Opened existing hwdb design_1_wrapper_2
TRACE::2022-06-20.18:27:29::SCWPlatform::Found the Hw Db part of the input DSA
TRACE::2022-06-20.18:27:29::SCWMssOS::Checking the sw design at  C:/HLS_Design/Microblaze_UART_Vitis/workspace/design_1_wrapper/microblaze_0/standalone_microblaze_0/bsp/system.mss
TRACE::2022-06-20.18:27:29::SCWMssOS::DEBUG:  swdes dump  C:/HLS_Design/Microblaze_UART_Vitis/workspace/design_1_wrapper/microblaze_0/standalone_microblaze_0/bsp/system.mss|system||

TRACE::2022-06-20.18:27:29::SCWMssOS::Sw design exists and opened at  C:/HLS_Design/Microblaze_UART_Vitis/workspace/design_1_wrapper/microblaze_0/standalone_microblaze_0/bsp/system.mss
TRACE::2022-06-20.18:27:29::SCWPlatform::Trying to open the hw design at C:/HLS_Design/Microblaze_UART_Vitis/workspace/design_1_wrapper/hw/design_1_wrapper.xsa
TRACE::2022-06-20.18:27:29::SCWPlatform::DSA given C:/HLS_Design/Microblaze_UART_Vitis/workspace/design_1_wrapper/hw/design_1_wrapper.xsa
TRACE::2022-06-20.18:27:29::SCWPlatform::DSA absoulate path C:/HLS_Design/Microblaze_UART_Vitis/workspace/design_1_wrapper/hw/design_1_wrapper.xsa
TRACE::2022-06-20.18:27:29::SCWPlatform::DSA directory C:/HLS_Design/Microblaze_UART_Vitis/workspace/design_1_wrapper/hw
TRACE::2022-06-20.18:27:29::SCWPlatform:: Platform Path C:/HLS_Design/Microblaze_UART_Vitis/workspace/design_1_wrapper/hw/design_1_wrapper.xsa
TRACE::2022-06-20.18:27:29::SCWPlatform:: Unique name xilinx:::0.0
TRACE::2022-06-20.18:27:29::SCWPlatform::Trying to set the existing hwdb with name design_1_wrapper_2
TRACE::2022-06-20.18:27:29::SCWPlatform::Opened existing hwdb design_1_wrapper_2
TRACE::2022-06-20.18:27:29::SCWPlatform::Found the Hw Db part of the input DSA
TRACE::2022-06-20.18:27:29::SCWMssOS::Checking the sw design at  C:/HLS_Design/Microblaze_UART_Vitis/workspace/design_1_wrapper/microblaze_0/standalone_microblaze_0/bsp/system.mss
TRACE::2022-06-20.18:27:29::SCWMssOS::DEBUG:  swdes dump  C:/HLS_Design/Microblaze_UART_Vitis/workspace/design_1_wrapper/microblaze_0/standalone_microblaze_0/bsp/system.mss|system||

TRACE::2022-06-20.18:27:29::SCWMssOS::Sw design exists and opened at  C:/HLS_Design/Microblaze_UART_Vitis/workspace/design_1_wrapper/microblaze_0/standalone_microblaze_0/bsp/system.mss
TRACE::2022-06-20.18:27:29::SCWPlatform::Trying to open the hw design at C:/HLS_Design/Microblaze_UART_Vitis/workspace/design_1_wrapper/hw/design_1_wrapper.xsa
TRACE::2022-06-20.18:27:29::SCWPlatform::DSA given C:/HLS_Design/Microblaze_UART_Vitis/workspace/design_1_wrapper/hw/design_1_wrapper.xsa
TRACE::2022-06-20.18:27:29::SCWPlatform::DSA absoulate path C:/HLS_Design/Microblaze_UART_Vitis/workspace/design_1_wrapper/hw/design_1_wrapper.xsa
TRACE::2022-06-20.18:27:29::SCWPlatform::DSA directory C:/HLS_Design/Microblaze_UART_Vitis/workspace/design_1_wrapper/hw
TRACE::2022-06-20.18:27:29::SCWPlatform:: Platform Path C:/HLS_Design/Microblaze_UART_Vitis/workspace/design_1_wrapper/hw/design_1_wrapper.xsa
TRACE::2022-06-20.18:27:29::SCWPlatform:: Unique name xilinx:::0.0
TRACE::2022-06-20.18:27:29::SCWPlatform::Trying to set the existing hwdb with name design_1_wrapper_2
TRACE::2022-06-20.18:27:29::SCWPlatform::Opened existing hwdb design_1_wrapper_2
TRACE::2022-06-20.18:27:29::SCWPlatform::Found the Hw Db part of the input DSA
TRACE::2022-06-20.18:27:29::SCWMssOS::Checking the sw design at  C:/HLS_Design/Microblaze_UART_Vitis/workspace/design_1_wrapper/microblaze_0/standalone_microblaze_0/bsp/system.mss
TRACE::2022-06-20.18:27:29::SCWMssOS::DEBUG:  swdes dump  C:/HLS_Design/Microblaze_UART_Vitis/workspace/design_1_wrapper/microblaze_0/standalone_microblaze_0/bsp/system.mss|system||

TRACE::2022-06-20.18:27:29::SCWMssOS::Sw design exists and opened at  C:/HLS_Design/Microblaze_UART_Vitis/workspace/design_1_wrapper/microblaze_0/standalone_microblaze_0/bsp/system.mss
TRACE::2022-06-20.18:27:29::SCWWriter::formatted JSON is {
	"platformName":	"design_1_wrapper",
	"sprVersion":	"2.0",
	"mode":	"gui",
	"dsaType":	"Fixed",
	"platformDesc":	"design_1_wrapper",
	"platHandOff":	"C:/HLS_Design/Microblaze_UART_Vitis/design_1_wrapper.xsa",
	"platIntHandOff":	"<platformDir>/hw/design_1_wrapper.xsa",
	"deviceType":	"FPGA",
	"platIsPrebuiltAutogen":	"false",
	"platIsNoBootBsp":	"false",
	"hasFsblMakeHasChanges":	"false",
	"hasPmufwMakeHasChanges":	"false",
	"platPreBuiltFlag":	false,
	"platformSamplesDir":	"",
	"platActiveSys":	"design_1_wrapper",
	"systems":	[{
			"systemName":	"design_1_wrapper",
			"systemDesc":	"design_1_wrapper",
			"sysIsBootAutoGen":	"true",
			"systemDispName":	"design_1_wrapper",
			"sysActiveDom":	"standalone_microblaze_0",
			"sysDefaultDom":	"standalone_microblaze_0",
			"domains":	[{
					"domainName":	"standalone_microblaze_0",
					"domainDispName":	"standalone_microblaze_0",
					"domainDesc":	"standalone_microblaze_0",
					"processors":	"microblaze_0",
					"os":	"standalone",
					"sdxOs":	"standalone",
					"debugEnable":	"False",
					"domRuntimes":	["cpp"],
					"swRepo":	"",
					"mssOsVer":	"7.7",
					"mssFile":	"",
					"md5Digest":	"f576dc56a3d90d59a36c707172ff2aa6",
					"compatibleApp":	"hello_world",
					"domType":	"mssDomain",
					"arch":	"32-bit",
					"appSettings":	{
						"appCompilerFlags":	"",
						"appLinkerFlags":	""
					},
					"addedLibs":	[],
					"libOptions":	{
						"libsContainingOptions":	[]
					},
					"prebuiltLibs":	{
						"prebuiltIncPath":	[],
						"prebuiltLibPath":	[]
					},
					"isolation":	{
					}
				}]
		}]
}
TRACE::2022-06-20.18:27:29::SCWPlatform::Trying to open the hw design at C:/HLS_Design/Microblaze_UART_Vitis/workspace/design_1_wrapper/hw/design_1_wrapper.xsa
TRACE::2022-06-20.18:27:29::SCWPlatform::DSA given C:/HLS_Design/Microblaze_UART_Vitis/workspace/design_1_wrapper/hw/design_1_wrapper.xsa
TRACE::2022-06-20.18:27:29::SCWPlatform::DSA absoulate path C:/HLS_Design/Microblaze_UART_Vitis/workspace/design_1_wrapper/hw/design_1_wrapper.xsa
TRACE::2022-06-20.18:27:29::SCWPlatform::DSA directory C:/HLS_Design/Microblaze_UART_Vitis/workspace/design_1_wrapper/hw
TRACE::2022-06-20.18:27:29::SCWPlatform:: Platform Path C:/HLS_Design/Microblaze_UART_Vitis/workspace/design_1_wrapper/hw/design_1_wrapper.xsa
TRACE::2022-06-20.18:27:29::SCWPlatform:: Unique name xilinx:::0.0
TRACE::2022-06-20.18:27:29::SCWPlatform::Trying to set the existing hwdb with name design_1_wrapper_2
TRACE::2022-06-20.18:27:29::SCWPlatform::Opened existing hwdb design_1_wrapper_2
TRACE::2022-06-20.18:27:29::SCWPlatform::Found the Hw Db part of the input DSA
TRACE::2022-06-20.18:27:29::SCWMssOS::Checking the sw design at  C:/HLS_Design/Microblaze_UART_Vitis/workspace/design_1_wrapper/microblaze_0/standalone_microblaze_0/bsp/system.mss
TRACE::2022-06-20.18:27:29::SCWMssOS::DEBUG:  swdes dump  C:/HLS_Design/Microblaze_UART_Vitis/workspace/design_1_wrapper/microblaze_0/standalone_microblaze_0/bsp/system.mss|system||

TRACE::2022-06-20.18:27:29::SCWMssOS::Sw design exists and opened at  C:/HLS_Design/Microblaze_UART_Vitis/workspace/design_1_wrapper/microblaze_0/standalone_microblaze_0/bsp/system.mss
TRACE::2022-06-20.18:27:29::SCWPlatform::Trying to open the hw design at C:/HLS_Design/Microblaze_UART_Vitis/workspace/design_1_wrapper/hw/design_1_wrapper.xsa
TRACE::2022-06-20.18:27:29::SCWPlatform::DSA given C:/HLS_Design/Microblaze_UART_Vitis/workspace/design_1_wrapper/hw/design_1_wrapper.xsa
TRACE::2022-06-20.18:27:29::SCWPlatform::DSA absoulate path C:/HLS_Design/Microblaze_UART_Vitis/workspace/design_1_wrapper/hw/design_1_wrapper.xsa
TRACE::2022-06-20.18:27:29::SCWPlatform::DSA directory C:/HLS_Design/Microblaze_UART_Vitis/workspace/design_1_wrapper/hw
TRACE::2022-06-20.18:27:29::SCWPlatform:: Platform Path C:/HLS_Design/Microblaze_UART_Vitis/workspace/design_1_wrapper/hw/design_1_wrapper.xsa
TRACE::2022-06-20.18:27:29::SCWPlatform:: Unique name xilinx:::0.0
TRACE::2022-06-20.18:27:29::SCWPlatform::Trying to set the existing hwdb with name design_1_wrapper_2
TRACE::2022-06-20.18:27:29::SCWPlatform::Opened existing hwdb design_1_wrapper_2
TRACE::2022-06-20.18:27:29::SCWPlatform::Found the Hw Db part of the input DSA
TRACE::2022-06-20.18:27:29::SCWMssOS::Checking the sw design at  C:/HLS_Design/Microblaze_UART_Vitis/workspace/design_1_wrapper/microblaze_0/standalone_microblaze_0/bsp/system.mss
TRACE::2022-06-20.18:27:29::SCWMssOS::DEBUG:  swdes dump  C:/HLS_Design/Microblaze_UART_Vitis/workspace/design_1_wrapper/microblaze_0/standalone_microblaze_0/bsp/system.mss|system||

TRACE::2022-06-20.18:27:29::SCWMssOS::Sw design exists and opened at  C:/HLS_Design/Microblaze_UART_Vitis/workspace/design_1_wrapper/microblaze_0/standalone_microblaze_0/bsp/system.mss
TRACE::2022-06-20.18:27:29::SCWMssOS::Saving the mss changes C:/HLS_Design/Microblaze_UART_Vitis/workspace/design_1_wrapper/microblaze_0/standalone_microblaze_0/bsp/system.mss
TRACE::2022-06-20.18:27:29::SCWMssOS::Found a swdesign opened with the mssfile.
TRACE::2022-06-20.18:27:29::SCWMssOS::Completed writemss as part of save.
TRACE::2022-06-20.18:27:29::SCWMssOS::Commit changes completed.
TRACE::2022-06-20.18:27:29::SCWPlatform::Trying to open the hw design at C:/HLS_Design/Microblaze_UART_Vitis/workspace/design_1_wrapper/hw/design_1_wrapper.xsa
TRACE::2022-06-20.18:27:29::SCWPlatform::DSA given C:/HLS_Design/Microblaze_UART_Vitis/workspace/design_1_wrapper/hw/design_1_wrapper.xsa
TRACE::2022-06-20.18:27:29::SCWPlatform::DSA absoulate path C:/HLS_Design/Microblaze_UART_Vitis/workspace/design_1_wrapper/hw/design_1_wrapper.xsa
TRACE::2022-06-20.18:27:29::SCWPlatform::DSA directory C:/HLS_Design/Microblaze_UART_Vitis/workspace/design_1_wrapper/hw
TRACE::2022-06-20.18:27:29::SCWPlatform:: Platform Path C:/HLS_Design/Microblaze_UART_Vitis/workspace/design_1_wrapper/hw/design_1_wrapper.xsa
TRACE::2022-06-20.18:27:29::SCWPlatform:: Unique name xilinx:::0.0
TRACE::2022-06-20.18:27:29::SCWPlatform::Trying to set the existing hwdb with name design_1_wrapper_2
TRACE::2022-06-20.18:27:29::SCWPlatform::Opened existing hwdb design_1_wrapper_2
TRACE::2022-06-20.18:27:29::SCWPlatform::Found the Hw Db part of the input DSA
TRACE::2022-06-20.18:27:29::SCWMssOS::Checking the sw design at  C:/HLS_Design/Microblaze_UART_Vitis/workspace/design_1_wrapper/microblaze_0/standalone_microblaze_0/bsp/system.mss
TRACE::2022-06-20.18:27:29::SCWMssOS::DEBUG:  swdes dump  C:/HLS_Design/Microblaze_UART_Vitis/workspace/design_1_wrapper/microblaze_0/standalone_microblaze_0/bsp/system.mss|system||

TRACE::2022-06-20.18:27:29::SCWMssOS::Sw design exists and opened at  C:/HLS_Design/Microblaze_UART_Vitis/workspace/design_1_wrapper/microblaze_0/standalone_microblaze_0/bsp/system.mss
TRACE::2022-06-20.18:27:29::SCWPlatform::Trying to open the hw design at C:/HLS_Design/Microblaze_UART_Vitis/workspace/design_1_wrapper/hw/design_1_wrapper.xsa
TRACE::2022-06-20.18:27:29::SCWPlatform::DSA given C:/HLS_Design/Microblaze_UART_Vitis/workspace/design_1_wrapper/hw/design_1_wrapper.xsa
TRACE::2022-06-20.18:27:29::SCWPlatform::DSA absoulate path C:/HLS_Design/Microblaze_UART_Vitis/workspace/design_1_wrapper/hw/design_1_wrapper.xsa
TRACE::2022-06-20.18:27:29::SCWPlatform::DSA directory C:/HLS_Design/Microblaze_UART_Vitis/workspace/design_1_wrapper/hw
TRACE::2022-06-20.18:27:29::SCWPlatform:: Platform Path C:/HLS_Design/Microblaze_UART_Vitis/workspace/design_1_wrapper/hw/design_1_wrapper.xsa
TRACE::2022-06-20.18:27:29::SCWPlatform:: Unique name xilinx:::0.0
TRACE::2022-06-20.18:27:29::SCWPlatform::Trying to set the existing hwdb with name design_1_wrapper_2
TRACE::2022-06-20.18:27:29::SCWPlatform::Opened existing hwdb design_1_wrapper_2
TRACE::2022-06-20.18:27:29::SCWPlatform::Found the Hw Db part of the input DSA
TRACE::2022-06-20.18:27:29::SCWMssOS::Checking the sw design at  C:/HLS_Design/Microblaze_UART_Vitis/workspace/design_1_wrapper/microblaze_0/standalone_microblaze_0/bsp/system.mss
TRACE::2022-06-20.18:27:29::SCWMssOS::DEBUG:  swdes dump  C:/HLS_Design/Microblaze_UART_Vitis/workspace/design_1_wrapper/microblaze_0/standalone_microblaze_0/bsp/system.mss|system||

TRACE::2022-06-20.18:27:29::SCWMssOS::Sw design exists and opened at  C:/HLS_Design/Microblaze_UART_Vitis/workspace/design_1_wrapper/microblaze_0/standalone_microblaze_0/bsp/system.mss
TRACE::2022-06-20.18:27:29::SCWPlatform::Trying to open the hw design at C:/HLS_Design/Microblaze_UART_Vitis/workspace/design_1_wrapper/hw/design_1_wrapper.xsa
TRACE::2022-06-20.18:27:29::SCWPlatform::DSA given C:/HLS_Design/Microblaze_UART_Vitis/workspace/design_1_wrapper/hw/design_1_wrapper.xsa
TRACE::2022-06-20.18:27:29::SCWPlatform::DSA absoulate path C:/HLS_Design/Microblaze_UART_Vitis/workspace/design_1_wrapper/hw/design_1_wrapper.xsa
TRACE::2022-06-20.18:27:29::SCWPlatform::DSA directory C:/HLS_Design/Microblaze_UART_Vitis/workspace/design_1_wrapper/hw
TRACE::2022-06-20.18:27:29::SCWPlatform:: Platform Path C:/HLS_Design/Microblaze_UART_Vitis/workspace/design_1_wrapper/hw/design_1_wrapper.xsa
TRACE::2022-06-20.18:27:29::SCWPlatform:: Unique name xilinx:::0.0
TRACE::2022-06-20.18:27:29::SCWPlatform::Trying to set the existing hwdb with name design_1_wrapper_2
TRACE::2022-06-20.18:27:29::SCWPlatform::Opened existing hwdb design_1_wrapper_2
TRACE::2022-06-20.18:27:29::SCWPlatform::Found the Hw Db part of the input DSA
TRACE::2022-06-20.18:27:29::SCWMssOS::Checking the sw design at  C:/HLS_Design/Microblaze_UART_Vitis/workspace/design_1_wrapper/microblaze_0/standalone_microblaze_0/bsp/system.mss
TRACE::2022-06-20.18:27:29::SCWMssOS::DEBUG:  swdes dump  C:/HLS_Design/Microblaze_UART_Vitis/workspace/design_1_wrapper/microblaze_0/standalone_microblaze_0/bsp/system.mss|system||

TRACE::2022-06-20.18:27:29::SCWMssOS::Sw design exists and opened at  C:/HLS_Design/Microblaze_UART_Vitis/workspace/design_1_wrapper/microblaze_0/standalone_microblaze_0/bsp/system.mss
TRACE::2022-06-20.18:27:29::SCWWriter::formatted JSON is {
	"platformName":	"design_1_wrapper",
	"sprVersion":	"2.0",
	"mode":	"gui",
	"dsaType":	"Fixed",
	"platformDesc":	"design_1_wrapper",
	"platHandOff":	"C:/HLS_Design/Microblaze_UART_Vitis/design_1_wrapper.xsa",
	"platIntHandOff":	"<platformDir>/hw/design_1_wrapper.xsa",
	"deviceType":	"FPGA",
	"platIsPrebuiltAutogen":	"false",
	"platIsNoBootBsp":	"false",
	"hasFsblMakeHasChanges":	"false",
	"hasPmufwMakeHasChanges":	"false",
	"platPreBuiltFlag":	false,
	"platformSamplesDir":	"",
	"platActiveSys":	"design_1_wrapper",
	"systems":	[{
			"systemName":	"design_1_wrapper",
			"systemDesc":	"design_1_wrapper",
			"sysIsBootAutoGen":	"true",
			"systemDispName":	"design_1_wrapper",
			"sysActiveDom":	"standalone_microblaze_0",
			"sysDefaultDom":	"standalone_microblaze_0",
			"domains":	[{
					"domainName":	"standalone_microblaze_0",
					"domainDispName":	"standalone_microblaze_0",
					"domainDesc":	"standalone_microblaze_0",
					"processors":	"microblaze_0",
					"os":	"standalone",
					"sdxOs":	"standalone",
					"debugEnable":	"False",
					"domRuntimes":	["cpp"],
					"swRepo":	"",
					"mssOsVer":	"7.7",
					"mssFile":	"",
					"md5Digest":	"f576dc56a3d90d59a36c707172ff2aa6",
					"compatibleApp":	"hello_world",
					"domType":	"mssDomain",
					"arch":	"32-bit",
					"appSettings":	{
						"appCompilerFlags":	"",
						"appLinkerFlags":	""
					},
					"addedLibs":	[],
					"libOptions":	{
						"libsContainingOptions":	[]
					},
					"prebuiltLibs":	{
						"prebuiltIncPath":	[],
						"prebuiltLibPath":	[]
					},
					"isolation":	{
					}
				}]
		}]
}
LOG::2022-06-20.18:27:29::SCWPlatform::Started generating the artifacts platform design_1_wrapper
TRACE::2022-06-20.18:27:29::SCWPlatform::Sanity checking of platform is completed
LOG::2022-06-20.18:27:29::SCWPlatform::Started generating the artifacts for system configuration design_1_wrapper
LOG::2022-06-20.18:27:29::SCWSystem::Started Processing the domain standalone_microblaze_0
TRACE::2022-06-20.18:27:29::SCWDomain::Generating domain artifcats
TRACE::2022-06-20.18:27:29::SCWMssOS::Generating standalone artifcats
TRACE::2022-06-20.18:27:29::SCWMssOS:: Copying the user libraries. 
TRACE::2022-06-20.18:27:29::SCWPlatform::Trying to open the hw design at C:/HLS_Design/Microblaze_UART_Vitis/workspace/design_1_wrapper/hw/design_1_wrapper.xsa
TRACE::2022-06-20.18:27:29::SCWPlatform::DSA given C:/HLS_Design/Microblaze_UART_Vitis/workspace/design_1_wrapper/hw/design_1_wrapper.xsa
TRACE::2022-06-20.18:27:29::SCWPlatform::DSA absoulate path C:/HLS_Design/Microblaze_UART_Vitis/workspace/design_1_wrapper/hw/design_1_wrapper.xsa
TRACE::2022-06-20.18:27:29::SCWPlatform::DSA directory C:/HLS_Design/Microblaze_UART_Vitis/workspace/design_1_wrapper/hw
TRACE::2022-06-20.18:27:29::SCWPlatform:: Platform Path C:/HLS_Design/Microblaze_UART_Vitis/workspace/design_1_wrapper/hw/design_1_wrapper.xsa
TRACE::2022-06-20.18:27:29::SCWPlatform:: Unique name xilinx:::0.0
TRACE::2022-06-20.18:27:29::SCWPlatform::Trying to set the existing hwdb with name design_1_wrapper_2
TRACE::2022-06-20.18:27:29::SCWPlatform::Opened existing hwdb design_1_wrapper_2
TRACE::2022-06-20.18:27:29::SCWPlatform::Found the Hw Db part of the input DSA
TRACE::2022-06-20.18:27:29::SCWMssOS::Checking the sw design at  C:/HLS_Design/Microblaze_UART_Vitis/workspace/design_1_wrapper/microblaze_0/standalone_microblaze_0/bsp/system.mss
TRACE::2022-06-20.18:27:29::SCWMssOS::DEBUG:  swdes dump  C:/HLS_Design/Microblaze_UART_Vitis/workspace/design_1_wrapper/microblaze_0/standalone_microblaze_0/bsp/system.mss|system||

TRACE::2022-06-20.18:27:29::SCWMssOS::Sw design exists and opened at  C:/HLS_Design/Microblaze_UART_Vitis/workspace/design_1_wrapper/microblaze_0/standalone_microblaze_0/bsp/system.mss
TRACE::2022-06-20.18:27:29::SCWMssOS::Completed writing the mss file at C:/HLS_Design/Microblaze_UART_Vitis/workspace/design_1_wrapper/microblaze_0/standalone_microblaze_0/bsp
TRACE::2022-06-20.18:27:29::SCWMssOS::Mss edits present, copying mssfile into export location C:/HLS_Design/Microblaze_UART_Vitis/workspace/design_1_wrapper/microblaze_0/standalone_microblaze_0/bsp/system.mss
TRACE::2022-06-20.18:27:29::SCWMssOS::bsp generated is upto date with the mss file. Skipping bsp generation.
TRACE::2022-06-20.18:27:29::SCWMssOS::BSP is already built. skipping the bsp build ... 
TRACE::2022-06-20.18:27:29::SCWDomain::Building the domain as part of full build :  standalone_microblaze_0
TRACE::2022-06-20.18:27:29::SCWMssOS::skipping the bsp build ... 
TRACE::2022-06-20.18:27:29::SCWMssOS::Copying to export directory.
TRACE::2022-06-20.18:27:29::SCWMssOS:: Checking if to create the Supporting Applications
TRACE::2022-06-20.18:27:29::SCWMssOS:: No Linux domain exists, trying to generate FSBL 
LOG::2022-06-20.18:27:29::SCWSystem::Completed Processing the domain standalone_microblaze_0
LOG::2022-06-20.18:27:29::SCWSystem::Completed Processing the sysconfig design_1_wrapper
LOG::2022-06-20.18:27:29::SCWPlatform::Completed generating the artifacts for system configuration design_1_wrapper
TRACE::2022-06-20.18:27:29::SCWPlatform::Started preparing the platform 
TRACE::2022-06-20.18:27:29::SCWSystem::Writing the bif file for system config design_1_wrapper
TRACE::2022-06-20.18:27:29::SCWSystem::dir created 
TRACE::2022-06-20.18:27:29::SCWSystem::Writing the bif 
TRACE::2022-06-20.18:27:29::SCWPlatform::Started writing the spfm file 
TRACE::2022-06-20.18:27:29::SCWPlatform::Started writing the xpfm file 
TRACE::2022-06-20.18:27:29::SCWPlatform::Completed generating the platform
TRACE::2022-06-20.18:27:29::SCWMssOS::Saving the mss changes C:/HLS_Design/Microblaze_UART_Vitis/workspace/design_1_wrapper/microblaze_0/standalone_microblaze_0/bsp/system.mss
TRACE::2022-06-20.18:27:29::SCWMssOS::Found a swdesign opened with the mssfile.
TRACE::2022-06-20.18:27:29::SCWMssOS::Completed writemss as part of save.
TRACE::2022-06-20.18:27:29::SCWMssOS::Commit changes completed.
TRACE::2022-06-20.18:27:29::SCWPlatform::Trying to open the hw design at C:/HLS_Design/Microblaze_UART_Vitis/workspace/design_1_wrapper/hw/design_1_wrapper.xsa
TRACE::2022-06-20.18:27:29::SCWPlatform::DSA given C:/HLS_Design/Microblaze_UART_Vitis/workspace/design_1_wrapper/hw/design_1_wrapper.xsa
TRACE::2022-06-20.18:27:29::SCWPlatform::DSA absoulate path C:/HLS_Design/Microblaze_UART_Vitis/workspace/design_1_wrapper/hw/design_1_wrapper.xsa
TRACE::2022-06-20.18:27:29::SCWPlatform::DSA directory C:/HLS_Design/Microblaze_UART_Vitis/workspace/design_1_wrapper/hw
TRACE::2022-06-20.18:27:29::SCWPlatform:: Platform Path C:/HLS_Design/Microblaze_UART_Vitis/workspace/design_1_wrapper/hw/design_1_wrapper.xsa
TRACE::2022-06-20.18:27:29::SCWPlatform:: Unique name xilinx:::0.0
TRACE::2022-06-20.18:27:29::SCWPlatform::Trying to set the existing hwdb with name design_1_wrapper_2
TRACE::2022-06-20.18:27:29::SCWPlatform::Opened existing hwdb design_1_wrapper_2
TRACE::2022-06-20.18:27:29::SCWPlatform::Found the Hw Db part of the input DSA
TRACE::2022-06-20.18:27:29::SCWMssOS::Checking the sw design at  C:/HLS_Design/Microblaze_UART_Vitis/workspace/design_1_wrapper/microblaze_0/standalone_microblaze_0/bsp/system.mss
TRACE::2022-06-20.18:27:29::SCWMssOS::DEBUG:  swdes dump  C:/HLS_Design/Microblaze_UART_Vitis/workspace/design_1_wrapper/microblaze_0/standalone_microblaze_0/bsp/system.mss|system||

TRACE::2022-06-20.18:27:29::SCWMssOS::Sw design exists and opened at  C:/HLS_Design/Microblaze_UART_Vitis/workspace/design_1_wrapper/microblaze_0/standalone_microblaze_0/bsp/system.mss
TRACE::2022-06-20.18:27:29::SCWPlatform::Trying to open the hw design at C:/HLS_Design/Microblaze_UART_Vitis/workspace/design_1_wrapper/hw/design_1_wrapper.xsa
TRACE::2022-06-20.18:27:29::SCWPlatform::DSA given C:/HLS_Design/Microblaze_UART_Vitis/workspace/design_1_wrapper/hw/design_1_wrapper.xsa
TRACE::2022-06-20.18:27:29::SCWPlatform::DSA absoulate path C:/HLS_Design/Microblaze_UART_Vitis/workspace/design_1_wrapper/hw/design_1_wrapper.xsa
TRACE::2022-06-20.18:27:29::SCWPlatform::DSA directory C:/HLS_Design/Microblaze_UART_Vitis/workspace/design_1_wrapper/hw
TRACE::2022-06-20.18:27:29::SCWPlatform:: Platform Path C:/HLS_Design/Microblaze_UART_Vitis/workspace/design_1_wrapper/hw/design_1_wrapper.xsa
TRACE::2022-06-20.18:27:29::SCWPlatform:: Unique name xilinx:::0.0
TRACE::2022-06-20.18:27:29::SCWPlatform::Trying to set the existing hwdb with name design_1_wrapper_2
TRACE::2022-06-20.18:27:29::SCWPlatform::Opened existing hwdb design_1_wrapper_2
TRACE::2022-06-20.18:27:29::SCWPlatform::Found the Hw Db part of the input DSA
TRACE::2022-06-20.18:27:29::SCWMssOS::Checking the sw design at  C:/HLS_Design/Microblaze_UART_Vitis/workspace/design_1_wrapper/microblaze_0/standalone_microblaze_0/bsp/system.mss
TRACE::2022-06-20.18:27:29::SCWMssOS::DEBUG:  swdes dump  C:/HLS_Design/Microblaze_UART_Vitis/workspace/design_1_wrapper/microblaze_0/standalone_microblaze_0/bsp/system.mss|system||

TRACE::2022-06-20.18:27:29::SCWMssOS::Sw design exists and opened at  C:/HLS_Design/Microblaze_UART_Vitis/workspace/design_1_wrapper/microblaze_0/standalone_microblaze_0/bsp/system.mss
TRACE::2022-06-20.18:27:29::SCWPlatform::Trying to open the hw design at C:/HLS_Design/Microblaze_UART_Vitis/workspace/design_1_wrapper/hw/design_1_wrapper.xsa
TRACE::2022-06-20.18:27:29::SCWPlatform::DSA given C:/HLS_Design/Microblaze_UART_Vitis/workspace/design_1_wrapper/hw/design_1_wrapper.xsa
TRACE::2022-06-20.18:27:29::SCWPlatform::DSA absoulate path C:/HLS_Design/Microblaze_UART_Vitis/workspace/design_1_wrapper/hw/design_1_wrapper.xsa
TRACE::2022-06-20.18:27:29::SCWPlatform::DSA directory C:/HLS_Design/Microblaze_UART_Vitis/workspace/design_1_wrapper/hw
TRACE::2022-06-20.18:27:29::SCWPlatform:: Platform Path C:/HLS_Design/Microblaze_UART_Vitis/workspace/design_1_wrapper/hw/design_1_wrapper.xsa
TRACE::2022-06-20.18:27:29::SCWPlatform:: Unique name xilinx:::0.0
TRACE::2022-06-20.18:27:29::SCWPlatform::Trying to set the existing hwdb with name design_1_wrapper_2
TRACE::2022-06-20.18:27:29::SCWPlatform::Opened existing hwdb design_1_wrapper_2
TRACE::2022-06-20.18:27:29::SCWPlatform::Found the Hw Db part of the input DSA
TRACE::2022-06-20.18:27:29::SCWMssOS::Checking the sw design at  C:/HLS_Design/Microblaze_UART_Vitis/workspace/design_1_wrapper/microblaze_0/standalone_microblaze_0/bsp/system.mss
TRACE::2022-06-20.18:27:29::SCWMssOS::DEBUG:  swdes dump  C:/HLS_Design/Microblaze_UART_Vitis/workspace/design_1_wrapper/microblaze_0/standalone_microblaze_0/bsp/system.mss|system||

TRACE::2022-06-20.18:27:29::SCWMssOS::Sw design exists and opened at  C:/HLS_Design/Microblaze_UART_Vitis/workspace/design_1_wrapper/microblaze_0/standalone_microblaze_0/bsp/system.mss
TRACE::2022-06-20.18:27:29::SCWWriter::formatted JSON is {
	"platformName":	"design_1_wrapper",
	"sprVersion":	"2.0",
	"mode":	"gui",
	"dsaType":	"Fixed",
	"platformDesc":	"design_1_wrapper",
	"platHandOff":	"C:/HLS_Design/Microblaze_UART_Vitis/design_1_wrapper.xsa",
	"platIntHandOff":	"<platformDir>/hw/design_1_wrapper.xsa",
	"deviceType":	"FPGA",
	"platIsPrebuiltAutogen":	"false",
	"platIsNoBootBsp":	"false",
	"hasFsblMakeHasChanges":	"false",
	"hasPmufwMakeHasChanges":	"false",
	"platPreBuiltFlag":	false,
	"platformSamplesDir":	"",
	"platActiveSys":	"design_1_wrapper",
	"systems":	[{
			"systemName":	"design_1_wrapper",
			"systemDesc":	"design_1_wrapper",
			"sysIsBootAutoGen":	"true",
			"systemDispName":	"design_1_wrapper",
			"sysActiveDom":	"standalone_microblaze_0",
			"sysDefaultDom":	"standalone_microblaze_0",
			"domains":	[{
					"domainName":	"standalone_microblaze_0",
					"domainDispName":	"standalone_microblaze_0",
					"domainDesc":	"standalone_microblaze_0",
					"processors":	"microblaze_0",
					"os":	"standalone",
					"sdxOs":	"standalone",
					"debugEnable":	"False",
					"domRuntimes":	["cpp"],
					"swRepo":	"",
					"mssOsVer":	"7.7",
					"mssFile":	"",
					"md5Digest":	"f576dc56a3d90d59a36c707172ff2aa6",
					"compatibleApp":	"hello_world",
					"domType":	"mssDomain",
					"arch":	"32-bit",
					"appSettings":	{
						"appCompilerFlags":	"",
						"appLinkerFlags":	""
					},
					"addedLibs":	[],
					"libOptions":	{
						"libsContainingOptions":	[]
					},
					"prebuiltLibs":	{
						"prebuiltIncPath":	[],
						"prebuiltLibPath":	[]
					},
					"isolation":	{
					}
				}]
		}]
}
KEYINFO::2022-06-20.18:27:29::SCWPlatform::updated the xpfm file.
LOG::2022-06-20.18:28:04::SCWPlatform::Started generating the artifacts platform design_1_wrapper
TRACE::2022-06-20.18:28:04::SCWPlatform::Sanity checking of platform is completed
LOG::2022-06-20.18:28:04::SCWPlatform::Started generating the artifacts for system configuration design_1_wrapper
LOG::2022-06-20.18:28:04::SCWSystem::Checking the domain standalone_microblaze_0
LOG::2022-06-20.18:28:04::SCWSystem::Not a boot domain 
LOG::2022-06-20.18:28:04::SCWSystem::Started Processing the domain standalone_microblaze_0
TRACE::2022-06-20.18:28:04::SCWDomain::Generating domain artifcats
TRACE::2022-06-20.18:28:04::SCWMssOS::Generating standalone artifcats
TRACE::2022-06-20.18:28:04::SCWMssOS:: Copying the user libraries. 
TRACE::2022-06-20.18:28:04::SCWPlatform::Trying to open the hw design at C:/HLS_Design/Microblaze_UART_Vitis/workspace/design_1_wrapper/hw/design_1_wrapper.xsa
TRACE::2022-06-20.18:28:04::SCWPlatform::DSA given C:/HLS_Design/Microblaze_UART_Vitis/workspace/design_1_wrapper/hw/design_1_wrapper.xsa
TRACE::2022-06-20.18:28:04::SCWPlatform::DSA absoulate path C:/HLS_Design/Microblaze_UART_Vitis/workspace/design_1_wrapper/hw/design_1_wrapper.xsa
TRACE::2022-06-20.18:28:04::SCWPlatform::DSA directory C:/HLS_Design/Microblaze_UART_Vitis/workspace/design_1_wrapper/hw
TRACE::2022-06-20.18:28:04::SCWPlatform:: Platform Path C:/HLS_Design/Microblaze_UART_Vitis/workspace/design_1_wrapper/hw/design_1_wrapper.xsa
TRACE::2022-06-20.18:28:04::SCWPlatform:: Unique name xilinx:::0.0
TRACE::2022-06-20.18:28:04::SCWPlatform::Trying to set the existing hwdb with name design_1_wrapper_2
TRACE::2022-06-20.18:28:04::SCWPlatform::Opened existing hwdb design_1_wrapper_2
TRACE::2022-06-20.18:28:04::SCWPlatform::Found the Hw Db part of the input DSA
TRACE::2022-06-20.18:28:04::SCWMssOS::Checking the sw design at  C:/HLS_Design/Microblaze_UART_Vitis/workspace/design_1_wrapper/microblaze_0/standalone_microblaze_0/bsp/system.mss
TRACE::2022-06-20.18:28:04::SCWMssOS::DEBUG:  swdes dump  C:/HLS_Design/Microblaze_UART_Vitis/workspace/Microblaze_UART_Vitis/microblaze_0/standalone_microblaze_0/bsp/system.mss|system_0||
C:/HLS_Design/Microblaze_UART_Vitis/workspace/design_1_wrapper/microblaze_0/standalone_microblaze_0/bsp/system.mss|system||

TRACE::2022-06-20.18:28:04::SCWMssOS::Sw design exists and opened at  C:/HLS_Design/Microblaze_UART_Vitis/workspace/design_1_wrapper/microblaze_0/standalone_microblaze_0/bsp/system.mss
TRACE::2022-06-20.18:28:04::SCWMssOS::Completed writing the mss file at C:/HLS_Design/Microblaze_UART_Vitis/workspace/design_1_wrapper/microblaze_0/standalone_microblaze_0/bsp
TRACE::2022-06-20.18:28:04::SCWMssOS::Mss edits present, copying mssfile into export location C:/HLS_Design/Microblaze_UART_Vitis/workspace/design_1_wrapper/microblaze_0/standalone_microblaze_0/bsp/system.mss
TRACE::2022-06-20.18:28:04::SCWMssOS::bsp generated is upto date with the mss file. Skipping bsp generation.
TRACE::2022-06-20.18:28:04::SCWMssOS::BSP is already built. skipping the bsp build ... 
TRACE::2022-06-20.18:28:04::SCWDomain::Building the domain as part of full build :  standalone_microblaze_0
TRACE::2022-06-20.18:28:04::SCWMssOS::doing bsp build ... 
TRACE::2022-06-20.18:28:04::SCWMssOS::System Command Ran  C: & cd  C:/HLS_Design/Microblaze_UART_Vitis/workspace/design_1_wrapper/microblaze_0/standalone_microblaze_0/bsp & make 
TRACE::2022-06-20.18:28:04::SCWMssOS::make --no-print-directory seq_libs

TRACE::2022-06-20.18:28:04::SCWMssOS::'Finished building libraries sequentially.'

TRACE::2022-06-20.18:28:04::SCWMssOS::make -j 6 --no-print-directory par_libs

TRACE::2022-06-20.18:28:04::SCWMssOS::"Running Make include in microblaze_0/libsrc/bram_v4_7/src"

TRACE::2022-06-20.18:28:04::SCWMssOS::make -C microblaze_0/libsrc/bram_v4_7/src -s include  "SHELL=CMD" "COMPILER=mb-gcc" "ASSEMBLER=mb-as" "ARCHIVER=mb-ar" "COMPILE
TRACE::2022-06-20.18:28:04::SCWMssOS::R_FLAGS=  -O2 -c -mcpu=v11.0 -mlittle-endian -mxl-soft-mul" "EXTRA_COMPILER_FLAGS=-g -ffunction-sections -fdata-sections -Wall 
TRACE::2022-06-20.18:28:04::SCWMssOS::-Wextra -fno-tree-loop-distribute-patterns"

TRACE::2022-06-20.18:28:04::SCWMssOS::"Running Make include in microblaze_0/libsrc/cpu_v2_15/src"

TRACE::2022-06-20.18:28:04::SCWMssOS::make -C microblaze_0/libsrc/cpu_v2_15/src -s include  "SHELL=CMD" "COMPILER=mb-gcc" "ASSEMBLER=mb-as" "ARCHIVER=mb-ar" "COMPILE
TRACE::2022-06-20.18:28:04::SCWMssOS::R_FLAGS=  -O2 -c -mcpu=v11.0 -mlittle-endian -mxl-soft-mul" "EXTRA_COMPILER_FLAGS=-g -ffunction-sections -fdata-sections -Wall 
TRACE::2022-06-20.18:28:04::SCWMssOS::-Wextra -fno-tree-loop-distribute-patterns"

TRACE::2022-06-20.18:28:04::SCWMssOS::"Running Make include in microblaze_0/libsrc/intc_v3_14/src"

TRACE::2022-06-20.18:28:04::SCWMssOS::make -C microblaze_0/libsrc/intc_v3_14/src -s include  "SHELL=CMD" "COMPILER=mb-gcc" "ASSEMBLER=mb-as" "ARCHIVER=mb-ar" "COMPIL
TRACE::2022-06-20.18:28:04::SCWMssOS::ER_FLAGS=  -O2 -c -mcpu=v11.0 -mlittle-endian -mxl-soft-mul" "EXTRA_COMPILER_FLAGS=-g -ffunction-sections -fdata-sections -Wall
TRACE::2022-06-20.18:28:04::SCWMssOS:: -Wextra -fno-tree-loop-distribute-patterns"

TRACE::2022-06-20.18:28:04::SCWMssOS::"Running Make include in microblaze_0/libsrc/standalone_v7_7/src"

TRACE::2022-06-20.18:28:04::SCWMssOS::make -C microblaze_0/libsrc/standalone_v7_7/src -s include  "SHELL=CMD" "COMPILER=mb-gcc" "ASSEMBLER=mb-as" "ARCHIVER=mb-ar" "C
TRACE::2022-06-20.18:28:04::SCWMssOS::OMPILER_FLAGS=  -O2 -c -mcpu=v11.0 -mlittle-endian -mxl-soft-mul" "EXTRA_COMPILER_FLAGS=-g -ffunction-sections -fdata-sections 
TRACE::2022-06-20.18:28:04::SCWMssOS::-Wall -Wextra -fno-tree-loop-distribute-patterns"

TRACE::2022-06-20.18:28:04::SCWMssOS::"Running Make include in microblaze_0/libsrc/uartlite_v3_7/src"

TRACE::2022-06-20.18:28:04::SCWMssOS::make -C microblaze_0/libsrc/uartlite_v3_7/src -s include  "SHELL=CMD" "COMPILER=mb-gcc" "ASSEMBLER=mb-as" "ARCHIVER=mb-ar" "COM
TRACE::2022-06-20.18:28:04::SCWMssOS::PILER_FLAGS=  -O2 -c -mcpu=v11.0 -mlittle-endian -mxl-soft-mul" "EXTRA_COMPILER_FLAGS=-g -ffunction-sections -fdata-sections -W
TRACE::2022-06-20.18:28:04::SCWMssOS::all -Wextra -fno-tree-loop-distribute-patterns"

TRACE::2022-06-20.18:28:05::SCWMssOS::"Running Make libs in microblaze_0/libsrc/bram_v4_7/src"

TRACE::2022-06-20.18:28:05::SCWMssOS::make -C microblaze_0/libsrc/bram_v4_7/src -s libs  "SHELL=CMD" "COMPILER=mb-gcc" "ASSEMBLER=mb-as" "ARCHIVER=mb-ar" "COMPILER_F
TRACE::2022-06-20.18:28:05::SCWMssOS::LAGS=  -O2 -c -mcpu=v11.0 -mlittle-endian -mxl-soft-mul" "EXTRA_COMPILER_FLAGS=-g -ffunction-sections -fdata-sections -Wall -We
TRACE::2022-06-20.18:28:05::SCWMssOS::xtra -fno-tree-loop-distribute-patterns"

TRACE::2022-06-20.18:28:05::SCWMssOS::"Running Make libs in microblaze_0/libsrc/cpu_v2_15/src"

TRACE::2022-06-20.18:28:05::SCWMssOS::make -C microblaze_0/libsrc/cpu_v2_15/src -s libs  "SHELL=CMD" "COMPILER=mb-gcc" "ASSEMBLER=mb-as" "ARCHIVER=mb-ar" "COMPILER_F
TRACE::2022-06-20.18:28:05::SCWMssOS::LAGS=  -O2 -c -mcpu=v11.0 -mlittle-endian -mxl-soft-mul" "EXTRA_COMPILER_FLAGS=-g -ffunction-sections -fdata-sections -Wall -We
TRACE::2022-06-20.18:28:05::SCWMssOS::xtra -fno-tree-loop-distribute-patterns"

TRACE::2022-06-20.18:28:05::SCWMssOS::"Running Make libs in microblaze_0/libsrc/intc_v3_14/src"

TRACE::2022-06-20.18:28:05::SCWMssOS::make -C microblaze_0/libsrc/intc_v3_14/src -s libs  "SHELL=CMD" "COMPILER=mb-gcc" "ASSEMBLER=mb-as" "ARCHIVER=mb-ar" "COMPILER_
TRACE::2022-06-20.18:28:05::SCWMssOS::FLAGS=  -O2 -c -mcpu=v11.0 -mlittle-endian -mxl-soft-mul" "EXTRA_COMPILER_FLAGS=-g -ffunction-sections -fdata-sections -Wall -W
TRACE::2022-06-20.18:28:05::SCWMssOS::extra -fno-tree-loop-distribute-patterns"

TRACE::2022-06-20.18:28:05::SCWMssOS::"Running Make libs in microblaze_0/libsrc/standalone_v7_7/src"

TRACE::2022-06-20.18:28:05::SCWMssOS::make -C microblaze_0/libsrc/standalone_v7_7/src -s libs  "SHELL=CMD" "COMPILER=mb-gcc" "ASSEMBLER=mb-as" "ARCHIVER=mb-ar" "COMP
TRACE::2022-06-20.18:28:05::SCWMssOS::ILER_FLAGS=  -O2 -c -mcpu=v11.0 -mlittle-endian -mxl-soft-mul" "EXTRA_COMPILER_FLAGS=-g -ffunction-sections -fdata-sections -Wa
TRACE::2022-06-20.18:28:05::SCWMssOS::ll -Wextra -fno-tree-loop-distribute-patterns"

TRACE::2022-06-20.18:28:05::SCWMssOS::"Running Make libs in microblaze_0/libsrc/uartlite_v3_7/src"

TRACE::2022-06-20.18:28:05::SCWMssOS::make -C microblaze_0/libsrc/uartlite_v3_7/src -s libs  "SHELL=CMD" "COMPILER=mb-gcc" "ASSEMBLER=mb-as" "ARCHIVER=mb-ar" "COMPIL
TRACE::2022-06-20.18:28:05::SCWMssOS::ER_FLAGS=  -O2 -c -mcpu=v11.0 -mlittle-endian -mxl-soft-mul" "EXTRA_COMPILER_FLAGS=-g -ffunction-sections -fdata-sections -Wall
TRACE::2022-06-20.18:28:05::SCWMssOS:: -Wextra -fno-tree-loop-distribute-patterns"

TRACE::2022-06-20.18:28:12::SCWMssOS::"DEBUG NON_LTO_OBJECTS is ../../../lib/microblaze_interrupt_handler.o"

TRACE::2022-06-20.18:28:12::SCWMssOS::'Finished building libraries parallelly.'

TRACE::2022-06-20.18:28:12::SCWMssOS::make --no-print-directory archive

TRACE::2022-06-20.18:28:12::SCWMssOS::mb-ar -r  microblaze_0/lib/libxil.a microblaze_0/lib/xplatform_info.o microblaze_0/lib/xuartlite.o microblaze_0/lib/microblaze_
TRACE::2022-06-20.18:28:12::SCWMssOS::disable_exceptions.o microblaze_0/lib/print.o microblaze_0/lib/_exit.o microblaze_0/lib/xil_testio.o microblaze_0/lib/microblaz
TRACE::2022-06-20.18:28:12::SCWMssOS::e_disable_dcache.o microblaze_0/lib/microblaze_flush_dcache_range.o microblaze_0/lib/microblaze_flush_cache_ext.o microblaze_0/
TRACE::2022-06-20.18:28:12::SCWMssOS::lib/xbram_sinit.o microblaze_0/lib/xil_misc_psreset_api.o microblaze_0/lib/xinterrupt_wrap.o microblaze_0/lib/xil_cache.o micro
TRACE::2022-06-20.18:28:12::SCWMssOS::blaze_0/lib/xil_util.o microblaze_0/lib/inbyte.o microblaze_0/lib/xbram_g.o microblaze_0/lib/xuartlite_stats.o microblaze_0/lib
TRACE::2022-06-20.18:28:12::SCWMssOS::/microblaze_exception_handler.o microblaze_0/lib/microblaze_scrub.o microblaze_0/lib/microblaze_invalidate_dcache.o microblaze_
TRACE::2022-06-20.18:28:12::SCWMssOS::0/lib/microblaze_disable_interrupts.o microblaze_0/lib/xbram_selftest.o microblaze_0/lib/microblaze_interrupt_handler.o microbl
TRACE::2022-06-20.18:28:12::SCWMssOS::aze_0/lib/microblaze_disable_icache.o microblaze_0/lib/xil_mem.o microblaze_0/lib/xuartlite_intr.o microblaze_0/lib/microblaze_
TRACE::2022-06-20.18:28:12::SCWMssOS::flush_cache_ext_range.o microblaze_0/lib/xbram_intr.o microblaze_0/lib/xil_sleepcommon.o microblaze_0/lib/xil_printf.o microbla
TRACE::2022-06-20.18:28:12::SCWMssOS::ze_0/lib/xintc_g.o microblaze_0/lib/xuartlite_g.o microblaze_0/lib/xintc_selftest.o microblaze_0/lib/xintc_l.o microblaze_0/lib
TRACE::2022-06-20.18:28:12::SCWMssOS::/outbyte.o microblaze_0/lib/microblaze_invalidate_dcache_range.o microblaze_0/lib/microblaze_invalidate_cache_ext.o microblaze_
TRACE::2022-06-20.18:28:12::SCWMssOS::0/lib/microblaze_sleep.o microblaze_0/lib/hw_exception_handler.o microblaze_0/lib/xuartlite_selftest.o microblaze_0/lib/xintc_i
TRACE::2022-06-20.18:28:12::SCWMssOS::ntr.o microblaze_0/lib/microblaze_update_dcache.o microblaze_0/lib/xil_testcache.o microblaze_0/lib/microblaze_selftest.o micro
TRACE::2022-06-20.18:28:12::SCWMssOS::blaze_0/lib/microblaze_interrupts_g.o microblaze_0/lib/microblaze_enable_exceptions.o microblaze_0/lib/microblaze_enable_dcache
TRACE::2022-06-20.18:28:12::SCWMssOS::.o microblaze_0/lib/xbram.o microblaze_0/lib/microblaze_invalidate_icache_range.o microblaze_0/lib/microblaze_init_dcache_range
TRACE::2022-06-20.18:28:12::SCWMssOS::.o microblaze_0/lib/microblaze_invalidate_icache.o microblaze_0/lib/errno.o microblaze_0/lib/xuartlite_l.o microblaze_0/lib/xin
TRACE::2022-06-20.18:28:12::SCWMssOS::tc_options.o microblaze_0/lib/microblaze_invalidate_cache_ext_range.o microblaze_0/lib/xil_exception.o microblaze_0/lib/pvr.o m
TRACE::2022-06-20.18:28:12::SCWMssOS::icroblaze_0/lib/xil_testmem.o microblaze_0/lib/microblaze_update_icache.o microblaze_0/lib/microblaze_flush_dcache.o microblaze
TRACE::2022-06-20.18:28:12::SCWMssOS::_0/lib/xil_clocking.o microblaze_0/lib/xil_assert.o microblaze_0/lib/microblaze_enable_interrupts.o microblaze_0/lib/xio.o micr
TRACE::2022-06-20.18:28:12::SCWMssOS::oblaze_0/lib/microblaze_enable_icache.o microblaze_0/lib/xintc.o microblaze_0/lib/xuartlite_sinit.o microblaze_0/lib/fcntl.o mi
TRACE::2022-06-20.18:28:12::SCWMssOS::croblaze_0/lib/microblaze_init_icache_range.o

TRACE::2022-06-20.18:28:12::SCWMssOS::'Finished building libraries'

TRACE::2022-06-20.18:28:13::SCWMssOS::Copying to export directory.
TRACE::2022-06-20.18:28:13::SCWMssOS:: Checking if to create the Supporting Applications
TRACE::2022-06-20.18:28:13::SCWMssOS:: No Linux domain exists, trying to generate FSBL 
LOG::2022-06-20.18:28:13::SCWSystem::Completed Processing the domain standalone_microblaze_0
LOG::2022-06-20.18:28:13::SCWSystem::Completed Processing the sysconfig design_1_wrapper
LOG::2022-06-20.18:28:13::SCWPlatform::Completed generating the artifacts for system configuration design_1_wrapper
TRACE::2022-06-20.18:28:13::SCWPlatform::Started preparing the platform 
TRACE::2022-06-20.18:28:13::SCWSystem::Writing the bif file for system config design_1_wrapper
TRACE::2022-06-20.18:28:13::SCWSystem::dir created 
TRACE::2022-06-20.18:28:13::SCWSystem::Writing the bif 
TRACE::2022-06-20.18:28:13::SCWPlatform::Started writing the spfm file 
TRACE::2022-06-20.18:28:13::SCWPlatform::Started writing the xpfm file 
TRACE::2022-06-20.18:28:13::SCWPlatform::Completed generating the platform
TRACE::2022-06-20.18:28:13::SCWMssOS::Saving the mss changes C:/HLS_Design/Microblaze_UART_Vitis/workspace/design_1_wrapper/microblaze_0/standalone_microblaze_0/bsp/system.mss
TRACE::2022-06-20.18:28:13::SCWMssOS::Found a swdesign opened with the mssfile.
TRACE::2022-06-20.18:28:13::SCWMssOS::Completed writemss as part of save.
TRACE::2022-06-20.18:28:13::SCWMssOS::Commit changes completed.
TRACE::2022-06-20.18:28:13::SCWPlatform::Trying to open the hw design at C:/HLS_Design/Microblaze_UART_Vitis/workspace/design_1_wrapper/hw/design_1_wrapper.xsa
TRACE::2022-06-20.18:28:13::SCWPlatform::DSA given C:/HLS_Design/Microblaze_UART_Vitis/workspace/design_1_wrapper/hw/design_1_wrapper.xsa
TRACE::2022-06-20.18:28:13::SCWPlatform::DSA absoulate path C:/HLS_Design/Microblaze_UART_Vitis/workspace/design_1_wrapper/hw/design_1_wrapper.xsa
TRACE::2022-06-20.18:28:13::SCWPlatform::DSA directory C:/HLS_Design/Microblaze_UART_Vitis/workspace/design_1_wrapper/hw
TRACE::2022-06-20.18:28:13::SCWPlatform:: Platform Path C:/HLS_Design/Microblaze_UART_Vitis/workspace/design_1_wrapper/hw/design_1_wrapper.xsa
TRACE::2022-06-20.18:28:13::SCWPlatform:: Unique name xilinx:::0.0
TRACE::2022-06-20.18:28:13::SCWPlatform::Trying to set the existing hwdb with name design_1_wrapper_2
TRACE::2022-06-20.18:28:13::SCWPlatform::Opened existing hwdb design_1_wrapper_2
TRACE::2022-06-20.18:28:13::SCWPlatform::Found the Hw Db part of the input DSA
TRACE::2022-06-20.18:28:13::SCWMssOS::Checking the sw design at  C:/HLS_Design/Microblaze_UART_Vitis/workspace/design_1_wrapper/microblaze_0/standalone_microblaze_0/bsp/system.mss
TRACE::2022-06-20.18:28:13::SCWMssOS::DEBUG:  swdes dump  C:/HLS_Design/Microblaze_UART_Vitis/workspace/Microblaze_UART_Vitis/microblaze_0/standalone_microblaze_0/bsp/system.mss|system_0||
C:/HLS_Design/Microblaze_UART_Vitis/workspace/design_1_wrapper/microblaze_0/standalone_microblaze_0/bsp/system.mss|system||

TRACE::2022-06-20.18:28:13::SCWMssOS::Sw design exists and opened at  C:/HLS_Design/Microblaze_UART_Vitis/workspace/design_1_wrapper/microblaze_0/standalone_microblaze_0/bsp/system.mss
TRACE::2022-06-20.18:28:13::SCWPlatform::Trying to open the hw design at C:/HLS_Design/Microblaze_UART_Vitis/workspace/design_1_wrapper/hw/design_1_wrapper.xsa
TRACE::2022-06-20.18:28:13::SCWPlatform::DSA given C:/HLS_Design/Microblaze_UART_Vitis/workspace/design_1_wrapper/hw/design_1_wrapper.xsa
TRACE::2022-06-20.18:28:13::SCWPlatform::DSA absoulate path C:/HLS_Design/Microblaze_UART_Vitis/workspace/design_1_wrapper/hw/design_1_wrapper.xsa
TRACE::2022-06-20.18:28:13::SCWPlatform::DSA directory C:/HLS_Design/Microblaze_UART_Vitis/workspace/design_1_wrapper/hw
TRACE::2022-06-20.18:28:13::SCWPlatform:: Platform Path C:/HLS_Design/Microblaze_UART_Vitis/workspace/design_1_wrapper/hw/design_1_wrapper.xsa
TRACE::2022-06-20.18:28:13::SCWPlatform:: Unique name xilinx:::0.0
TRACE::2022-06-20.18:28:13::SCWPlatform::Trying to set the existing hwdb with name design_1_wrapper_2
TRACE::2022-06-20.18:28:13::SCWPlatform::Opened existing hwdb design_1_wrapper_2
TRACE::2022-06-20.18:28:13::SCWPlatform::Found the Hw Db part of the input DSA
TRACE::2022-06-20.18:28:13::SCWMssOS::Checking the sw design at  C:/HLS_Design/Microblaze_UART_Vitis/workspace/design_1_wrapper/microblaze_0/standalone_microblaze_0/bsp/system.mss
TRACE::2022-06-20.18:28:13::SCWMssOS::DEBUG:  swdes dump  C:/HLS_Design/Microblaze_UART_Vitis/workspace/Microblaze_UART_Vitis/microblaze_0/standalone_microblaze_0/bsp/system.mss|system_0||
C:/HLS_Design/Microblaze_UART_Vitis/workspace/design_1_wrapper/microblaze_0/standalone_microblaze_0/bsp/system.mss|system||

TRACE::2022-06-20.18:28:13::SCWMssOS::Sw design exists and opened at  C:/HLS_Design/Microblaze_UART_Vitis/workspace/design_1_wrapper/microblaze_0/standalone_microblaze_0/bsp/system.mss
TRACE::2022-06-20.18:28:13::SCWPlatform::Trying to open the hw design at C:/HLS_Design/Microblaze_UART_Vitis/workspace/design_1_wrapper/hw/design_1_wrapper.xsa
TRACE::2022-06-20.18:28:13::SCWPlatform::DSA given C:/HLS_Design/Microblaze_UART_Vitis/workspace/design_1_wrapper/hw/design_1_wrapper.xsa
TRACE::2022-06-20.18:28:13::SCWPlatform::DSA absoulate path C:/HLS_Design/Microblaze_UART_Vitis/workspace/design_1_wrapper/hw/design_1_wrapper.xsa
TRACE::2022-06-20.18:28:13::SCWPlatform::DSA directory C:/HLS_Design/Microblaze_UART_Vitis/workspace/design_1_wrapper/hw
TRACE::2022-06-20.18:28:13::SCWPlatform:: Platform Path C:/HLS_Design/Microblaze_UART_Vitis/workspace/design_1_wrapper/hw/design_1_wrapper.xsa
TRACE::2022-06-20.18:28:13::SCWPlatform:: Unique name xilinx:::0.0
TRACE::2022-06-20.18:28:13::SCWPlatform::Trying to set the existing hwdb with name design_1_wrapper_2
TRACE::2022-06-20.18:28:13::SCWPlatform::Opened existing hwdb design_1_wrapper_2
TRACE::2022-06-20.18:28:13::SCWPlatform::Found the Hw Db part of the input DSA
TRACE::2022-06-20.18:28:13::SCWMssOS::Checking the sw design at  C:/HLS_Design/Microblaze_UART_Vitis/workspace/design_1_wrapper/microblaze_0/standalone_microblaze_0/bsp/system.mss
TRACE::2022-06-20.18:28:13::SCWMssOS::DEBUG:  swdes dump  C:/HLS_Design/Microblaze_UART_Vitis/workspace/Microblaze_UART_Vitis/microblaze_0/standalone_microblaze_0/bsp/system.mss|system_0||
C:/HLS_Design/Microblaze_UART_Vitis/workspace/design_1_wrapper/microblaze_0/standalone_microblaze_0/bsp/system.mss|system||

TRACE::2022-06-20.18:28:13::SCWMssOS::Sw design exists and opened at  C:/HLS_Design/Microblaze_UART_Vitis/workspace/design_1_wrapper/microblaze_0/standalone_microblaze_0/bsp/system.mss
TRACE::2022-06-20.18:28:13::SCWWriter::formatted JSON is {
	"platformName":	"design_1_wrapper",
	"sprVersion":	"2.0",
	"mode":	"gui",
	"dsaType":	"Fixed",
	"platformDesc":	"design_1_wrapper",
	"platHandOff":	"C:/HLS_Design/Microblaze_UART_Vitis/design_1_wrapper.xsa",
	"platIntHandOff":	"<platformDir>/hw/design_1_wrapper.xsa",
	"deviceType":	"FPGA",
	"platIsPrebuiltAutogen":	"false",
	"platIsNoBootBsp":	"false",
	"hasFsblMakeHasChanges":	"false",
	"hasPmufwMakeHasChanges":	"false",
	"platPreBuiltFlag":	false,
	"platformSamplesDir":	"",
	"platActiveSys":	"design_1_wrapper",
	"systems":	[{
			"systemName":	"design_1_wrapper",
			"systemDesc":	"design_1_wrapper",
			"sysIsBootAutoGen":	"true",
			"systemDispName":	"design_1_wrapper",
			"sysActiveDom":	"standalone_microblaze_0",
			"sysDefaultDom":	"standalone_microblaze_0",
			"domains":	[{
					"domainName":	"standalone_microblaze_0",
					"domainDispName":	"standalone_microblaze_0",
					"domainDesc":	"standalone_microblaze_0",
					"processors":	"microblaze_0",
					"os":	"standalone",
					"sdxOs":	"standalone",
					"debugEnable":	"False",
					"domRuntimes":	["cpp"],
					"swRepo":	"",
					"mssOsVer":	"7.7",
					"mssFile":	"",
					"md5Digest":	"f576dc56a3d90d59a36c707172ff2aa6",
					"compatibleApp":	"hello_world",
					"domType":	"mssDomain",
					"arch":	"32-bit",
					"appSettings":	{
						"appCompilerFlags":	"",
						"appLinkerFlags":	""
					},
					"addedLibs":	[],
					"libOptions":	{
						"libsContainingOptions":	[]
					},
					"prebuiltLibs":	{
						"prebuiltIncPath":	[],
						"prebuiltLibPath":	[]
					},
					"isolation":	{
					}
				}]
		}]
}
KEYINFO::2022-06-20.18:28:13::SCWPlatform::updated the xpfm file.
TRACE::2022-06-20.18:28:14::SCWPlatform::Trying to open the hw design at C:/HLS_Design/Microblaze_UART_Vitis/workspace/design_1_wrapper/hw/design_1_wrapper.xsa
TRACE::2022-06-20.18:28:14::SCWPlatform::DSA given C:/HLS_Design/Microblaze_UART_Vitis/workspace/design_1_wrapper/hw/design_1_wrapper.xsa
TRACE::2022-06-20.18:28:14::SCWPlatform::DSA absoulate path C:/HLS_Design/Microblaze_UART_Vitis/workspace/design_1_wrapper/hw/design_1_wrapper.xsa
TRACE::2022-06-20.18:28:14::SCWPlatform::DSA directory C:/HLS_Design/Microblaze_UART_Vitis/workspace/design_1_wrapper/hw
TRACE::2022-06-20.18:28:14::SCWPlatform:: Platform Path C:/HLS_Design/Microblaze_UART_Vitis/workspace/design_1_wrapper/hw/design_1_wrapper.xsa
TRACE::2022-06-20.18:28:14::SCWPlatform:: Unique name xilinx:::0.0
TRACE::2022-06-20.18:28:14::SCWPlatform::Trying to set the existing hwdb with name design_1_wrapper_2
TRACE::2022-06-20.18:28:14::SCWPlatform::Opened existing hwdb design_1_wrapper_2
TRACE::2022-06-20.18:28:14::SCWPlatform::Found the Hw Db part of the input DSA
TRACE::2022-06-20.18:28:14::SCWMssOS::Checking the sw design at  C:/HLS_Design/Microblaze_UART_Vitis/workspace/design_1_wrapper/microblaze_0/standalone_microblaze_0/bsp/system.mss
TRACE::2022-06-20.18:28:14::SCWMssOS::DEBUG:  swdes dump  C:/HLS_Design/Microblaze_UART_Vitis/workspace/Microblaze_UART_Vitis/microblaze_0/standalone_microblaze_0/bsp/system.mss|system_0||
C:/HLS_Design/Microblaze_UART_Vitis/workspace/design_1_wrapper/microblaze_0/standalone_microblaze_0/bsp/system.mss|system||

TRACE::2022-06-20.18:28:14::SCWMssOS::Sw design exists and opened at  C:/HLS_Design/Microblaze_UART_Vitis/workspace/design_1_wrapper/microblaze_0/standalone_microblaze_0/bsp/system.mss
