TRACE::2022-06-23.09:23:41::SCWPlatform::Trying to open the hw design at C:/HLS_Design/Microblaze_GPIO_Interrupt/workspace/Microblaze_GPIO_Interrupt/hw/Microblaze_GPIO_Interrupt_design_1_wrapper.xsa
TRACE::2022-06-23.09:23:41::SCWPlatform::DSA given C:/HLS_Design/Microblaze_GPIO_Interrupt/workspace/Microblaze_GPIO_Interrupt/hw/Microblaze_GPIO_Interrupt_design_1_wrapper.xsa
TRACE::2022-06-23.09:23:41::SCWPlatform::DSA absoulate path C:/HLS_Design/Microblaze_GPIO_Interrupt/workspace/Microblaze_GPIO_Interrupt/hw/Microblaze_GPIO_Interrupt_design_1_wrapper.xsa
TRACE::2022-06-23.09:23:42::SCWPlatform::DSA directory C:/HLS_Design/Microblaze_GPIO_Interrupt/workspace/Microblaze_GPIO_Interrupt/hw
TRACE::2022-06-23.09:23:42::SCWPlatform:: Platform Path C:/HLS_Design/Microblaze_GPIO_Interrupt/workspace/Microblaze_GPIO_Interrupt/hw/Microblaze_GPIO_Interrupt_design_1_wrapper.xsa
TRACE::2022-06-23.09:23:42::SCWPlatform:: Unique name xilinx:::0.0
TRACE::2022-06-23.09:23:42::SCWPlatform::Do not have an existing db opened. 
TRACE::2022-06-23.09:23:42::SCWPlatform::Opened new HwDB with name design_1_wrapper_0
TRACE::2022-06-23.09:23:42::SCWWriter::formatted JSON is {
	"platformName":	"Microblaze_GPIO_Interrupt",
	"sprVersion":	"2.0",
	"mode":	"gui",
	"dsaType":	"Fixed",
	"platformDesc":	"Microblaze_GPIO_Interrupt",
	"platHandOff":	"C:/HLS_Design/Microblaze_GPIO_Interrupt/Microblaze_GPIO_Interrupt_design_1_wrapper.xsa",
	"platIntHandOff":	"<platformDir>/hw/Microblaze_GPIO_Interrupt_design_1_wrapper.xsa",
	"deviceType":	"FPGA",
	"platIsPrebuiltAutogen":	"false",
	"platIsNoBootBsp":	"false",
	"hasFsblMakeHasChanges":	"false",
	"hasPmufwMakeHasChanges":	"false",
	"platPreBuiltFlag":	false,
	"platformSamplesDir":	""
}
TRACE::2022-06-23.09:23:42::SCWWriter::formatted JSON is {
	"platformName":	"Microblaze_GPIO_Interrupt",
	"sprVersion":	"2.0",
	"mode":	"gui",
	"dsaType":	"Fixed",
	"platformDesc":	"Microblaze_GPIO_Interrupt",
	"platHandOff":	"C:/HLS_Design/Microblaze_GPIO_Interrupt/Microblaze_GPIO_Interrupt_design_1_wrapper.xsa",
	"platIntHandOff":	"<platformDir>/hw/Microblaze_GPIO_Interrupt_design_1_wrapper.xsa",
	"deviceType":	"FPGA",
	"platIsPrebuiltAutogen":	"false",
	"platIsNoBootBsp":	"false",
	"hasFsblMakeHasChanges":	"false",
	"hasPmufwMakeHasChanges":	"false",
	"platPreBuiltFlag":	false,
	"platformSamplesDir":	"",
	"platActiveSys":	"Microblaze_GPIO_Interrupt",
	"systems":	[{
			"systemName":	"Microblaze_GPIO_Interrupt",
			"systemDesc":	"Microblaze_GPIO_Interrupt",
			"sysIsBootAutoGen":	"true",
			"systemDispName":	"Microblaze_GPIO_Interrupt"
		}]
}
TRACE::2022-06-23.09:23:42::SCWPlatform::Boot application domains not present, creating them
TRACE::2022-06-23.09:23:42::SCWPlatform::Pure FPGA device, no boot application will be created.
TRACE::2022-06-23.09:23:42::SCWWriter::formatted JSON is {
	"platformName":	"Microblaze_GPIO_Interrupt",
	"sprVersion":	"2.0",
	"mode":	"gui",
	"dsaType":	"Fixed",
	"platformDesc":	"Microblaze_GPIO_Interrupt",
	"platHandOff":	"C:/HLS_Design/Microblaze_GPIO_Interrupt/Microblaze_GPIO_Interrupt_design_1_wrapper.xsa",
	"platIntHandOff":	"<platformDir>/hw/Microblaze_GPIO_Interrupt_design_1_wrapper.xsa",
	"deviceType":	"FPGA",
	"platIsPrebuiltAutogen":	"false",
	"platIsNoBootBsp":	"false",
	"hasFsblMakeHasChanges":	"false",
	"hasPmufwMakeHasChanges":	"false",
	"platPreBuiltFlag":	false,
	"platformSamplesDir":	"",
	"platActiveSys":	"Microblaze_GPIO_Interrupt",
	"systems":	[{
			"systemName":	"Microblaze_GPIO_Interrupt",
			"systemDesc":	"Microblaze_GPIO_Interrupt",
			"sysIsBootAutoGen":	"true",
			"systemDispName":	"Microblaze_GPIO_Interrupt"
		}]
}
TRACE::2022-06-23.09:23:42::SCWPlatform::Trying to open the hw design at C:/HLS_Design/Microblaze_GPIO_Interrupt/workspace/Microblaze_GPIO_Interrupt/hw/Microblaze_GPIO_Interrupt_design_1_wrapper.xsa
TRACE::2022-06-23.09:23:42::SCWPlatform::DSA given C:/HLS_Design/Microblaze_GPIO_Interrupt/workspace/Microblaze_GPIO_Interrupt/hw/Microblaze_GPIO_Interrupt_design_1_wrapper.xsa
TRACE::2022-06-23.09:23:42::SCWPlatform::DSA absoulate path C:/HLS_Design/Microblaze_GPIO_Interrupt/workspace/Microblaze_GPIO_Interrupt/hw/Microblaze_GPIO_Interrupt_design_1_wrapper.xsa
TRACE::2022-06-23.09:23:42::SCWPlatform::DSA directory C:/HLS_Design/Microblaze_GPIO_Interrupt/workspace/Microblaze_GPIO_Interrupt/hw
TRACE::2022-06-23.09:23:42::SCWPlatform:: Platform Path C:/HLS_Design/Microblaze_GPIO_Interrupt/workspace/Microblaze_GPIO_Interrupt/hw/Microblaze_GPIO_Interrupt_design_1_wrapper.xsa
TRACE::2022-06-23.09:23:42::SCWPlatform:: Unique name xilinx:::0.0
TRACE::2022-06-23.09:23:42::SCWPlatform::Trying to set the existing hwdb with name design_1_wrapper_0
TRACE::2022-06-23.09:23:42::SCWPlatform::Opened existing hwdb design_1_wrapper_0
TRACE::2022-06-23.09:23:42::SCWPlatform::Found the Hw Db part of the input DSA
TRACE::2022-06-23.09:23:42::SCWPlatform::Trying to open the hw design at C:/HLS_Design/Microblaze_GPIO_Interrupt/workspace/Microblaze_GPIO_Interrupt/hw/Microblaze_GPIO_Interrupt_design_1_wrapper.xsa
TRACE::2022-06-23.09:23:42::SCWPlatform::DSA given C:/HLS_Design/Microblaze_GPIO_Interrupt/workspace/Microblaze_GPIO_Interrupt/hw/Microblaze_GPIO_Interrupt_design_1_wrapper.xsa
TRACE::2022-06-23.09:23:42::SCWPlatform::DSA absoulate path C:/HLS_Design/Microblaze_GPIO_Interrupt/workspace/Microblaze_GPIO_Interrupt/hw/Microblaze_GPIO_Interrupt_design_1_wrapper.xsa
TRACE::2022-06-23.09:23:42::SCWPlatform::DSA directory C:/HLS_Design/Microblaze_GPIO_Interrupt/workspace/Microblaze_GPIO_Interrupt/hw
TRACE::2022-06-23.09:23:42::SCWPlatform:: Platform Path C:/HLS_Design/Microblaze_GPIO_Interrupt/workspace/Microblaze_GPIO_Interrupt/hw/Microblaze_GPIO_Interrupt_design_1_wrapper.xsa
TRACE::2022-06-23.09:23:42::SCWPlatform:: Unique name xilinx:::0.0
TRACE::2022-06-23.09:23:42::SCWPlatform::Trying to set the existing hwdb with name design_1_wrapper_0
TRACE::2022-06-23.09:23:42::SCWPlatform::Opened existing hwdb design_1_wrapper_0
TRACE::2022-06-23.09:23:42::SCWPlatform::Found the Hw Db part of the input DSA
TRACE::2022-06-23.09:23:42::SCWPlatform::Trying to open the hw design at C:/HLS_Design/Microblaze_GPIO_Interrupt/workspace/Microblaze_GPIO_Interrupt/hw/Microblaze_GPIO_Interrupt_design_1_wrapper.xsa
TRACE::2022-06-23.09:23:42::SCWPlatform::DSA given C:/HLS_Design/Microblaze_GPIO_Interrupt/workspace/Microblaze_GPIO_Interrupt/hw/Microblaze_GPIO_Interrupt_design_1_wrapper.xsa
TRACE::2022-06-23.09:23:42::SCWPlatform::DSA absoulate path C:/HLS_Design/Microblaze_GPIO_Interrupt/workspace/Microblaze_GPIO_Interrupt/hw/Microblaze_GPIO_Interrupt_design_1_wrapper.xsa
TRACE::2022-06-23.09:23:42::SCWPlatform::DSA directory C:/HLS_Design/Microblaze_GPIO_Interrupt/workspace/Microblaze_GPIO_Interrupt/hw
TRACE::2022-06-23.09:23:42::SCWPlatform:: Platform Path C:/HLS_Design/Microblaze_GPIO_Interrupt/workspace/Microblaze_GPIO_Interrupt/hw/Microblaze_GPIO_Interrupt_design_1_wrapper.xsa
TRACE::2022-06-23.09:23:42::SCWPlatform:: Unique name xilinx:::0.0
TRACE::2022-06-23.09:23:42::SCWPlatform::Trying to set the existing hwdb with name design_1_wrapper_0
TRACE::2022-06-23.09:23:42::SCWPlatform::Opened existing hwdb design_1_wrapper_0
TRACE::2022-06-23.09:23:42::SCWPlatform::Found the Hw Db part of the input DSA
TRACE::2022-06-23.09:23:42::SCWDomain::checking for install qemu data   : 
TRACE::2022-06-23.09:23:42::SCWPlatform::Trying to open the hw design at C:/HLS_Design/Microblaze_GPIO_Interrupt/workspace/Microblaze_GPIO_Interrupt/hw/Microblaze_GPIO_Interrupt_design_1_wrapper.xsa
TRACE::2022-06-23.09:23:42::SCWPlatform::DSA given C:/HLS_Design/Microblaze_GPIO_Interrupt/workspace/Microblaze_GPIO_Interrupt/hw/Microblaze_GPIO_Interrupt_design_1_wrapper.xsa
TRACE::2022-06-23.09:23:42::SCWPlatform::DSA absoulate path C:/HLS_Design/Microblaze_GPIO_Interrupt/workspace/Microblaze_GPIO_Interrupt/hw/Microblaze_GPIO_Interrupt_design_1_wrapper.xsa
TRACE::2022-06-23.09:23:42::SCWPlatform::DSA directory C:/HLS_Design/Microblaze_GPIO_Interrupt/workspace/Microblaze_GPIO_Interrupt/hw
TRACE::2022-06-23.09:23:42::SCWPlatform:: Platform Path C:/HLS_Design/Microblaze_GPIO_Interrupt/workspace/Microblaze_GPIO_Interrupt/hw/Microblaze_GPIO_Interrupt_design_1_wrapper.xsa
TRACE::2022-06-23.09:23:42::SCWPlatform:: Unique name xilinx:::0.0
TRACE::2022-06-23.09:23:42::SCWPlatform::Trying to set the existing hwdb with name design_1_wrapper_0
TRACE::2022-06-23.09:23:42::SCWPlatform::Opened existing hwdb design_1_wrapper_0
TRACE::2022-06-23.09:23:42::SCWPlatform::Found the Hw Db part of the input DSA
TRACE::2022-06-23.09:23:42::SCWPlatform::Trying to open the hw design at C:/HLS_Design/Microblaze_GPIO_Interrupt/workspace/Microblaze_GPIO_Interrupt/hw/Microblaze_GPIO_Interrupt_design_1_wrapper.xsa
TRACE::2022-06-23.09:23:42::SCWPlatform::DSA given C:/HLS_Design/Microblaze_GPIO_Interrupt/workspace/Microblaze_GPIO_Interrupt/hw/Microblaze_GPIO_Interrupt_design_1_wrapper.xsa
TRACE::2022-06-23.09:23:42::SCWPlatform::DSA absoulate path C:/HLS_Design/Microblaze_GPIO_Interrupt/workspace/Microblaze_GPIO_Interrupt/hw/Microblaze_GPIO_Interrupt_design_1_wrapper.xsa
TRACE::2022-06-23.09:23:42::SCWPlatform::DSA directory C:/HLS_Design/Microblaze_GPIO_Interrupt/workspace/Microblaze_GPIO_Interrupt/hw
TRACE::2022-06-23.09:23:42::SCWPlatform:: Platform Path C:/HLS_Design/Microblaze_GPIO_Interrupt/workspace/Microblaze_GPIO_Interrupt/hw/Microblaze_GPIO_Interrupt_design_1_wrapper.xsa
TRACE::2022-06-23.09:23:42::SCWPlatform:: Unique name xilinx:::0.0
TRACE::2022-06-23.09:23:42::SCWPlatform::Trying to set the existing hwdb with name design_1_wrapper_0
TRACE::2022-06-23.09:23:42::SCWPlatform::Opened existing hwdb design_1_wrapper_0
TRACE::2022-06-23.09:23:42::SCWPlatform::Found the Hw Db part of the input DSA
TRACE::2022-06-23.09:23:42::SCWPlatform::Trying to open the hw design at C:/HLS_Design/Microblaze_GPIO_Interrupt/workspace/Microblaze_GPIO_Interrupt/hw/Microblaze_GPIO_Interrupt_design_1_wrapper.xsa
TRACE::2022-06-23.09:23:42::SCWPlatform::DSA given C:/HLS_Design/Microblaze_GPIO_Interrupt/workspace/Microblaze_GPIO_Interrupt/hw/Microblaze_GPIO_Interrupt_design_1_wrapper.xsa
TRACE::2022-06-23.09:23:42::SCWPlatform::DSA absoulate path C:/HLS_Design/Microblaze_GPIO_Interrupt/workspace/Microblaze_GPIO_Interrupt/hw/Microblaze_GPIO_Interrupt_design_1_wrapper.xsa
TRACE::2022-06-23.09:23:42::SCWPlatform::DSA directory C:/HLS_Design/Microblaze_GPIO_Interrupt/workspace/Microblaze_GPIO_Interrupt/hw
TRACE::2022-06-23.09:23:42::SCWPlatform:: Platform Path C:/HLS_Design/Microblaze_GPIO_Interrupt/workspace/Microblaze_GPIO_Interrupt/hw/Microblaze_GPIO_Interrupt_design_1_wrapper.xsa
TRACE::2022-06-23.09:23:42::SCWPlatform:: Unique name xilinx:::0.0
TRACE::2022-06-23.09:23:42::SCWPlatform::Trying to set the existing hwdb with name design_1_wrapper_0
TRACE::2022-06-23.09:23:42::SCWPlatform::Opened existing hwdb design_1_wrapper_0
TRACE::2022-06-23.09:23:42::SCWPlatform::Found the Hw Db part of the input DSA
TRACE::2022-06-23.09:23:42::SCWMssOS::Checking the sw design at  C:/HLS_Design/Microblaze_GPIO_Interrupt/workspace/Microblaze_GPIO_Interrupt/microblaze_0/standalone_domain/bsp/system.mss
TRACE::2022-06-23.09:23:42::SCWMssOS::DEBUG:  swdes dump  
TRACE::2022-06-23.09:23:42::SCWMssOS::No sw design opened at  C:/HLS_Design/Microblaze_GPIO_Interrupt/workspace/Microblaze_GPIO_Interrupt/microblaze_0/standalone_domain/bsp/system.mss
TRACE::2022-06-23.09:23:42::SCWMssOS::mss does not exists at C:/HLS_Design/Microblaze_GPIO_Interrupt/workspace/Microblaze_GPIO_Interrupt/microblaze_0/standalone_domain/bsp/system.mss
TRACE::2022-06-23.09:23:42::SCWMssOS::Creating sw design at  C:/HLS_Design/Microblaze_GPIO_Interrupt/workspace/Microblaze_GPIO_Interrupt/microblaze_0/standalone_domain/bsp/system.mss
TRACE::2022-06-23.09:23:42::SCWMssOS::Adding the swdes entry, created swdb C:/HLS_Design/Microblaze_GPIO_Interrupt/workspace/Microblaze_GPIO_Interrupt/microblaze_0/standalone_domain/bsp/system.mss with des name C:/HLS_Design/Microblaze_GPIO_Interrupt/workspace/Microblaze_GPIO_Interrupt/microblaze_0/standalone_domain/bsp/system.mss
TRACE::2022-06-23.09:23:42::SCWMssOS::updating the scw layer changes to swdes at   C:/HLS_Design/Microblaze_GPIO_Interrupt/workspace/Microblaze_GPIO_Interrupt/microblaze_0/standalone_domain/bsp/system.mss
TRACE::2022-06-23.09:23:42::SCWMssOS::Writing mss at C:/HLS_Design/Microblaze_GPIO_Interrupt/workspace/Microblaze_GPIO_Interrupt/microblaze_0/standalone_domain/bsp/system.mss
TRACE::2022-06-23.09:23:42::SCWMssOS::Completed writing the mss file at C:/HLS_Design/Microblaze_GPIO_Interrupt/workspace/Microblaze_GPIO_Interrupt/microblaze_0/standalone_domain/bsp
TRACE::2022-06-23.09:23:42::SCWMssOS::Picking up changes from newly written mss file into SCW Layer. 
TRACE::2022-06-23.09:23:42::SCWMssOS::Updated the changes from newly written mss file into SCW Layer. 
TRACE::2022-06-23.09:23:42::SCWMssOS::Completed writing the mss file at C:/HLS_Design/Microblaze_GPIO_Interrupt/workspace/Microblaze_GPIO_Interrupt/microblaze_0/standalone_domain/bsp
TRACE::2022-06-23.09:23:42::SCWMssOS::Forcing BSP Sources regeneration.
TRACE::2022-06-23.09:24:05::SCWMssOS::Saving the mss changes C:/HLS_Design/Microblaze_GPIO_Interrupt/workspace/Microblaze_GPIO_Interrupt/microblaze_0/standalone_domain/bsp/system.mss
TRACE::2022-06-23.09:24:05::SCWMssOS::Adding the swdes entry, mss present, able to open swdb C:/HLS_Design/Microblaze_GPIO_Interrupt/workspace/Microblaze_GPIO_Interrupt/microblaze_0/standalone_domain/bsp/system.mss with des name system
TRACE::2022-06-23.09:24:05::SCWMssOS::Writing the mss file completed C:/HLS_Design/Microblaze_GPIO_Interrupt/workspace/Microblaze_GPIO_Interrupt/microblaze_0/standalone_domain/bsp/system.mss
TRACE::2022-06-23.09:24:05::SCWMssOS::Commit changes completed.
TRACE::2022-06-23.09:24:05::SCWPlatform::Trying to open the hw design at C:/HLS_Design/Microblaze_GPIO_Interrupt/workspace/Microblaze_GPIO_Interrupt/hw/Microblaze_GPIO_Interrupt_design_1_wrapper.xsa
TRACE::2022-06-23.09:24:05::SCWPlatform::DSA given C:/HLS_Design/Microblaze_GPIO_Interrupt/workspace/Microblaze_GPIO_Interrupt/hw/Microblaze_GPIO_Interrupt_design_1_wrapper.xsa
TRACE::2022-06-23.09:24:05::SCWPlatform::DSA absoulate path C:/HLS_Design/Microblaze_GPIO_Interrupt/workspace/Microblaze_GPIO_Interrupt/hw/Microblaze_GPIO_Interrupt_design_1_wrapper.xsa
TRACE::2022-06-23.09:24:05::SCWPlatform::DSA directory C:/HLS_Design/Microblaze_GPIO_Interrupt/workspace/Microblaze_GPIO_Interrupt/hw
TRACE::2022-06-23.09:24:05::SCWPlatform:: Platform Path C:/HLS_Design/Microblaze_GPIO_Interrupt/workspace/Microblaze_GPIO_Interrupt/hw/Microblaze_GPIO_Interrupt_design_1_wrapper.xsa
TRACE::2022-06-23.09:24:05::SCWPlatform:: Unique name xilinx:::0.0
TRACE::2022-06-23.09:24:05::SCWPlatform::Trying to set the existing hwdb with name design_1_wrapper_0
TRACE::2022-06-23.09:24:05::SCWPlatform::Opened existing hwdb design_1_wrapper_0
TRACE::2022-06-23.09:24:05::SCWPlatform::Found the Hw Db part of the input DSA
TRACE::2022-06-23.09:24:05::SCWMssOS::Checking the sw design at  C:/HLS_Design/Microblaze_GPIO_Interrupt/workspace/Microblaze_GPIO_Interrupt/microblaze_0/standalone_domain/bsp/system.mss
TRACE::2022-06-23.09:24:05::SCWMssOS::DEBUG:  swdes dump  C:/HLS_Design/Microblaze_GPIO_Interrupt/workspace/Microblaze_GPIO_Interrupt/microblaze_0/standalone_domain/bsp/system.mss|system||

TRACE::2022-06-23.09:24:05::SCWMssOS::Sw design exists and opened at  C:/HLS_Design/Microblaze_GPIO_Interrupt/workspace/Microblaze_GPIO_Interrupt/microblaze_0/standalone_domain/bsp/system.mss
TRACE::2022-06-23.09:24:05::SCWPlatform::Trying to open the hw design at C:/HLS_Design/Microblaze_GPIO_Interrupt/workspace/Microblaze_GPIO_Interrupt/hw/Microblaze_GPIO_Interrupt_design_1_wrapper.xsa
TRACE::2022-06-23.09:24:05::SCWPlatform::DSA given C:/HLS_Design/Microblaze_GPIO_Interrupt/workspace/Microblaze_GPIO_Interrupt/hw/Microblaze_GPIO_Interrupt_design_1_wrapper.xsa
TRACE::2022-06-23.09:24:05::SCWPlatform::DSA absoulate path C:/HLS_Design/Microblaze_GPIO_Interrupt/workspace/Microblaze_GPIO_Interrupt/hw/Microblaze_GPIO_Interrupt_design_1_wrapper.xsa
TRACE::2022-06-23.09:24:05::SCWPlatform::DSA directory C:/HLS_Design/Microblaze_GPIO_Interrupt/workspace/Microblaze_GPIO_Interrupt/hw
TRACE::2022-06-23.09:24:05::SCWPlatform:: Platform Path C:/HLS_Design/Microblaze_GPIO_Interrupt/workspace/Microblaze_GPIO_Interrupt/hw/Microblaze_GPIO_Interrupt_design_1_wrapper.xsa
TRACE::2022-06-23.09:24:05::SCWPlatform:: Unique name xilinx:::0.0
TRACE::2022-06-23.09:24:05::SCWPlatform::Trying to set the existing hwdb with name design_1_wrapper_0
TRACE::2022-06-23.09:24:05::SCWPlatform::Opened existing hwdb design_1_wrapper_0
TRACE::2022-06-23.09:24:05::SCWPlatform::Found the Hw Db part of the input DSA
TRACE::2022-06-23.09:24:05::SCWMssOS::Checking the sw design at  C:/HLS_Design/Microblaze_GPIO_Interrupt/workspace/Microblaze_GPIO_Interrupt/microblaze_0/standalone_domain/bsp/system.mss
TRACE::2022-06-23.09:24:05::SCWMssOS::DEBUG:  swdes dump  C:/HLS_Design/Microblaze_GPIO_Interrupt/workspace/Microblaze_GPIO_Interrupt/microblaze_0/standalone_domain/bsp/system.mss|system||

TRACE::2022-06-23.09:24:05::SCWMssOS::Sw design exists and opened at  C:/HLS_Design/Microblaze_GPIO_Interrupt/workspace/Microblaze_GPIO_Interrupt/microblaze_0/standalone_domain/bsp/system.mss
TRACE::2022-06-23.09:24:05::SCWPlatform::Trying to open the hw design at C:/HLS_Design/Microblaze_GPIO_Interrupt/workspace/Microblaze_GPIO_Interrupt/hw/Microblaze_GPIO_Interrupt_design_1_wrapper.xsa
TRACE::2022-06-23.09:24:05::SCWPlatform::DSA given C:/HLS_Design/Microblaze_GPIO_Interrupt/workspace/Microblaze_GPIO_Interrupt/hw/Microblaze_GPIO_Interrupt_design_1_wrapper.xsa
TRACE::2022-06-23.09:24:05::SCWPlatform::DSA absoulate path C:/HLS_Design/Microblaze_GPIO_Interrupt/workspace/Microblaze_GPIO_Interrupt/hw/Microblaze_GPIO_Interrupt_design_1_wrapper.xsa
TRACE::2022-06-23.09:24:05::SCWPlatform::DSA directory C:/HLS_Design/Microblaze_GPIO_Interrupt/workspace/Microblaze_GPIO_Interrupt/hw
TRACE::2022-06-23.09:24:05::SCWPlatform:: Platform Path C:/HLS_Design/Microblaze_GPIO_Interrupt/workspace/Microblaze_GPIO_Interrupt/hw/Microblaze_GPIO_Interrupt_design_1_wrapper.xsa
TRACE::2022-06-23.09:24:05::SCWPlatform:: Unique name xilinx:::0.0
TRACE::2022-06-23.09:24:05::SCWPlatform::Trying to set the existing hwdb with name design_1_wrapper_0
TRACE::2022-06-23.09:24:05::SCWPlatform::Opened existing hwdb design_1_wrapper_0
TRACE::2022-06-23.09:24:05::SCWPlatform::Found the Hw Db part of the input DSA
TRACE::2022-06-23.09:24:05::SCWMssOS::Checking the sw design at  C:/HLS_Design/Microblaze_GPIO_Interrupt/workspace/Microblaze_GPIO_Interrupt/microblaze_0/standalone_domain/bsp/system.mss
TRACE::2022-06-23.09:24:05::SCWMssOS::DEBUG:  swdes dump  C:/HLS_Design/Microblaze_GPIO_Interrupt/workspace/Microblaze_GPIO_Interrupt/microblaze_0/standalone_domain/bsp/system.mss|system||

TRACE::2022-06-23.09:24:05::SCWMssOS::Sw design exists and opened at  C:/HLS_Design/Microblaze_GPIO_Interrupt/workspace/Microblaze_GPIO_Interrupt/microblaze_0/standalone_domain/bsp/system.mss
TRACE::2022-06-23.09:24:05::SCWWriter::formatted JSON is {
	"platformName":	"Microblaze_GPIO_Interrupt",
	"sprVersion":	"2.0",
	"mode":	"gui",
	"dsaType":	"Fixed",
	"platformDesc":	"Microblaze_GPIO_Interrupt",
	"platHandOff":	"C:/HLS_Design/Microblaze_GPIO_Interrupt/Microblaze_GPIO_Interrupt_design_1_wrapper.xsa",
	"platIntHandOff":	"<platformDir>/hw/Microblaze_GPIO_Interrupt_design_1_wrapper.xsa",
	"deviceType":	"FPGA",
	"platIsPrebuiltAutogen":	"false",
	"platIsNoBootBsp":	"false",
	"hasFsblMakeHasChanges":	"false",
	"hasPmufwMakeHasChanges":	"false",
	"platPreBuiltFlag":	false,
	"platformSamplesDir":	"",
	"platActiveSys":	"Microblaze_GPIO_Interrupt",
	"systems":	[{
			"systemName":	"Microblaze_GPIO_Interrupt",
			"systemDesc":	"Microblaze_GPIO_Interrupt",
			"sysIsBootAutoGen":	"true",
			"systemDispName":	"Microblaze_GPIO_Interrupt",
			"sysActiveDom":	"standalone_domain",
			"sysDefaultDom":	"standalone_domain",
			"domains":	[{
					"domainName":	"standalone_domain",
					"domainDispName":	"standalone_domain",
					"domainDesc":	"standalone_domain",
					"processors":	"microblaze_0",
					"os":	"standalone",
					"sdxOs":	"standalone",
					"debugEnable":	"False",
					"domRuntimes":	["cpp"],
					"swRepo":	"",
					"mssOsVer":	"7.7",
					"mssFile":	"",
					"md5Digest":	"259d759d3cb8762d5a9f0f12ebbb6d72",
					"compatibleApp":	"",
					"domType":	"mssDomain",
					"arch":	"32-bit",
					"appSettings":	{
						"appCompilerFlags":	"",
						"appLinkerFlags":	""
					},
					"addedLibs":	[],
					"libOptions":	{
						"libsContainingOptions":	[]
					},
					"prebuiltLibs":	{
						"prebuiltIncPath":	[],
						"prebuiltLibPath":	[]
					},
					"isolation":	{
					}
				}]
		}]
}
LOG::2022-06-23.09:24:05::SCWPlatform::Started generating the artifacts platform Microblaze_GPIO_Interrupt
TRACE::2022-06-23.09:24:05::SCWPlatform::Sanity checking of platform is completed
LOG::2022-06-23.09:24:05::SCWPlatform::Started generating the artifacts for system configuration Microblaze_GPIO_Interrupt
LOG::2022-06-23.09:24:05::SCWSystem::Checking the domain standalone_domain
LOG::2022-06-23.09:24:05::SCWSystem::Not a boot domain 
LOG::2022-06-23.09:24:05::SCWSystem::Started Processing the domain standalone_domain
TRACE::2022-06-23.09:24:05::SCWDomain::Generating domain artifcats
TRACE::2022-06-23.09:24:05::SCWMssOS::Generating standalone artifcats
TRACE::2022-06-23.09:24:05::SCWMssOS:: Copying the user libraries. 
TRACE::2022-06-23.09:24:05::SCWPlatform::Trying to open the hw design at C:/HLS_Design/Microblaze_GPIO_Interrupt/workspace/Microblaze_GPIO_Interrupt/hw/Microblaze_GPIO_Interrupt_design_1_wrapper.xsa
TRACE::2022-06-23.09:24:05::SCWPlatform::DSA given C:/HLS_Design/Microblaze_GPIO_Interrupt/workspace/Microblaze_GPIO_Interrupt/hw/Microblaze_GPIO_Interrupt_design_1_wrapper.xsa
TRACE::2022-06-23.09:24:05::SCWPlatform::DSA absoulate path C:/HLS_Design/Microblaze_GPIO_Interrupt/workspace/Microblaze_GPIO_Interrupt/hw/Microblaze_GPIO_Interrupt_design_1_wrapper.xsa
TRACE::2022-06-23.09:24:05::SCWPlatform::DSA directory C:/HLS_Design/Microblaze_GPIO_Interrupt/workspace/Microblaze_GPIO_Interrupt/hw
TRACE::2022-06-23.09:24:05::SCWPlatform:: Platform Path C:/HLS_Design/Microblaze_GPIO_Interrupt/workspace/Microblaze_GPIO_Interrupt/hw/Microblaze_GPIO_Interrupt_design_1_wrapper.xsa
TRACE::2022-06-23.09:24:05::SCWPlatform:: Unique name xilinx:::0.0
TRACE::2022-06-23.09:24:05::SCWPlatform::Trying to set the existing hwdb with name design_1_wrapper_0
TRACE::2022-06-23.09:24:05::SCWPlatform::Opened existing hwdb design_1_wrapper_0
TRACE::2022-06-23.09:24:05::SCWPlatform::Found the Hw Db part of the input DSA
TRACE::2022-06-23.09:24:05::SCWMssOS::Checking the sw design at  C:/HLS_Design/Microblaze_GPIO_Interrupt/workspace/Microblaze_GPIO_Interrupt/microblaze_0/standalone_domain/bsp/system.mss
TRACE::2022-06-23.09:24:05::SCWMssOS::DEBUG:  swdes dump  C:/HLS_Design/Microblaze_GPIO_Interrupt/workspace/Microblaze_GPIO_Interrupt/microblaze_0/standalone_domain/bsp/system.mss|system||

TRACE::2022-06-23.09:24:05::SCWMssOS::Sw design exists and opened at  C:/HLS_Design/Microblaze_GPIO_Interrupt/workspace/Microblaze_GPIO_Interrupt/microblaze_0/standalone_domain/bsp/system.mss
TRACE::2022-06-23.09:24:05::SCWMssOS::Completed writing the mss file at C:/HLS_Design/Microblaze_GPIO_Interrupt/workspace/Microblaze_GPIO_Interrupt/microblaze_0/standalone_domain/bsp
TRACE::2022-06-23.09:24:05::SCWMssOS::Mss edits present, copying mssfile into export location C:/HLS_Design/Microblaze_GPIO_Interrupt/workspace/Microblaze_GPIO_Interrupt/microblaze_0/standalone_domain/bsp/system.mss
TRACE::2022-06-23.09:24:05::SCWMssOS::bsp generated is upto date with the mss file. Skipping bsp generation.
TRACE::2022-06-23.09:24:05::SCWMssOS::BSP is already built. skipping the bsp build ... 
TRACE::2022-06-23.09:24:05::SCWDomain::Skipping the build for domain :  standalone_domain
TRACE::2022-06-23.09:24:05::SCWMssOS::skipping the bsp build ... 
TRACE::2022-06-23.09:24:05::SCWMssOS::Copying to export directory.
TRACE::2022-06-23.09:24:05::SCWMssOS:: Checking if to create the Supporting Applications
TRACE::2022-06-23.09:24:05::SCWMssOS:: No Linux domain exists, trying to generate FSBL 
LOG::2022-06-23.09:24:05::SCWSystem::Completed Processing the domain standalone_domain
LOG::2022-06-23.09:24:05::SCWSystem::Completed Processing the sysconfig Microblaze_GPIO_Interrupt
LOG::2022-06-23.09:24:05::SCWPlatform::Completed generating the artifacts for system configuration Microblaze_GPIO_Interrupt
TRACE::2022-06-23.09:24:05::SCWPlatform::Started preparing the platform 
TRACE::2022-06-23.09:24:05::SCWSystem::Writing the bif file for system config Microblaze_GPIO_Interrupt
TRACE::2022-06-23.09:24:05::SCWSystem::dir created 
TRACE::2022-06-23.09:24:05::SCWSystem::Writing the bif 
TRACE::2022-06-23.09:24:05::SCWPlatform::Started writing the spfm file 
TRACE::2022-06-23.09:24:05::SCWPlatform::Started writing the xpfm file 
TRACE::2022-06-23.09:24:05::SCWPlatform::Completed generating the platform
TRACE::2022-06-23.09:24:05::SCWMssOS::Saving the mss changes C:/HLS_Design/Microblaze_GPIO_Interrupt/workspace/Microblaze_GPIO_Interrupt/microblaze_0/standalone_domain/bsp/system.mss
TRACE::2022-06-23.09:24:05::SCWMssOS::Found a swdesign opened with the mssfile.
TRACE::2022-06-23.09:24:05::SCWMssOS::Completed writemss as part of save.
TRACE::2022-06-23.09:24:05::SCWMssOS::Commit changes completed.
TRACE::2022-06-23.09:24:05::SCWPlatform::Trying to open the hw design at C:/HLS_Design/Microblaze_GPIO_Interrupt/workspace/Microblaze_GPIO_Interrupt/hw/Microblaze_GPIO_Interrupt_design_1_wrapper.xsa
TRACE::2022-06-23.09:24:05::SCWPlatform::DSA given C:/HLS_Design/Microblaze_GPIO_Interrupt/workspace/Microblaze_GPIO_Interrupt/hw/Microblaze_GPIO_Interrupt_design_1_wrapper.xsa
TRACE::2022-06-23.09:24:05::SCWPlatform::DSA absoulate path C:/HLS_Design/Microblaze_GPIO_Interrupt/workspace/Microblaze_GPIO_Interrupt/hw/Microblaze_GPIO_Interrupt_design_1_wrapper.xsa
TRACE::2022-06-23.09:24:05::SCWPlatform::DSA directory C:/HLS_Design/Microblaze_GPIO_Interrupt/workspace/Microblaze_GPIO_Interrupt/hw
TRACE::2022-06-23.09:24:05::SCWPlatform:: Platform Path C:/HLS_Design/Microblaze_GPIO_Interrupt/workspace/Microblaze_GPIO_Interrupt/hw/Microblaze_GPIO_Interrupt_design_1_wrapper.xsa
TRACE::2022-06-23.09:24:05::SCWPlatform:: Unique name xilinx:::0.0
TRACE::2022-06-23.09:24:05::SCWPlatform::Trying to set the existing hwdb with name design_1_wrapper_0
TRACE::2022-06-23.09:24:05::SCWPlatform::Opened existing hwdb design_1_wrapper_0
TRACE::2022-06-23.09:24:05::SCWPlatform::Found the Hw Db part of the input DSA
TRACE::2022-06-23.09:24:05::SCWMssOS::Checking the sw design at  C:/HLS_Design/Microblaze_GPIO_Interrupt/workspace/Microblaze_GPIO_Interrupt/microblaze_0/standalone_domain/bsp/system.mss
TRACE::2022-06-23.09:24:05::SCWMssOS::DEBUG:  swdes dump  C:/HLS_Design/Microblaze_GPIO_Interrupt/workspace/Microblaze_GPIO_Interrupt/microblaze_0/standalone_domain/bsp/system.mss|system||

TRACE::2022-06-23.09:24:05::SCWMssOS::Sw design exists and opened at  C:/HLS_Design/Microblaze_GPIO_Interrupt/workspace/Microblaze_GPIO_Interrupt/microblaze_0/standalone_domain/bsp/system.mss
TRACE::2022-06-23.09:24:05::SCWPlatform::Trying to open the hw design at C:/HLS_Design/Microblaze_GPIO_Interrupt/workspace/Microblaze_GPIO_Interrupt/hw/Microblaze_GPIO_Interrupt_design_1_wrapper.xsa
TRACE::2022-06-23.09:24:05::SCWPlatform::DSA given C:/HLS_Design/Microblaze_GPIO_Interrupt/workspace/Microblaze_GPIO_Interrupt/hw/Microblaze_GPIO_Interrupt_design_1_wrapper.xsa
TRACE::2022-06-23.09:24:05::SCWPlatform::DSA absoulate path C:/HLS_Design/Microblaze_GPIO_Interrupt/workspace/Microblaze_GPIO_Interrupt/hw/Microblaze_GPIO_Interrupt_design_1_wrapper.xsa
TRACE::2022-06-23.09:24:05::SCWPlatform::DSA directory C:/HLS_Design/Microblaze_GPIO_Interrupt/workspace/Microblaze_GPIO_Interrupt/hw
TRACE::2022-06-23.09:24:05::SCWPlatform:: Platform Path C:/HLS_Design/Microblaze_GPIO_Interrupt/workspace/Microblaze_GPIO_Interrupt/hw/Microblaze_GPIO_Interrupt_design_1_wrapper.xsa
TRACE::2022-06-23.09:24:05::SCWPlatform:: Unique name xilinx:::0.0
TRACE::2022-06-23.09:24:05::SCWPlatform::Trying to set the existing hwdb with name design_1_wrapper_0
TRACE::2022-06-23.09:24:05::SCWPlatform::Opened existing hwdb design_1_wrapper_0
TRACE::2022-06-23.09:24:05::SCWPlatform::Found the Hw Db part of the input DSA
TRACE::2022-06-23.09:24:05::SCWMssOS::Checking the sw design at  C:/HLS_Design/Microblaze_GPIO_Interrupt/workspace/Microblaze_GPIO_Interrupt/microblaze_0/standalone_domain/bsp/system.mss
TRACE::2022-06-23.09:24:05::SCWMssOS::DEBUG:  swdes dump  C:/HLS_Design/Microblaze_GPIO_Interrupt/workspace/Microblaze_GPIO_Interrupt/microblaze_0/standalone_domain/bsp/system.mss|system||

TRACE::2022-06-23.09:24:05::SCWMssOS::Sw design exists and opened at  C:/HLS_Design/Microblaze_GPIO_Interrupt/workspace/Microblaze_GPIO_Interrupt/microblaze_0/standalone_domain/bsp/system.mss
TRACE::2022-06-23.09:24:05::SCWPlatform::Trying to open the hw design at C:/HLS_Design/Microblaze_GPIO_Interrupt/workspace/Microblaze_GPIO_Interrupt/hw/Microblaze_GPIO_Interrupt_design_1_wrapper.xsa
TRACE::2022-06-23.09:24:05::SCWPlatform::DSA given C:/HLS_Design/Microblaze_GPIO_Interrupt/workspace/Microblaze_GPIO_Interrupt/hw/Microblaze_GPIO_Interrupt_design_1_wrapper.xsa
TRACE::2022-06-23.09:24:05::SCWPlatform::DSA absoulate path C:/HLS_Design/Microblaze_GPIO_Interrupt/workspace/Microblaze_GPIO_Interrupt/hw/Microblaze_GPIO_Interrupt_design_1_wrapper.xsa
TRACE::2022-06-23.09:24:05::SCWPlatform::DSA directory C:/HLS_Design/Microblaze_GPIO_Interrupt/workspace/Microblaze_GPIO_Interrupt/hw
TRACE::2022-06-23.09:24:05::SCWPlatform:: Platform Path C:/HLS_Design/Microblaze_GPIO_Interrupt/workspace/Microblaze_GPIO_Interrupt/hw/Microblaze_GPIO_Interrupt_design_1_wrapper.xsa
TRACE::2022-06-23.09:24:05::SCWPlatform:: Unique name xilinx:::0.0
TRACE::2022-06-23.09:24:05::SCWPlatform::Trying to set the existing hwdb with name design_1_wrapper_0
TRACE::2022-06-23.09:24:05::SCWPlatform::Opened existing hwdb design_1_wrapper_0
TRACE::2022-06-23.09:24:05::SCWPlatform::Found the Hw Db part of the input DSA
TRACE::2022-06-23.09:24:05::SCWMssOS::Checking the sw design at  C:/HLS_Design/Microblaze_GPIO_Interrupt/workspace/Microblaze_GPIO_Interrupt/microblaze_0/standalone_domain/bsp/system.mss
TRACE::2022-06-23.09:24:05::SCWMssOS::DEBUG:  swdes dump  C:/HLS_Design/Microblaze_GPIO_Interrupt/workspace/Microblaze_GPIO_Interrupt/microblaze_0/standalone_domain/bsp/system.mss|system||

TRACE::2022-06-23.09:24:05::SCWMssOS::Sw design exists and opened at  C:/HLS_Design/Microblaze_GPIO_Interrupt/workspace/Microblaze_GPIO_Interrupt/microblaze_0/standalone_domain/bsp/system.mss
TRACE::2022-06-23.09:24:05::SCWWriter::formatted JSON is {
	"platformName":	"Microblaze_GPIO_Interrupt",
	"sprVersion":	"2.0",
	"mode":	"gui",
	"dsaType":	"Fixed",
	"platformDesc":	"Microblaze_GPIO_Interrupt",
	"platHandOff":	"C:/HLS_Design/Microblaze_GPIO_Interrupt/Microblaze_GPIO_Interrupt_design_1_wrapper.xsa",
	"platIntHandOff":	"<platformDir>/hw/Microblaze_GPIO_Interrupt_design_1_wrapper.xsa",
	"deviceType":	"FPGA",
	"platIsPrebuiltAutogen":	"false",
	"platIsNoBootBsp":	"false",
	"hasFsblMakeHasChanges":	"false",
	"hasPmufwMakeHasChanges":	"false",
	"platPreBuiltFlag":	false,
	"platformSamplesDir":	"",
	"platActiveSys":	"Microblaze_GPIO_Interrupt",
	"systems":	[{
			"systemName":	"Microblaze_GPIO_Interrupt",
			"systemDesc":	"Microblaze_GPIO_Interrupt",
			"sysIsBootAutoGen":	"true",
			"systemDispName":	"Microblaze_GPIO_Interrupt",
			"sysActiveDom":	"standalone_domain",
			"sysDefaultDom":	"standalone_domain",
			"domains":	[{
					"domainName":	"standalone_domain",
					"domainDispName":	"standalone_domain",
					"domainDesc":	"standalone_domain",
					"processors":	"microblaze_0",
					"os":	"standalone",
					"sdxOs":	"standalone",
					"debugEnable":	"False",
					"domRuntimes":	["cpp"],
					"swRepo":	"",
					"mssOsVer":	"7.7",
					"mssFile":	"",
					"md5Digest":	"259d759d3cb8762d5a9f0f12ebbb6d72",
					"compatibleApp":	"",
					"domType":	"mssDomain",
					"arch":	"32-bit",
					"appSettings":	{
						"appCompilerFlags":	"",
						"appLinkerFlags":	""
					},
					"addedLibs":	[],
					"libOptions":	{
						"libsContainingOptions":	[]
					},
					"prebuiltLibs":	{
						"prebuiltIncPath":	[],
						"prebuiltLibPath":	[]
					},
					"isolation":	{
					}
				}]
		}]
}
KEYINFO::2022-06-23.09:24:05::SCWPlatform::updated the xpfm file.
TRACE::2022-06-23.09:24:06::SCWPlatform::Trying to open the hw design at C:/HLS_Design/Microblaze_GPIO_Interrupt/workspace/Microblaze_GPIO_Interrupt/hw/Microblaze_GPIO_Interrupt_design_1_wrapper.xsa
TRACE::2022-06-23.09:24:06::SCWPlatform::DSA given C:/HLS_Design/Microblaze_GPIO_Interrupt/workspace/Microblaze_GPIO_Interrupt/hw/Microblaze_GPIO_Interrupt_design_1_wrapper.xsa
TRACE::2022-06-23.09:24:06::SCWPlatform::DSA absoulate path C:/HLS_Design/Microblaze_GPIO_Interrupt/workspace/Microblaze_GPIO_Interrupt/hw/Microblaze_GPIO_Interrupt_design_1_wrapper.xsa
TRACE::2022-06-23.09:24:06::SCWPlatform::DSA directory C:/HLS_Design/Microblaze_GPIO_Interrupt/workspace/Microblaze_GPIO_Interrupt/hw
TRACE::2022-06-23.09:24:06::SCWPlatform:: Platform Path C:/HLS_Design/Microblaze_GPIO_Interrupt/workspace/Microblaze_GPIO_Interrupt/hw/Microblaze_GPIO_Interrupt_design_1_wrapper.xsa
TRACE::2022-06-23.09:24:06::SCWPlatform:: Unique name xilinx:::0.0
TRACE::2022-06-23.09:24:06::SCWPlatform::Trying to set the existing hwdb with name design_1_wrapper_0
TRACE::2022-06-23.09:24:06::SCWPlatform::Opened existing hwdb design_1_wrapper_0
TRACE::2022-06-23.09:24:06::SCWPlatform::Found the Hw Db part of the input DSA
TRACE::2022-06-23.09:24:06::SCWMssOS::Checking the sw design at  C:/HLS_Design/Microblaze_GPIO_Interrupt/workspace/Microblaze_GPIO_Interrupt/microblaze_0/standalone_domain/bsp/system.mss
TRACE::2022-06-23.09:24:06::SCWMssOS::DEBUG:  swdes dump  C:/HLS_Design/Microblaze_GPIO_Interrupt/workspace/Microblaze_GPIO_Interrupt/microblaze_0/standalone_domain/bsp/system.mss|system||

TRACE::2022-06-23.09:24:06::SCWMssOS::Sw design exists and opened at  C:/HLS_Design/Microblaze_GPIO_Interrupt/workspace/Microblaze_GPIO_Interrupt/microblaze_0/standalone_domain/bsp/system.mss
TRACE::2022-06-23.09:24:06::SCWMssOS::Saving the mss changes C:/HLS_Design/Microblaze_GPIO_Interrupt/workspace/Microblaze_GPIO_Interrupt/microblaze_0/standalone_domain/bsp/system.mss
TRACE::2022-06-23.09:24:06::SCWMssOS::Found a swdesign opened with the mssfile.
TRACE::2022-06-23.09:24:06::SCWMssOS::Completed writemss as part of save.
TRACE::2022-06-23.09:24:06::SCWMssOS::Commit changes completed.
TRACE::2022-06-23.09:24:06::SCWPlatform::Trying to open the hw design at C:/HLS_Design/Microblaze_GPIO_Interrupt/workspace/Microblaze_GPIO_Interrupt/hw/Microblaze_GPIO_Interrupt_design_1_wrapper.xsa
TRACE::2022-06-23.09:24:06::SCWPlatform::DSA given C:/HLS_Design/Microblaze_GPIO_Interrupt/workspace/Microblaze_GPIO_Interrupt/hw/Microblaze_GPIO_Interrupt_design_1_wrapper.xsa
TRACE::2022-06-23.09:24:06::SCWPlatform::DSA absoulate path C:/HLS_Design/Microblaze_GPIO_Interrupt/workspace/Microblaze_GPIO_Interrupt/hw/Microblaze_GPIO_Interrupt_design_1_wrapper.xsa
TRACE::2022-06-23.09:24:06::SCWPlatform::DSA directory C:/HLS_Design/Microblaze_GPIO_Interrupt/workspace/Microblaze_GPIO_Interrupt/hw
TRACE::2022-06-23.09:24:06::SCWPlatform:: Platform Path C:/HLS_Design/Microblaze_GPIO_Interrupt/workspace/Microblaze_GPIO_Interrupt/hw/Microblaze_GPIO_Interrupt_design_1_wrapper.xsa
TRACE::2022-06-23.09:24:06::SCWPlatform:: Unique name xilinx:::0.0
TRACE::2022-06-23.09:24:06::SCWPlatform::Trying to set the existing hwdb with name design_1_wrapper_0
TRACE::2022-06-23.09:24:06::SCWPlatform::Opened existing hwdb design_1_wrapper_0
TRACE::2022-06-23.09:24:06::SCWPlatform::Found the Hw Db part of the input DSA
TRACE::2022-06-23.09:24:06::SCWMssOS::Checking the sw design at  C:/HLS_Design/Microblaze_GPIO_Interrupt/workspace/Microblaze_GPIO_Interrupt/microblaze_0/standalone_domain/bsp/system.mss
TRACE::2022-06-23.09:24:06::SCWMssOS::DEBUG:  swdes dump  C:/HLS_Design/Microblaze_GPIO_Interrupt/workspace/Microblaze_GPIO_Interrupt/microblaze_0/standalone_domain/bsp/system.mss|system||

TRACE::2022-06-23.09:24:06::SCWMssOS::Sw design exists and opened at  C:/HLS_Design/Microblaze_GPIO_Interrupt/workspace/Microblaze_GPIO_Interrupt/microblaze_0/standalone_domain/bsp/system.mss
TRACE::2022-06-23.09:24:06::SCWPlatform::Trying to open the hw design at C:/HLS_Design/Microblaze_GPIO_Interrupt/workspace/Microblaze_GPIO_Interrupt/hw/Microblaze_GPIO_Interrupt_design_1_wrapper.xsa
TRACE::2022-06-23.09:24:06::SCWPlatform::DSA given C:/HLS_Design/Microblaze_GPIO_Interrupt/workspace/Microblaze_GPIO_Interrupt/hw/Microblaze_GPIO_Interrupt_design_1_wrapper.xsa
TRACE::2022-06-23.09:24:06::SCWPlatform::DSA absoulate path C:/HLS_Design/Microblaze_GPIO_Interrupt/workspace/Microblaze_GPIO_Interrupt/hw/Microblaze_GPIO_Interrupt_design_1_wrapper.xsa
TRACE::2022-06-23.09:24:06::SCWPlatform::DSA directory C:/HLS_Design/Microblaze_GPIO_Interrupt/workspace/Microblaze_GPIO_Interrupt/hw
TRACE::2022-06-23.09:24:06::SCWPlatform:: Platform Path C:/HLS_Design/Microblaze_GPIO_Interrupt/workspace/Microblaze_GPIO_Interrupt/hw/Microblaze_GPIO_Interrupt_design_1_wrapper.xsa
TRACE::2022-06-23.09:24:06::SCWPlatform:: Unique name xilinx:::0.0
TRACE::2022-06-23.09:24:06::SCWPlatform::Trying to set the existing hwdb with name design_1_wrapper_0
TRACE::2022-06-23.09:24:06::SCWPlatform::Opened existing hwdb design_1_wrapper_0
TRACE::2022-06-23.09:24:06::SCWPlatform::Found the Hw Db part of the input DSA
TRACE::2022-06-23.09:24:06::SCWMssOS::Checking the sw design at  C:/HLS_Design/Microblaze_GPIO_Interrupt/workspace/Microblaze_GPIO_Interrupt/microblaze_0/standalone_domain/bsp/system.mss
TRACE::2022-06-23.09:24:06::SCWMssOS::DEBUG:  swdes dump  C:/HLS_Design/Microblaze_GPIO_Interrupt/workspace/Microblaze_GPIO_Interrupt/microblaze_0/standalone_domain/bsp/system.mss|system||

TRACE::2022-06-23.09:24:06::SCWMssOS::Sw design exists and opened at  C:/HLS_Design/Microblaze_GPIO_Interrupt/workspace/Microblaze_GPIO_Interrupt/microblaze_0/standalone_domain/bsp/system.mss
TRACE::2022-06-23.09:24:06::SCWPlatform::Trying to open the hw design at C:/HLS_Design/Microblaze_GPIO_Interrupt/workspace/Microblaze_GPIO_Interrupt/hw/Microblaze_GPIO_Interrupt_design_1_wrapper.xsa
TRACE::2022-06-23.09:24:06::SCWPlatform::DSA given C:/HLS_Design/Microblaze_GPIO_Interrupt/workspace/Microblaze_GPIO_Interrupt/hw/Microblaze_GPIO_Interrupt_design_1_wrapper.xsa
TRACE::2022-06-23.09:24:06::SCWPlatform::DSA absoulate path C:/HLS_Design/Microblaze_GPIO_Interrupt/workspace/Microblaze_GPIO_Interrupt/hw/Microblaze_GPIO_Interrupt_design_1_wrapper.xsa
TRACE::2022-06-23.09:24:06::SCWPlatform::DSA directory C:/HLS_Design/Microblaze_GPIO_Interrupt/workspace/Microblaze_GPIO_Interrupt/hw
TRACE::2022-06-23.09:24:06::SCWPlatform:: Platform Path C:/HLS_Design/Microblaze_GPIO_Interrupt/workspace/Microblaze_GPIO_Interrupt/hw/Microblaze_GPIO_Interrupt_design_1_wrapper.xsa
TRACE::2022-06-23.09:24:06::SCWPlatform:: Unique name xilinx:::0.0
TRACE::2022-06-23.09:24:06::SCWPlatform::Trying to set the existing hwdb with name design_1_wrapper_0
TRACE::2022-06-23.09:24:06::SCWPlatform::Opened existing hwdb design_1_wrapper_0
TRACE::2022-06-23.09:24:06::SCWPlatform::Found the Hw Db part of the input DSA
TRACE::2022-06-23.09:24:06::SCWMssOS::Checking the sw design at  C:/HLS_Design/Microblaze_GPIO_Interrupt/workspace/Microblaze_GPIO_Interrupt/microblaze_0/standalone_domain/bsp/system.mss
TRACE::2022-06-23.09:24:06::SCWMssOS::DEBUG:  swdes dump  C:/HLS_Design/Microblaze_GPIO_Interrupt/workspace/Microblaze_GPIO_Interrupt/microblaze_0/standalone_domain/bsp/system.mss|system||

TRACE::2022-06-23.09:24:06::SCWMssOS::Sw design exists and opened at  C:/HLS_Design/Microblaze_GPIO_Interrupt/workspace/Microblaze_GPIO_Interrupt/microblaze_0/standalone_domain/bsp/system.mss
TRACE::2022-06-23.09:24:06::SCWWriter::formatted JSON is {
	"platformName":	"Microblaze_GPIO_Interrupt",
	"sprVersion":	"2.0",
	"mode":	"gui",
	"dsaType":	"Fixed",
	"platformDesc":	"Microblaze_GPIO_Interrupt",
	"platHandOff":	"C:/HLS_Design/Microblaze_GPIO_Interrupt/Microblaze_GPIO_Interrupt_design_1_wrapper.xsa",
	"platIntHandOff":	"<platformDir>/hw/Microblaze_GPIO_Interrupt_design_1_wrapper.xsa",
	"deviceType":	"FPGA",
	"platIsPrebuiltAutogen":	"false",
	"platIsNoBootBsp":	"false",
	"hasFsblMakeHasChanges":	"false",
	"hasPmufwMakeHasChanges":	"false",
	"platPreBuiltFlag":	false,
	"platformSamplesDir":	"",
	"platActiveSys":	"Microblaze_GPIO_Interrupt",
	"systems":	[{
			"systemName":	"Microblaze_GPIO_Interrupt",
			"systemDesc":	"Microblaze_GPIO_Interrupt",
			"sysIsBootAutoGen":	"true",
			"systemDispName":	"Microblaze_GPIO_Interrupt",
			"sysActiveDom":	"standalone_domain",
			"sysDefaultDom":	"standalone_domain",
			"domains":	[{
					"domainName":	"standalone_domain",
					"domainDispName":	"standalone_domain",
					"domainDesc":	"standalone_domain",
					"processors":	"microblaze_0",
					"os":	"standalone",
					"sdxOs":	"standalone",
					"debugEnable":	"False",
					"domRuntimes":	["cpp"],
					"swRepo":	"",
					"mssOsVer":	"7.7",
					"mssFile":	"",
					"md5Digest":	"259d759d3cb8762d5a9f0f12ebbb6d72",
					"compatibleApp":	"",
					"domType":	"mssDomain",
					"arch":	"32-bit",
					"appSettings":	{
						"appCompilerFlags":	"",
						"appLinkerFlags":	""
					},
					"addedLibs":	[],
					"libOptions":	{
						"libsContainingOptions":	[]
					},
					"prebuiltLibs":	{
						"prebuiltIncPath":	[],
						"prebuiltLibPath":	[]
					},
					"isolation":	{
					}
				}]
		}]
}
TRACE::2022-06-23.09:24:06::SCWPlatform::Trying to open the hw design at C:/HLS_Design/Microblaze_GPIO_Interrupt/workspace/Microblaze_GPIO_Interrupt/hw/Microblaze_GPIO_Interrupt_design_1_wrapper.xsa
TRACE::2022-06-23.09:24:06::SCWPlatform::DSA given C:/HLS_Design/Microblaze_GPIO_Interrupt/workspace/Microblaze_GPIO_Interrupt/hw/Microblaze_GPIO_Interrupt_design_1_wrapper.xsa
TRACE::2022-06-23.09:24:06::SCWPlatform::DSA absoulate path C:/HLS_Design/Microblaze_GPIO_Interrupt/workspace/Microblaze_GPIO_Interrupt/hw/Microblaze_GPIO_Interrupt_design_1_wrapper.xsa
TRACE::2022-06-23.09:24:06::SCWPlatform::DSA directory C:/HLS_Design/Microblaze_GPIO_Interrupt/workspace/Microblaze_GPIO_Interrupt/hw
TRACE::2022-06-23.09:24:06::SCWPlatform:: Platform Path C:/HLS_Design/Microblaze_GPIO_Interrupt/workspace/Microblaze_GPIO_Interrupt/hw/Microblaze_GPIO_Interrupt_design_1_wrapper.xsa
TRACE::2022-06-23.09:24:06::SCWPlatform:: Unique name xilinx:::0.0
TRACE::2022-06-23.09:24:06::SCWPlatform::Trying to set the existing hwdb with name design_1_wrapper_0
TRACE::2022-06-23.09:24:06::SCWPlatform::Opened existing hwdb design_1_wrapper_0
TRACE::2022-06-23.09:24:06::SCWPlatform::Found the Hw Db part of the input DSA
TRACE::2022-06-23.09:24:06::SCWMssOS::Checking the sw design at  C:/HLS_Design/Microblaze_GPIO_Interrupt/workspace/Microblaze_GPIO_Interrupt/microblaze_0/standalone_domain/bsp/system.mss
TRACE::2022-06-23.09:24:06::SCWMssOS::DEBUG:  swdes dump  C:/HLS_Design/Microblaze_GPIO_Interrupt/workspace/Microblaze_GPIO_Interrupt/microblaze_0/standalone_domain/bsp/system.mss|system||

TRACE::2022-06-23.09:24:06::SCWMssOS::Sw design exists and opened at  C:/HLS_Design/Microblaze_GPIO_Interrupt/workspace/Microblaze_GPIO_Interrupt/microblaze_0/standalone_domain/bsp/system.mss
TRACE::2022-06-23.09:24:06::SCWPlatform::Trying to open the hw design at C:/HLS_Design/Microblaze_GPIO_Interrupt/workspace/Microblaze_GPIO_Interrupt/hw/Microblaze_GPIO_Interrupt_design_1_wrapper.xsa
TRACE::2022-06-23.09:24:06::SCWPlatform::DSA given C:/HLS_Design/Microblaze_GPIO_Interrupt/workspace/Microblaze_GPIO_Interrupt/hw/Microblaze_GPIO_Interrupt_design_1_wrapper.xsa
TRACE::2022-06-23.09:24:06::SCWPlatform::DSA absoulate path C:/HLS_Design/Microblaze_GPIO_Interrupt/workspace/Microblaze_GPIO_Interrupt/hw/Microblaze_GPIO_Interrupt_design_1_wrapper.xsa
TRACE::2022-06-23.09:24:06::SCWPlatform::DSA directory C:/HLS_Design/Microblaze_GPIO_Interrupt/workspace/Microblaze_GPIO_Interrupt/hw
TRACE::2022-06-23.09:24:06::SCWPlatform:: Platform Path C:/HLS_Design/Microblaze_GPIO_Interrupt/workspace/Microblaze_GPIO_Interrupt/hw/Microblaze_GPIO_Interrupt_design_1_wrapper.xsa
TRACE::2022-06-23.09:24:06::SCWPlatform:: Unique name xilinx:::0.0
TRACE::2022-06-23.09:24:06::SCWPlatform::Trying to set the existing hwdb with name design_1_wrapper_0
TRACE::2022-06-23.09:24:06::SCWPlatform::Opened existing hwdb design_1_wrapper_0
TRACE::2022-06-23.09:24:06::SCWPlatform::Found the Hw Db part of the input DSA
TRACE::2022-06-23.09:24:06::SCWMssOS::Checking the sw design at  C:/HLS_Design/Microblaze_GPIO_Interrupt/workspace/Microblaze_GPIO_Interrupt/microblaze_0/standalone_domain/bsp/system.mss
TRACE::2022-06-23.09:24:06::SCWMssOS::DEBUG:  swdes dump  C:/HLS_Design/Microblaze_GPIO_Interrupt/workspace/Microblaze_GPIO_Interrupt/microblaze_0/standalone_domain/bsp/system.mss|system||

TRACE::2022-06-23.09:24:06::SCWMssOS::Sw design exists and opened at  C:/HLS_Design/Microblaze_GPIO_Interrupt/workspace/Microblaze_GPIO_Interrupt/microblaze_0/standalone_domain/bsp/system.mss
TRACE::2022-06-23.09:24:06::SCWPlatform::Trying to open the hw design at C:/HLS_Design/Microblaze_GPIO_Interrupt/workspace/Microblaze_GPIO_Interrupt/hw/Microblaze_GPIO_Interrupt_design_1_wrapper.xsa
TRACE::2022-06-23.09:24:06::SCWPlatform::DSA given C:/HLS_Design/Microblaze_GPIO_Interrupt/workspace/Microblaze_GPIO_Interrupt/hw/Microblaze_GPIO_Interrupt_design_1_wrapper.xsa
TRACE::2022-06-23.09:24:06::SCWPlatform::DSA absoulate path C:/HLS_Design/Microblaze_GPIO_Interrupt/workspace/Microblaze_GPIO_Interrupt/hw/Microblaze_GPIO_Interrupt_design_1_wrapper.xsa
TRACE::2022-06-23.09:24:06::SCWPlatform::DSA directory C:/HLS_Design/Microblaze_GPIO_Interrupt/workspace/Microblaze_GPIO_Interrupt/hw
TRACE::2022-06-23.09:24:06::SCWPlatform:: Platform Path C:/HLS_Design/Microblaze_GPIO_Interrupt/workspace/Microblaze_GPIO_Interrupt/hw/Microblaze_GPIO_Interrupt_design_1_wrapper.xsa
TRACE::2022-06-23.09:24:06::SCWPlatform:: Unique name xilinx:::0.0
TRACE::2022-06-23.09:24:06::SCWPlatform::Trying to set the existing hwdb with name design_1_wrapper_0
TRACE::2022-06-23.09:24:06::SCWPlatform::Opened existing hwdb design_1_wrapper_0
TRACE::2022-06-23.09:24:06::SCWPlatform::Found the Hw Db part of the input DSA
TRACE::2022-06-23.09:24:06::SCWMssOS::Checking the sw design at  C:/HLS_Design/Microblaze_GPIO_Interrupt/workspace/Microblaze_GPIO_Interrupt/microblaze_0/standalone_domain/bsp/system.mss
TRACE::2022-06-23.09:24:06::SCWMssOS::DEBUG:  swdes dump  C:/HLS_Design/Microblaze_GPIO_Interrupt/workspace/Microblaze_GPIO_Interrupt/microblaze_0/standalone_domain/bsp/system.mss|system||

TRACE::2022-06-23.09:24:06::SCWMssOS::Sw design exists and opened at  C:/HLS_Design/Microblaze_GPIO_Interrupt/workspace/Microblaze_GPIO_Interrupt/microblaze_0/standalone_domain/bsp/system.mss
TRACE::2022-06-23.09:24:06::SCWMssOS::Saving the mss changes C:/HLS_Design/Microblaze_GPIO_Interrupt/workspace/Microblaze_GPIO_Interrupt/microblaze_0/standalone_domain/bsp/system.mss
TRACE::2022-06-23.09:24:06::SCWMssOS::Found a swdesign opened with the mssfile.
TRACE::2022-06-23.09:24:06::SCWMssOS::Completed writemss as part of save.
TRACE::2022-06-23.09:24:06::SCWMssOS::Commit changes completed.
TRACE::2022-06-23.09:24:06::SCWPlatform::Trying to open the hw design at C:/HLS_Design/Microblaze_GPIO_Interrupt/workspace/Microblaze_GPIO_Interrupt/hw/Microblaze_GPIO_Interrupt_design_1_wrapper.xsa
TRACE::2022-06-23.09:24:06::SCWPlatform::DSA given C:/HLS_Design/Microblaze_GPIO_Interrupt/workspace/Microblaze_GPIO_Interrupt/hw/Microblaze_GPIO_Interrupt_design_1_wrapper.xsa
TRACE::2022-06-23.09:24:06::SCWPlatform::DSA absoulate path C:/HLS_Design/Microblaze_GPIO_Interrupt/workspace/Microblaze_GPIO_Interrupt/hw/Microblaze_GPIO_Interrupt_design_1_wrapper.xsa
TRACE::2022-06-23.09:24:06::SCWPlatform::DSA directory C:/HLS_Design/Microblaze_GPIO_Interrupt/workspace/Microblaze_GPIO_Interrupt/hw
TRACE::2022-06-23.09:24:06::SCWPlatform:: Platform Path C:/HLS_Design/Microblaze_GPIO_Interrupt/workspace/Microblaze_GPIO_Interrupt/hw/Microblaze_GPIO_Interrupt_design_1_wrapper.xsa
TRACE::2022-06-23.09:24:06::SCWPlatform:: Unique name xilinx:::0.0
TRACE::2022-06-23.09:24:06::SCWPlatform::Trying to set the existing hwdb with name design_1_wrapper_0
TRACE::2022-06-23.09:24:06::SCWPlatform::Opened existing hwdb design_1_wrapper_0
TRACE::2022-06-23.09:24:06::SCWPlatform::Found the Hw Db part of the input DSA
TRACE::2022-06-23.09:24:06::SCWMssOS::Checking the sw design at  C:/HLS_Design/Microblaze_GPIO_Interrupt/workspace/Microblaze_GPIO_Interrupt/microblaze_0/standalone_domain/bsp/system.mss
TRACE::2022-06-23.09:24:06::SCWMssOS::DEBUG:  swdes dump  C:/HLS_Design/Microblaze_GPIO_Interrupt/workspace/Microblaze_GPIO_Interrupt/microblaze_0/standalone_domain/bsp/system.mss|system||

TRACE::2022-06-23.09:24:06::SCWMssOS::Sw design exists and opened at  C:/HLS_Design/Microblaze_GPIO_Interrupt/workspace/Microblaze_GPIO_Interrupt/microblaze_0/standalone_domain/bsp/system.mss
TRACE::2022-06-23.09:24:06::SCWPlatform::Trying to open the hw design at C:/HLS_Design/Microblaze_GPIO_Interrupt/workspace/Microblaze_GPIO_Interrupt/hw/Microblaze_GPIO_Interrupt_design_1_wrapper.xsa
TRACE::2022-06-23.09:24:06::SCWPlatform::DSA given C:/HLS_Design/Microblaze_GPIO_Interrupt/workspace/Microblaze_GPIO_Interrupt/hw/Microblaze_GPIO_Interrupt_design_1_wrapper.xsa
TRACE::2022-06-23.09:24:06::SCWPlatform::DSA absoulate path C:/HLS_Design/Microblaze_GPIO_Interrupt/workspace/Microblaze_GPIO_Interrupt/hw/Microblaze_GPIO_Interrupt_design_1_wrapper.xsa
TRACE::2022-06-23.09:24:06::SCWPlatform::DSA directory C:/HLS_Design/Microblaze_GPIO_Interrupt/workspace/Microblaze_GPIO_Interrupt/hw
TRACE::2022-06-23.09:24:06::SCWPlatform:: Platform Path C:/HLS_Design/Microblaze_GPIO_Interrupt/workspace/Microblaze_GPIO_Interrupt/hw/Microblaze_GPIO_Interrupt_design_1_wrapper.xsa
TRACE::2022-06-23.09:24:06::SCWPlatform:: Unique name xilinx:::0.0
TRACE::2022-06-23.09:24:06::SCWPlatform::Trying to set the existing hwdb with name design_1_wrapper_0
TRACE::2022-06-23.09:24:06::SCWPlatform::Opened existing hwdb design_1_wrapper_0
TRACE::2022-06-23.09:24:06::SCWPlatform::Found the Hw Db part of the input DSA
TRACE::2022-06-23.09:24:06::SCWMssOS::Checking the sw design at  C:/HLS_Design/Microblaze_GPIO_Interrupt/workspace/Microblaze_GPIO_Interrupt/microblaze_0/standalone_domain/bsp/system.mss
TRACE::2022-06-23.09:24:06::SCWMssOS::DEBUG:  swdes dump  C:/HLS_Design/Microblaze_GPIO_Interrupt/workspace/Microblaze_GPIO_Interrupt/microblaze_0/standalone_domain/bsp/system.mss|system||

TRACE::2022-06-23.09:24:06::SCWMssOS::Sw design exists and opened at  C:/HLS_Design/Microblaze_GPIO_Interrupt/workspace/Microblaze_GPIO_Interrupt/microblaze_0/standalone_domain/bsp/system.mss
TRACE::2022-06-23.09:24:06::SCWPlatform::Trying to open the hw design at C:/HLS_Design/Microblaze_GPIO_Interrupt/workspace/Microblaze_GPIO_Interrupt/hw/Microblaze_GPIO_Interrupt_design_1_wrapper.xsa
TRACE::2022-06-23.09:24:06::SCWPlatform::DSA given C:/HLS_Design/Microblaze_GPIO_Interrupt/workspace/Microblaze_GPIO_Interrupt/hw/Microblaze_GPIO_Interrupt_design_1_wrapper.xsa
TRACE::2022-06-23.09:24:06::SCWPlatform::DSA absoulate path C:/HLS_Design/Microblaze_GPIO_Interrupt/workspace/Microblaze_GPIO_Interrupt/hw/Microblaze_GPIO_Interrupt_design_1_wrapper.xsa
TRACE::2022-06-23.09:24:06::SCWPlatform::DSA directory C:/HLS_Design/Microblaze_GPIO_Interrupt/workspace/Microblaze_GPIO_Interrupt/hw
TRACE::2022-06-23.09:24:06::SCWPlatform:: Platform Path C:/HLS_Design/Microblaze_GPIO_Interrupt/workspace/Microblaze_GPIO_Interrupt/hw/Microblaze_GPIO_Interrupt_design_1_wrapper.xsa
TRACE::2022-06-23.09:24:06::SCWPlatform:: Unique name xilinx:::0.0
TRACE::2022-06-23.09:24:06::SCWPlatform::Trying to set the existing hwdb with name design_1_wrapper_0
TRACE::2022-06-23.09:24:06::SCWPlatform::Opened existing hwdb design_1_wrapper_0
TRACE::2022-06-23.09:24:06::SCWPlatform::Found the Hw Db part of the input DSA
TRACE::2022-06-23.09:24:06::SCWMssOS::Checking the sw design at  C:/HLS_Design/Microblaze_GPIO_Interrupt/workspace/Microblaze_GPIO_Interrupt/microblaze_0/standalone_domain/bsp/system.mss
TRACE::2022-06-23.09:24:06::SCWMssOS::DEBUG:  swdes dump  C:/HLS_Design/Microblaze_GPIO_Interrupt/workspace/Microblaze_GPIO_Interrupt/microblaze_0/standalone_domain/bsp/system.mss|system||

TRACE::2022-06-23.09:24:06::SCWMssOS::Sw design exists and opened at  C:/HLS_Design/Microblaze_GPIO_Interrupt/workspace/Microblaze_GPIO_Interrupt/microblaze_0/standalone_domain/bsp/system.mss
TRACE::2022-06-23.09:24:06::SCWWriter::formatted JSON is {
	"platformName":	"Microblaze_GPIO_Interrupt",
	"sprVersion":	"2.0",
	"mode":	"gui",
	"dsaType":	"Fixed",
	"platformDesc":	"Microblaze_GPIO_Interrupt",
	"platHandOff":	"C:/HLS_Design/Microblaze_GPIO_Interrupt/Microblaze_GPIO_Interrupt_design_1_wrapper.xsa",
	"platIntHandOff":	"<platformDir>/hw/Microblaze_GPIO_Interrupt_design_1_wrapper.xsa",
	"deviceType":	"FPGA",
	"platIsPrebuiltAutogen":	"false",
	"platIsNoBootBsp":	"false",
	"hasFsblMakeHasChanges":	"false",
	"hasPmufwMakeHasChanges":	"false",
	"platPreBuiltFlag":	false,
	"platformSamplesDir":	"",
	"platActiveSys":	"Microblaze_GPIO_Interrupt",
	"systems":	[{
			"systemName":	"Microblaze_GPIO_Interrupt",
			"systemDesc":	"Microblaze_GPIO_Interrupt",
			"sysIsBootAutoGen":	"true",
			"systemDispName":	"Microblaze_GPIO_Interrupt",
			"sysActiveDom":	"standalone_domain",
			"sysDefaultDom":	"standalone_domain",
			"domains":	[{
					"domainName":	"standalone_domain",
					"domainDispName":	"standalone on microblaze_0",
					"domainDesc":	"standalone_domain",
					"processors":	"microblaze_0",
					"os":	"standalone",
					"sdxOs":	"standalone",
					"debugEnable":	"False",
					"domRuntimes":	["cpp"],
					"swRepo":	"",
					"mssOsVer":	"7.7",
					"mssFile":	"",
					"md5Digest":	"259d759d3cb8762d5a9f0f12ebbb6d72",
					"compatibleApp":	"",
					"domType":	"mssDomain",
					"arch":	"32-bit",
					"appSettings":	{
						"appCompilerFlags":	"",
						"appLinkerFlags":	""
					},
					"addedLibs":	[],
					"libOptions":	{
						"libsContainingOptions":	[]
					},
					"prebuiltLibs":	{
						"prebuiltIncPath":	[],
						"prebuiltLibPath":	[]
					},
					"isolation":	{
					}
				}]
		}]
}
TRACE::2022-06-23.09:24:06::SCWMssOS::Saving the mss changes C:/HLS_Design/Microblaze_GPIO_Interrupt/workspace/Microblaze_GPIO_Interrupt/microblaze_0/standalone_domain/bsp/system.mss
TRACE::2022-06-23.09:24:06::SCWMssOS::Found a swdesign opened with the mssfile.
TRACE::2022-06-23.09:24:06::SCWMssOS::Completed writemss as part of save.
TRACE::2022-06-23.09:24:06::SCWMssOS::Commit changes completed.
TRACE::2022-06-23.09:24:06::SCWPlatform::Trying to open the hw design at C:/HLS_Design/Microblaze_GPIO_Interrupt/workspace/Microblaze_GPIO_Interrupt/hw/Microblaze_GPIO_Interrupt_design_1_wrapper.xsa
TRACE::2022-06-23.09:24:06::SCWPlatform::DSA given C:/HLS_Design/Microblaze_GPIO_Interrupt/workspace/Microblaze_GPIO_Interrupt/hw/Microblaze_GPIO_Interrupt_design_1_wrapper.xsa
TRACE::2022-06-23.09:24:06::SCWPlatform::DSA absoulate path C:/HLS_Design/Microblaze_GPIO_Interrupt/workspace/Microblaze_GPIO_Interrupt/hw/Microblaze_GPIO_Interrupt_design_1_wrapper.xsa
TRACE::2022-06-23.09:24:06::SCWPlatform::DSA directory C:/HLS_Design/Microblaze_GPIO_Interrupt/workspace/Microblaze_GPIO_Interrupt/hw
TRACE::2022-06-23.09:24:06::SCWPlatform:: Platform Path C:/HLS_Design/Microblaze_GPIO_Interrupt/workspace/Microblaze_GPIO_Interrupt/hw/Microblaze_GPIO_Interrupt_design_1_wrapper.xsa
TRACE::2022-06-23.09:24:06::SCWPlatform:: Unique name xilinx:::0.0
TRACE::2022-06-23.09:24:06::SCWPlatform::Trying to set the existing hwdb with name design_1_wrapper_0
TRACE::2022-06-23.09:24:06::SCWPlatform::Opened existing hwdb design_1_wrapper_0
TRACE::2022-06-23.09:24:06::SCWPlatform::Found the Hw Db part of the input DSA
TRACE::2022-06-23.09:24:06::SCWMssOS::Checking the sw design at  C:/HLS_Design/Microblaze_GPIO_Interrupt/workspace/Microblaze_GPIO_Interrupt/microblaze_0/standalone_domain/bsp/system.mss
TRACE::2022-06-23.09:24:06::SCWMssOS::DEBUG:  swdes dump  C:/HLS_Design/Microblaze_GPIO_Interrupt/workspace/Microblaze_GPIO_Interrupt/microblaze_0/standalone_domain/bsp/system.mss|system||

TRACE::2022-06-23.09:24:06::SCWMssOS::Sw design exists and opened at  C:/HLS_Design/Microblaze_GPIO_Interrupt/workspace/Microblaze_GPIO_Interrupt/microblaze_0/standalone_domain/bsp/system.mss
TRACE::2022-06-23.09:24:06::SCWPlatform::Trying to open the hw design at C:/HLS_Design/Microblaze_GPIO_Interrupt/workspace/Microblaze_GPIO_Interrupt/hw/Microblaze_GPIO_Interrupt_design_1_wrapper.xsa
TRACE::2022-06-23.09:24:06::SCWPlatform::DSA given C:/HLS_Design/Microblaze_GPIO_Interrupt/workspace/Microblaze_GPIO_Interrupt/hw/Microblaze_GPIO_Interrupt_design_1_wrapper.xsa
TRACE::2022-06-23.09:24:06::SCWPlatform::DSA absoulate path C:/HLS_Design/Microblaze_GPIO_Interrupt/workspace/Microblaze_GPIO_Interrupt/hw/Microblaze_GPIO_Interrupt_design_1_wrapper.xsa
TRACE::2022-06-23.09:24:06::SCWPlatform::DSA directory C:/HLS_Design/Microblaze_GPIO_Interrupt/workspace/Microblaze_GPIO_Interrupt/hw
TRACE::2022-06-23.09:24:06::SCWPlatform:: Platform Path C:/HLS_Design/Microblaze_GPIO_Interrupt/workspace/Microblaze_GPIO_Interrupt/hw/Microblaze_GPIO_Interrupt_design_1_wrapper.xsa
TRACE::2022-06-23.09:24:06::SCWPlatform:: Unique name xilinx:::0.0
TRACE::2022-06-23.09:24:06::SCWPlatform::Trying to set the existing hwdb with name design_1_wrapper_0
TRACE::2022-06-23.09:24:06::SCWPlatform::Opened existing hwdb design_1_wrapper_0
TRACE::2022-06-23.09:24:06::SCWPlatform::Found the Hw Db part of the input DSA
TRACE::2022-06-23.09:24:06::SCWMssOS::Checking the sw design at  C:/HLS_Design/Microblaze_GPIO_Interrupt/workspace/Microblaze_GPIO_Interrupt/microblaze_0/standalone_domain/bsp/system.mss
TRACE::2022-06-23.09:24:06::SCWMssOS::DEBUG:  swdes dump  C:/HLS_Design/Microblaze_GPIO_Interrupt/workspace/Microblaze_GPIO_Interrupt/microblaze_0/standalone_domain/bsp/system.mss|system||

TRACE::2022-06-23.09:24:06::SCWMssOS::Sw design exists and opened at  C:/HLS_Design/Microblaze_GPIO_Interrupt/workspace/Microblaze_GPIO_Interrupt/microblaze_0/standalone_domain/bsp/system.mss
TRACE::2022-06-23.09:24:06::SCWPlatform::Trying to open the hw design at C:/HLS_Design/Microblaze_GPIO_Interrupt/workspace/Microblaze_GPIO_Interrupt/hw/Microblaze_GPIO_Interrupt_design_1_wrapper.xsa
TRACE::2022-06-23.09:24:06::SCWPlatform::DSA given C:/HLS_Design/Microblaze_GPIO_Interrupt/workspace/Microblaze_GPIO_Interrupt/hw/Microblaze_GPIO_Interrupt_design_1_wrapper.xsa
TRACE::2022-06-23.09:24:06::SCWPlatform::DSA absoulate path C:/HLS_Design/Microblaze_GPIO_Interrupt/workspace/Microblaze_GPIO_Interrupt/hw/Microblaze_GPIO_Interrupt_design_1_wrapper.xsa
TRACE::2022-06-23.09:24:06::SCWPlatform::DSA directory C:/HLS_Design/Microblaze_GPIO_Interrupt/workspace/Microblaze_GPIO_Interrupt/hw
TRACE::2022-06-23.09:24:06::SCWPlatform:: Platform Path C:/HLS_Design/Microblaze_GPIO_Interrupt/workspace/Microblaze_GPIO_Interrupt/hw/Microblaze_GPIO_Interrupt_design_1_wrapper.xsa
TRACE::2022-06-23.09:24:06::SCWPlatform:: Unique name xilinx:::0.0
TRACE::2022-06-23.09:24:06::SCWPlatform::Trying to set the existing hwdb with name design_1_wrapper_0
TRACE::2022-06-23.09:24:06::SCWPlatform::Opened existing hwdb design_1_wrapper_0
TRACE::2022-06-23.09:24:06::SCWPlatform::Found the Hw Db part of the input DSA
TRACE::2022-06-23.09:24:06::SCWMssOS::Checking the sw design at  C:/HLS_Design/Microblaze_GPIO_Interrupt/workspace/Microblaze_GPIO_Interrupt/microblaze_0/standalone_domain/bsp/system.mss
TRACE::2022-06-23.09:24:06::SCWMssOS::DEBUG:  swdes dump  C:/HLS_Design/Microblaze_GPIO_Interrupt/workspace/Microblaze_GPIO_Interrupt/microblaze_0/standalone_domain/bsp/system.mss|system||

TRACE::2022-06-23.09:24:06::SCWMssOS::Sw design exists and opened at  C:/HLS_Design/Microblaze_GPIO_Interrupt/workspace/Microblaze_GPIO_Interrupt/microblaze_0/standalone_domain/bsp/system.mss
TRACE::2022-06-23.09:24:06::SCWWriter::formatted JSON is {
	"platformName":	"Microblaze_GPIO_Interrupt",
	"sprVersion":	"2.0",
	"mode":	"gui",
	"dsaType":	"Fixed",
	"platformDesc":	"Microblaze_GPIO_Interrupt",
	"platHandOff":	"C:/HLS_Design/Microblaze_GPIO_Interrupt/Microblaze_GPIO_Interrupt_design_1_wrapper.xsa",
	"platIntHandOff":	"<platformDir>/hw/Microblaze_GPIO_Interrupt_design_1_wrapper.xsa",
	"deviceType":	"FPGA",
	"platIsPrebuiltAutogen":	"false",
	"platIsNoBootBsp":	"false",
	"hasFsblMakeHasChanges":	"false",
	"hasPmufwMakeHasChanges":	"false",
	"platPreBuiltFlag":	false,
	"platformSamplesDir":	"",
	"platActiveSys":	"Microblaze_GPIO_Interrupt",
	"systems":	[{
			"systemName":	"Microblaze_GPIO_Interrupt",
			"systemDesc":	"Microblaze_GPIO_Interrupt",
			"sysIsBootAutoGen":	"true",
			"systemDispName":	"Microblaze_GPIO_Interrupt",
			"sysActiveDom":	"standalone_domain",
			"sysDefaultDom":	"standalone_domain",
			"domains":	[{
					"domainName":	"standalone_domain",
					"domainDispName":	"standalone on microblaze_0",
					"domainDesc":	"standalone_domain",
					"processors":	"microblaze_0",
					"os":	"standalone",
					"sdxOs":	"standalone",
					"debugEnable":	"False",
					"domRuntimes":	["cpp"],
					"swRepo":	"",
					"mssOsVer":	"7.7",
					"mssFile":	"",
					"md5Digest":	"259d759d3cb8762d5a9f0f12ebbb6d72",
					"compatibleApp":	"",
					"domType":	"mssDomain",
					"arch":	"32-bit",
					"appSettings":	{
						"appCompilerFlags":	"",
						"appLinkerFlags":	""
					},
					"addedLibs":	[],
					"libOptions":	{
						"libsContainingOptions":	[]
					},
					"prebuiltLibs":	{
						"prebuiltIncPath":	[],
						"prebuiltLibPath":	[]
					},
					"isolation":	{
					}
				}]
		}]
}
TRACE::2022-06-23.09:24:07::SCWPlatform::Clearing the existing platform
TRACE::2022-06-23.09:24:07::SCWSystem::Clearing the existing sysconfig
TRACE::2022-06-23.09:24:07::SCWMssOS::Removing the swdes entry for  C:/HLS_Design/Microblaze_GPIO_Interrupt/workspace/Microblaze_GPIO_Interrupt/microblaze_0/standalone_domain/bsp/system.mss
TRACE::2022-06-23.09:24:07::SCWSystem::Clearing the domains completed.
TRACE::2022-06-23.09:24:07::SCWPlatform::Clearing the opened hw db.
TRACE::2022-06-23.09:24:07::SCWPlatform::DSA given C:/HLS_Design/Microblaze_GPIO_Interrupt/workspace/Microblaze_GPIO_Interrupt/hw/Microblaze_GPIO_Interrupt_design_1_wrapper.xsa
TRACE::2022-06-23.09:24:07::SCWPlatform::DSA absoulate path C:/HLS_Design/Microblaze_GPIO_Interrupt/workspace/Microblaze_GPIO_Interrupt/hw/Microblaze_GPIO_Interrupt_design_1_wrapper.xsa
TRACE::2022-06-23.09:24:07::SCWPlatform:: Platform location is C:/HLS_Design/Microblaze_GPIO_Interrupt/workspace/Microblaze_GPIO_Interrupt/hw
TRACE::2022-06-23.09:24:07::SCWPlatform:: Platform Path C:/HLS_Design/Microblaze_GPIO_Interrupt/workspace/Microblaze_GPIO_Interrupt/hw/Microblaze_GPIO_Interrupt_design_1_wrapper.xsa
TRACE::2022-06-23.09:24:07::SCWPlatform:: Unique name xilinx:::0.0
TRACE::2022-06-23.09:24:07::SCWPlatform::Removing the HwDB with name C:/HLS_Design/Microblaze_GPIO_Interrupt/workspace/Microblaze_GPIO_Interrupt/hw/Microblaze_GPIO_Interrupt_design_1_wrapper.xsa
TRACE::2022-06-23.09:24:07::SCWPlatform::Trying to open the hw design at C:/HLS_Design/Microblaze_GPIO_Interrupt/workspace/Microblaze_GPIO_Interrupt/hw/Microblaze_GPIO_Interrupt_design_1_wrapper.xsa
TRACE::2022-06-23.09:24:07::SCWPlatform::DSA given C:/HLS_Design/Microblaze_GPIO_Interrupt/workspace/Microblaze_GPIO_Interrupt/hw/Microblaze_GPIO_Interrupt_design_1_wrapper.xsa
TRACE::2022-06-23.09:24:07::SCWPlatform::DSA absoulate path C:/HLS_Design/Microblaze_GPIO_Interrupt/workspace/Microblaze_GPIO_Interrupt/hw/Microblaze_GPIO_Interrupt_design_1_wrapper.xsa
TRACE::2022-06-23.09:24:07::SCWPlatform::DSA directory C:/HLS_Design/Microblaze_GPIO_Interrupt/workspace/Microblaze_GPIO_Interrupt/hw
TRACE::2022-06-23.09:24:07::SCWPlatform:: Platform Path C:/HLS_Design/Microblaze_GPIO_Interrupt/workspace/Microblaze_GPIO_Interrupt/hw/Microblaze_GPIO_Interrupt_design_1_wrapper.xsa
TRACE::2022-06-23.09:24:07::SCWPlatform:: Unique name xilinx:::0.0
TRACE::2022-06-23.09:24:07::SCWPlatform::Do not have an existing db opened. 
TRACE::2022-06-23.09:24:07::SCWPlatform::Opened new HwDB with name design_1_wrapper_1
TRACE::2022-06-23.09:24:07::SCWReader::Active system found as  Microblaze_GPIO_Interrupt
TRACE::2022-06-23.09:24:07::SCWReader::Handling sysconfig Microblaze_GPIO_Interrupt
TRACE::2022-06-23.09:24:07::SCWDomain::checking for install qemu data   : 
TRACE::2022-06-23.09:24:07::SCWPlatform::Trying to open the hw design at C:/HLS_Design/Microblaze_GPIO_Interrupt/workspace/Microblaze_GPIO_Interrupt/hw/Microblaze_GPIO_Interrupt_design_1_wrapper.xsa
TRACE::2022-06-23.09:24:07::SCWPlatform::DSA given C:/HLS_Design/Microblaze_GPIO_Interrupt/workspace/Microblaze_GPIO_Interrupt/hw/Microblaze_GPIO_Interrupt_design_1_wrapper.xsa
TRACE::2022-06-23.09:24:07::SCWPlatform::DSA absoulate path C:/HLS_Design/Microblaze_GPIO_Interrupt/workspace/Microblaze_GPIO_Interrupt/hw/Microblaze_GPIO_Interrupt_design_1_wrapper.xsa
TRACE::2022-06-23.09:24:07::SCWPlatform::DSA directory C:/HLS_Design/Microblaze_GPIO_Interrupt/workspace/Microblaze_GPIO_Interrupt/hw
TRACE::2022-06-23.09:24:07::SCWPlatform:: Platform Path C:/HLS_Design/Microblaze_GPIO_Interrupt/workspace/Microblaze_GPIO_Interrupt/hw/Microblaze_GPIO_Interrupt_design_1_wrapper.xsa
TRACE::2022-06-23.09:24:07::SCWPlatform:: Unique name xilinx:::0.0
TRACE::2022-06-23.09:24:07::SCWPlatform::Trying to set the existing hwdb with name design_1_wrapper_1
TRACE::2022-06-23.09:24:07::SCWPlatform::Opened existing hwdb design_1_wrapper_1
TRACE::2022-06-23.09:24:07::SCWPlatform::Found the Hw Db part of the input DSA
TRACE::2022-06-23.09:24:07::SCWPlatform::Trying to open the hw design at C:/HLS_Design/Microblaze_GPIO_Interrupt/workspace/Microblaze_GPIO_Interrupt/hw/Microblaze_GPIO_Interrupt_design_1_wrapper.xsa
TRACE::2022-06-23.09:24:07::SCWPlatform::DSA given C:/HLS_Design/Microblaze_GPIO_Interrupt/workspace/Microblaze_GPIO_Interrupt/hw/Microblaze_GPIO_Interrupt_design_1_wrapper.xsa
TRACE::2022-06-23.09:24:07::SCWPlatform::DSA absoulate path C:/HLS_Design/Microblaze_GPIO_Interrupt/workspace/Microblaze_GPIO_Interrupt/hw/Microblaze_GPIO_Interrupt_design_1_wrapper.xsa
TRACE::2022-06-23.09:24:07::SCWPlatform::DSA directory C:/HLS_Design/Microblaze_GPIO_Interrupt/workspace/Microblaze_GPIO_Interrupt/hw
TRACE::2022-06-23.09:24:07::SCWPlatform:: Platform Path C:/HLS_Design/Microblaze_GPIO_Interrupt/workspace/Microblaze_GPIO_Interrupt/hw/Microblaze_GPIO_Interrupt_design_1_wrapper.xsa
TRACE::2022-06-23.09:24:07::SCWPlatform:: Unique name xilinx:::0.0
TRACE::2022-06-23.09:24:07::SCWPlatform::Trying to set the existing hwdb with name design_1_wrapper_1
TRACE::2022-06-23.09:24:07::SCWPlatform::Opened existing hwdb design_1_wrapper_1
TRACE::2022-06-23.09:24:07::SCWPlatform::Found the Hw Db part of the input DSA
TRACE::2022-06-23.09:24:07::SCWPlatform::Trying to open the hw design at C:/HLS_Design/Microblaze_GPIO_Interrupt/workspace/Microblaze_GPIO_Interrupt/hw/Microblaze_GPIO_Interrupt_design_1_wrapper.xsa
TRACE::2022-06-23.09:24:07::SCWPlatform::DSA given C:/HLS_Design/Microblaze_GPIO_Interrupt/workspace/Microblaze_GPIO_Interrupt/hw/Microblaze_GPIO_Interrupt_design_1_wrapper.xsa
TRACE::2022-06-23.09:24:07::SCWPlatform::DSA absoulate path C:/HLS_Design/Microblaze_GPIO_Interrupt/workspace/Microblaze_GPIO_Interrupt/hw/Microblaze_GPIO_Interrupt_design_1_wrapper.xsa
TRACE::2022-06-23.09:24:07::SCWPlatform::DSA directory C:/HLS_Design/Microblaze_GPIO_Interrupt/workspace/Microblaze_GPIO_Interrupt/hw
TRACE::2022-06-23.09:24:07::SCWPlatform:: Platform Path C:/HLS_Design/Microblaze_GPIO_Interrupt/workspace/Microblaze_GPIO_Interrupt/hw/Microblaze_GPIO_Interrupt_design_1_wrapper.xsa
TRACE::2022-06-23.09:24:07::SCWPlatform:: Unique name xilinx:::0.0
TRACE::2022-06-23.09:24:07::SCWPlatform::Trying to set the existing hwdb with name design_1_wrapper_1
TRACE::2022-06-23.09:24:07::SCWPlatform::Opened existing hwdb design_1_wrapper_1
TRACE::2022-06-23.09:24:07::SCWPlatform::Found the Hw Db part of the input DSA
TRACE::2022-06-23.09:24:07::SCWPlatform::Trying to open the hw design at C:/HLS_Design/Microblaze_GPIO_Interrupt/workspace/Microblaze_GPIO_Interrupt/hw/Microblaze_GPIO_Interrupt_design_1_wrapper.xsa
TRACE::2022-06-23.09:24:07::SCWPlatform::DSA given C:/HLS_Design/Microblaze_GPIO_Interrupt/workspace/Microblaze_GPIO_Interrupt/hw/Microblaze_GPIO_Interrupt_design_1_wrapper.xsa
TRACE::2022-06-23.09:24:07::SCWPlatform::DSA absoulate path C:/HLS_Design/Microblaze_GPIO_Interrupt/workspace/Microblaze_GPIO_Interrupt/hw/Microblaze_GPIO_Interrupt_design_1_wrapper.xsa
TRACE::2022-06-23.09:24:07::SCWPlatform::DSA directory C:/HLS_Design/Microblaze_GPIO_Interrupt/workspace/Microblaze_GPIO_Interrupt/hw
TRACE::2022-06-23.09:24:07::SCWPlatform:: Platform Path C:/HLS_Design/Microblaze_GPIO_Interrupt/workspace/Microblaze_GPIO_Interrupt/hw/Microblaze_GPIO_Interrupt_design_1_wrapper.xsa
TRACE::2022-06-23.09:24:07::SCWPlatform:: Unique name xilinx:::0.0
TRACE::2022-06-23.09:24:07::SCWPlatform::Trying to set the existing hwdb with name design_1_wrapper_1
TRACE::2022-06-23.09:24:07::SCWPlatform::Opened existing hwdb design_1_wrapper_1
TRACE::2022-06-23.09:24:07::SCWPlatform::Found the Hw Db part of the input DSA
TRACE::2022-06-23.09:24:07::SCWMssOS::Checking the sw design at  C:/HLS_Design/Microblaze_GPIO_Interrupt/workspace/Microblaze_GPIO_Interrupt/microblaze_0/standalone_domain/bsp/system.mss
TRACE::2022-06-23.09:24:07::SCWMssOS::DEBUG:  swdes dump  
TRACE::2022-06-23.09:24:07::SCWMssOS::No sw design opened at  C:/HLS_Design/Microblaze_GPIO_Interrupt/workspace/Microblaze_GPIO_Interrupt/microblaze_0/standalone_domain/bsp/system.mss
TRACE::2022-06-23.09:24:07::SCWMssOS::mss exists loading the mss file  C:/HLS_Design/Microblaze_GPIO_Interrupt/workspace/Microblaze_GPIO_Interrupt/microblaze_0/standalone_domain/bsp/system.mss
TRACE::2022-06-23.09:24:07::SCWMssOS::Opened the sw design from mss  C:/HLS_Design/Microblaze_GPIO_Interrupt/workspace/Microblaze_GPIO_Interrupt/microblaze_0/standalone_domain/bsp/system.mss
TRACE::2022-06-23.09:24:07::SCWMssOS::Adding the swdes entry C:/HLS_Design/Microblaze_GPIO_Interrupt/workspace/Microblaze_GPIO_Interrupt/microblaze_0/standalone_domain/bsp/system.mss with des name system
TRACE::2022-06-23.09:24:07::SCWMssOS::updating the scw layer about changes
TRACE::2022-06-23.09:24:07::SCWMssOS::Opened the sw design.  C:/HLS_Design/Microblaze_GPIO_Interrupt/workspace/Microblaze_GPIO_Interrupt/microblaze_0/standalone_domain/bsp/system.mss
TRACE::2022-06-23.09:24:07::SCWMssOS::Saving the mss changes C:/HLS_Design/Microblaze_GPIO_Interrupt/workspace/Microblaze_GPIO_Interrupt/microblaze_0/standalone_domain/bsp/system.mss
TRACE::2022-06-23.09:24:07::SCWMssOS::Found a swdesign opened with the mssfile.
TRACE::2022-06-23.09:24:07::SCWMssOS::Completed writemss as part of save.
TRACE::2022-06-23.09:24:07::SCWMssOS::Commit changes completed.
TRACE::2022-06-23.09:24:07::SCWReader::Adding prebuilt librarypaths as   
TRACE::2022-06-23.09:24:07::SCWReader::Adding prebuilt incpaths  as   
TRACE::2022-06-23.09:24:07::SCWPlatform::Trying to open the hw design at C:/HLS_Design/Microblaze_GPIO_Interrupt/workspace/Microblaze_GPIO_Interrupt/hw/Microblaze_GPIO_Interrupt_design_1_wrapper.xsa
TRACE::2022-06-23.09:24:07::SCWPlatform::DSA given C:/HLS_Design/Microblaze_GPIO_Interrupt/workspace/Microblaze_GPIO_Interrupt/hw/Microblaze_GPIO_Interrupt_design_1_wrapper.xsa
TRACE::2022-06-23.09:24:07::SCWPlatform::DSA absoulate path C:/HLS_Design/Microblaze_GPIO_Interrupt/workspace/Microblaze_GPIO_Interrupt/hw/Microblaze_GPIO_Interrupt_design_1_wrapper.xsa
TRACE::2022-06-23.09:24:07::SCWPlatform::DSA directory C:/HLS_Design/Microblaze_GPIO_Interrupt/workspace/Microblaze_GPIO_Interrupt/hw
TRACE::2022-06-23.09:24:07::SCWPlatform:: Platform Path C:/HLS_Design/Microblaze_GPIO_Interrupt/workspace/Microblaze_GPIO_Interrupt/hw/Microblaze_GPIO_Interrupt_design_1_wrapper.xsa
TRACE::2022-06-23.09:24:07::SCWPlatform:: Unique name xilinx:::0.0
TRACE::2022-06-23.09:24:07::SCWPlatform::Trying to set the existing hwdb with name design_1_wrapper_1
TRACE::2022-06-23.09:24:07::SCWPlatform::Opened existing hwdb design_1_wrapper_1
TRACE::2022-06-23.09:24:07::SCWPlatform::Found the Hw Db part of the input DSA
TRACE::2022-06-23.09:24:07::SCWMssOS::Checking the sw design at  C:/HLS_Design/Microblaze_GPIO_Interrupt/workspace/Microblaze_GPIO_Interrupt/microblaze_0/standalone_domain/bsp/system.mss
TRACE::2022-06-23.09:24:07::SCWMssOS::DEBUG:  swdes dump  C:/HLS_Design/Microblaze_GPIO_Interrupt/workspace/Microblaze_GPIO_Interrupt/microblaze_0/standalone_domain/bsp/system.mss|system||

TRACE::2022-06-23.09:24:07::SCWMssOS::Sw design exists and opened at  C:/HLS_Design/Microblaze_GPIO_Interrupt/workspace/Microblaze_GPIO_Interrupt/microblaze_0/standalone_domain/bsp/system.mss
TRACE::2022-06-23.09:24:07::SCWReader::No isolation master present  
LOG::2022-06-23.09:24:21::SCWPlatform::Started generating the artifacts platform Microblaze_GPIO_Interrupt
TRACE::2022-06-23.09:24:21::SCWPlatform::Sanity checking of platform is completed
LOG::2022-06-23.09:24:21::SCWPlatform::Started generating the artifacts for system configuration Microblaze_GPIO_Interrupt
LOG::2022-06-23.09:24:21::SCWSystem::Checking the domain standalone_domain
LOG::2022-06-23.09:24:21::SCWSystem::Not a boot domain 
LOG::2022-06-23.09:24:21::SCWSystem::Started Processing the domain standalone_domain
TRACE::2022-06-23.09:24:21::SCWDomain::Generating domain artifcats
TRACE::2022-06-23.09:24:21::SCWMssOS::Generating standalone artifcats
TRACE::2022-06-23.09:24:21::SCWMssOS:: Copying the user libraries. 
TRACE::2022-06-23.09:24:21::SCWPlatform::Trying to open the hw design at C:/HLS_Design/Microblaze_GPIO_Interrupt/workspace/Microblaze_GPIO_Interrupt/hw/Microblaze_GPIO_Interrupt_design_1_wrapper.xsa
TRACE::2022-06-23.09:24:21::SCWPlatform::DSA given C:/HLS_Design/Microblaze_GPIO_Interrupt/workspace/Microblaze_GPIO_Interrupt/hw/Microblaze_GPIO_Interrupt_design_1_wrapper.xsa
TRACE::2022-06-23.09:24:21::SCWPlatform::DSA absoulate path C:/HLS_Design/Microblaze_GPIO_Interrupt/workspace/Microblaze_GPIO_Interrupt/hw/Microblaze_GPIO_Interrupt_design_1_wrapper.xsa
TRACE::2022-06-23.09:24:21::SCWPlatform::DSA directory C:/HLS_Design/Microblaze_GPIO_Interrupt/workspace/Microblaze_GPIO_Interrupt/hw
TRACE::2022-06-23.09:24:21::SCWPlatform:: Platform Path C:/HLS_Design/Microblaze_GPIO_Interrupt/workspace/Microblaze_GPIO_Interrupt/hw/Microblaze_GPIO_Interrupt_design_1_wrapper.xsa
TRACE::2022-06-23.09:24:21::SCWPlatform:: Unique name xilinx:::0.0
TRACE::2022-06-23.09:24:21::SCWPlatform::Trying to set the existing hwdb with name design_1_wrapper_1
TRACE::2022-06-23.09:24:21::SCWPlatform::Opened existing hwdb design_1_wrapper_1
TRACE::2022-06-23.09:24:21::SCWPlatform::Found the Hw Db part of the input DSA
TRACE::2022-06-23.09:24:21::SCWMssOS::Checking the sw design at  C:/HLS_Design/Microblaze_GPIO_Interrupt/workspace/Microblaze_GPIO_Interrupt/microblaze_0/standalone_domain/bsp/system.mss
TRACE::2022-06-23.09:24:21::SCWMssOS::DEBUG:  swdes dump  C:/HLS_Design/Microblaze_GPIO_Interrupt/workspace/Microblaze_GPIO_Interrupt/microblaze_0/standalone_domain/bsp/system.mss|system||

TRACE::2022-06-23.09:24:21::SCWMssOS::Sw design exists and opened at  C:/HLS_Design/Microblaze_GPIO_Interrupt/workspace/Microblaze_GPIO_Interrupt/microblaze_0/standalone_domain/bsp/system.mss
TRACE::2022-06-23.09:24:21::SCWMssOS::Completed writing the mss file at C:/HLS_Design/Microblaze_GPIO_Interrupt/workspace/Microblaze_GPIO_Interrupt/microblaze_0/standalone_domain/bsp
TRACE::2022-06-23.09:24:21::SCWMssOS::Mss edits present, copying mssfile into export location C:/HLS_Design/Microblaze_GPIO_Interrupt/workspace/Microblaze_GPIO_Interrupt/microblaze_0/standalone_domain/bsp/system.mss
TRACE::2022-06-23.09:24:21::SCWMssOS::bsp generated is upto date with the mss file. Skipping bsp generation.
TRACE::2022-06-23.09:24:21::SCWMssOS::BSP is already built. skipping the bsp build ... 
TRACE::2022-06-23.09:24:21::SCWDomain::Building the domain as part of full build :  standalone_domain
TRACE::2022-06-23.09:24:21::SCWMssOS::doing bsp build ... 
TRACE::2022-06-23.09:24:21::SCWMssOS::System Command Ran  C: & cd  C:/HLS_Design/Microblaze_GPIO_Interrupt/workspace/Microblaze_GPIO_Interrupt/microblaze_0/standalone_domain/bsp & make 
TRACE::2022-06-23.09:24:21::SCWMssOS::make --no-print-directory seq_libs

TRACE::2022-06-23.09:24:21::SCWMssOS::'Finished building libraries sequentially.'

TRACE::2022-06-23.09:24:21::SCWMssOS::make -j 6 --no-print-directory par_libs

TRACE::2022-06-23.09:24:21::SCWMssOS::"Running Make include in microblaze_0/libsrc/bram_v4_7/src"

TRACE::2022-06-23.09:24:21::SCWMssOS::"Running Make include in microblaze_0/libsrc/cpu_v2_15/src"

TRACE::2022-06-23.09:24:21::SCWMssOS::make -C microblaze_0/libsrc/bram_v4_7/src -s include  "SHELL=CMD" "COMPILER=mb-gcc" "ASSEMBLER=mb-as" "ARCHIVER=mb-ar" "COMPILE
TRACE::2022-06-23.09:24:21::SCWMssOS::R_FLAGS=  -O2 -c -mcpu=v11.0 -mlittle-endian -mno-xl-reorder -mno-xl-soft-mul -mxl-barrel-shift -mxl-pattern-compare" "EXTRA_CO
TRACE::2022-06-23.09:24:21::SCWMssOS::MPILER_FLAGS=-g -ffunction-sections -fdata-sections -Wall -Wextra -fno-tree-loop-distribute-patterns"

TRACE::2022-06-23.09:24:21::SCWMssOS::"Running Make include in microblaze_0/libsrc/gpio_v4_9/src"

TRACE::2022-06-23.09:24:21::SCWMssOS::make -C microblaze_0/libsrc/cpu_v2_15/src -s include  "SHELL=CMD" "COMPILER=mb-gcc" "ASSEMBLER=mb-as" "ARCHIVER=mb-ar" "COMPILE
TRACE::2022-06-23.09:24:21::SCWMssOS::R_FLAGS=  -O2 -c -mcpu=v11.0 -mlittle-endian -mno-xl-reorder -mno-xl-soft-mul -mxl-barrel-shift -mxl-pattern-compare" "EXTRA_CO
TRACE::2022-06-23.09:24:21::SCWMssOS::MPILER_FLAGS=-g -ffunction-sections -fdata-sections -Wall -Wextra -fno-tree-loop-distribute-patterns"

TRACE::2022-06-23.09:24:21::SCWMssOS::"Running Make include in microblaze_0/libsrc/intc_v3_14/src"

TRACE::2022-06-23.09:24:21::SCWMssOS::make -C microblaze_0/libsrc/gpio_v4_9/src -s include  "SHELL=CMD" "COMPILER=mb-gcc" "ASSEMBLER=mb-as" "ARCHIVER=mb-ar" "COMPILE
TRACE::2022-06-23.09:24:21::SCWMssOS::R_FLAGS=  -O2 -c -mcpu=v11.0 -mlittle-endian -mno-xl-reorder -mno-xl-soft-mul -mxl-barrel-shift -mxl-pattern-compare" "EXTRA_CO
TRACE::2022-06-23.09:24:21::SCWMssOS::MPILER_FLAGS=-g -ffunction-sections -fdata-sections -Wall -Wextra -fno-tree-loop-distribute-patterns"

TRACE::2022-06-23.09:24:21::SCWMssOS::make -C microblaze_0/libsrc/intc_v3_14/src -s include  "SHELL=CMD" "COMPILER=mb-gcc" "ASSEMBLER=mb-as" "ARCHIVER=mb-ar" "COMPIL
TRACE::2022-06-23.09:24:21::SCWMssOS::ER_FLAGS=  -O2 -c -mcpu=v11.0 -mlittle-endian -mno-xl-reorder -mno-xl-soft-mul -mxl-barrel-shift -mxl-pattern-compare" "EXTRA_C
TRACE::2022-06-23.09:24:21::SCWMssOS::OMPILER_FLAGS=-g -ffunction-sections -fdata-sections -Wall -Wextra -fno-tree-loop-distribute-patterns"

TRACE::2022-06-23.09:24:21::SCWMssOS::"Running Make include in microblaze_0/libsrc/standalone_v7_7/src"

TRACE::2022-06-23.09:24:21::SCWMssOS::make -C microblaze_0/libsrc/standalone_v7_7/src -s include  "SHELL=CMD" "COMPILER=mb-gcc" "ASSEMBLER=mb-as" "ARCHIVER=mb-ar" "C
TRACE::2022-06-23.09:24:21::SCWMssOS::OMPILER_FLAGS=  -O2 -c -mcpu=v11.0 -mlittle-endian -mno-xl-reorder -mno-xl-soft-mul -mxl-barrel-shift -mxl-pattern-compare" "EX
TRACE::2022-06-23.09:24:21::SCWMssOS::TRA_COMPILER_FLAGS=-g -ffunction-sections -fdata-sections -Wall -Wextra -fno-tree-loop-distribute-patterns"

TRACE::2022-06-23.09:24:22::SCWMssOS::"Running Make include in microblaze_0/libsrc/tmrctr_v4_9/src"

TRACE::2022-06-23.09:24:22::SCWMssOS::make -C microblaze_0/libsrc/tmrctr_v4_9/src -s include  "SHELL=CMD" "COMPILER=mb-gcc" "ASSEMBLER=mb-as" "ARCHIVER=mb-ar" "COMPI
TRACE::2022-06-23.09:24:22::SCWMssOS::LER_FLAGS=  -O2 -c -mcpu=v11.0 -mlittle-endian -mno-xl-reorder -mno-xl-soft-mul -mxl-barrel-shift -mxl-pattern-compare" "EXTRA_
TRACE::2022-06-23.09:24:22::SCWMssOS::COMPILER_FLAGS=-g -ffunction-sections -fdata-sections -Wall -Wextra -fno-tree-loop-distribute-patterns"

TRACE::2022-06-23.09:24:22::SCWMssOS::"Running Make include in microblaze_0/libsrc/uartlite_v3_7/src"

TRACE::2022-06-23.09:24:22::SCWMssOS::make -C microblaze_0/libsrc/uartlite_v3_7/src -s include  "SHELL=CMD" "COMPILER=mb-gcc" "ASSEMBLER=mb-as" "ARCHIVER=mb-ar" "COM
TRACE::2022-06-23.09:24:22::SCWMssOS::PILER_FLAGS=  -O2 -c -mcpu=v11.0 -mlittle-endian -mno-xl-reorder -mno-xl-soft-mul -mxl-barrel-shift -mxl-pattern-compare" "EXTR
TRACE::2022-06-23.09:24:22::SCWMssOS::A_COMPILER_FLAGS=-g -ffunction-sections -fdata-sections -Wall -Wextra -fno-tree-loop-distribute-patterns"

TRACE::2022-06-23.09:24:23::SCWMssOS::"Running Make libs in microblaze_0/libsrc/bram_v4_7/src"

TRACE::2022-06-23.09:24:23::SCWMssOS::"Running Make libs in microblaze_0/libsrc/cpu_v2_15/src"

TRACE::2022-06-23.09:24:23::SCWMssOS::"Running Make libs in microblaze_0/libsrc/gpio_v4_9/src"

TRACE::2022-06-23.09:24:23::SCWMssOS::make -C microblaze_0/libsrc/bram_v4_7/src -s libs  "SHELL=CMD" "COMPILER=mb-gcc" "ASSEMBLER=mb-as" "ARCHIVER=mb-ar" "COMPILER_F
TRACE::2022-06-23.09:24:23::SCWMssOS::LAGS=  -O2 -c -mcpu=v11.0 -mlittle-endian -mno-xl-reorder -mno-xl-soft-mul -mxl-barrel-shift -mxl-pattern-compare" "EXTRA_COMPI
TRACE::2022-06-23.09:24:23::SCWMssOS::LER_FLAGS=-g -ffunction-sections -fdata-sections -Wall -Wextra -fno-tree-loop-distribute-patterns"

TRACE::2022-06-23.09:24:23::SCWMssOS::"Running Make libs in microblaze_0/libsrc/intc_v3_14/src"

TRACE::2022-06-23.09:24:23::SCWMssOS::make -C microblaze_0/libsrc/cpu_v2_15/src -s libs  "SHELL=CMD" "COMPILER=mb-gcc" "ASSEMBLER=mb-as" "ARCHIVER=mb-ar" "COMPILER_F
TRACE::2022-06-23.09:24:23::SCWMssOS::LAGS=  -O2 -c -mcpu=v11.0 -mlittle-endian -mno-xl-reorder -mno-xl-soft-mul -mxl-barrel-shift -mxl-pattern-compare" "EXTRA_COMPI
TRACE::2022-06-23.09:24:23::SCWMssOS::LER_FLAGS=-g -ffunction-sections -fdata-sections -Wall -Wextra -fno-tree-loop-distribute-patterns"

TRACE::2022-06-23.09:24:23::SCWMssOS::"Running Make libs in microblaze_0/libsrc/standalone_v7_7/src"

TRACE::2022-06-23.09:24:23::SCWMssOS::make -C microblaze_0/libsrc/gpio_v4_9/src -s libs  "SHELL=CMD" "COMPILER=mb-gcc" "ASSEMBLER=mb-as" "ARCHIVER=mb-ar" "COMPILER_F
TRACE::2022-06-23.09:24:23::SCWMssOS::LAGS=  -O2 -c -mcpu=v11.0 -mlittle-endian -mno-xl-reorder -mno-xl-soft-mul -mxl-barrel-shift -mxl-pattern-compare" "EXTRA_COMPI
TRACE::2022-06-23.09:24:23::SCWMssOS::LER_FLAGS=-g -ffunction-sections -fdata-sections -Wall -Wextra -fno-tree-loop-distribute-patterns"

TRACE::2022-06-23.09:24:23::SCWMssOS::make -C microblaze_0/libsrc/intc_v3_14/src -s libs  "SHELL=CMD" "COMPILER=mb-gcc" "ASSEMBLER=mb-as" "ARCHIVER=mb-ar" "COMPILER_
TRACE::2022-06-23.09:24:23::SCWMssOS::FLAGS=  -O2 -c -mcpu=v11.0 -mlittle-endian -mno-xl-reorder -mno-xl-soft-mul -mxl-barrel-shift -mxl-pattern-compare" "EXTRA_COMP
TRACE::2022-06-23.09:24:23::SCWMssOS::ILER_FLAGS=-g -ffunction-sections -fdata-sections -Wall -Wextra -fno-tree-loop-distribute-patterns"

TRACE::2022-06-23.09:24:23::SCWMssOS::"Running Make libs in microblaze_0/libsrc/tmrctr_v4_9/src"

TRACE::2022-06-23.09:24:23::SCWMssOS::make -C microblaze_0/libsrc/standalone_v7_7/src -s libs  "SHELL=CMD" "COMPILER=mb-gcc" "ASSEMBLER=mb-as" "ARCHIVER=mb-ar" "COMP
TRACE::2022-06-23.09:24:23::SCWMssOS::ILER_FLAGS=  -O2 -c -mcpu=v11.0 -mlittle-endian -mno-xl-reorder -mno-xl-soft-mul -mxl-barrel-shift -mxl-pattern-compare" "EXTRA
TRACE::2022-06-23.09:24:23::SCWMssOS::_COMPILER_FLAGS=-g -ffunction-sections -fdata-sections -Wall -Wextra -fno-tree-loop-distribute-patterns"

TRACE::2022-06-23.09:24:23::SCWMssOS::make -C microblaze_0/libsrc/tmrctr_v4_9/src -s libs  "SHELL=CMD" "COMPILER=mb-gcc" "ASSEMBLER=mb-as" "ARCHIVER=mb-ar" "COMPILER
TRACE::2022-06-23.09:24:23::SCWMssOS::_FLAGS=  -O2 -c -mcpu=v11.0 -mlittle-endian -mno-xl-reorder -mno-xl-soft-mul -mxl-barrel-shift -mxl-pattern-compare" "EXTRA_COM
TRACE::2022-06-23.09:24:23::SCWMssOS::PILER_FLAGS=-g -ffunction-sections -fdata-sections -Wall -Wextra -fno-tree-loop-distribute-patterns"

TRACE::2022-06-23.09:24:25::SCWMssOS::"Running Make libs in microblaze_0/libsrc/uartlite_v3_7/src"

TRACE::2022-06-23.09:24:25::SCWMssOS::make -C microblaze_0/libsrc/uartlite_v3_7/src -s libs  "SHELL=CMD" "COMPILER=mb-gcc" "ASSEMBLER=mb-as" "ARCHIVER=mb-ar" "COMPIL
TRACE::2022-06-23.09:24:25::SCWMssOS::ER_FLAGS=  -O2 -c -mcpu=v11.0 -mlittle-endian -mno-xl-reorder -mno-xl-soft-mul -mxl-barrel-shift -mxl-pattern-compare" "EXTRA_C
TRACE::2022-06-23.09:24:25::SCWMssOS::OMPILER_FLAGS=-g -ffunction-sections -fdata-sections -Wall -Wextra -fno-tree-loop-distribute-patterns"

TRACE::2022-06-23.09:24:27::SCWMssOS::"DEBUG NON_LTO_OBJECTS is ../../../lib/microblaze_interrupt_handler.o"

TRACE::2022-06-23.09:24:27::SCWMssOS::'Finished building libraries parallelly.'

TRACE::2022-06-23.09:24:27::SCWMssOS::make --no-print-directory archive

TRACE::2022-06-23.09:24:27::SCWMssOS::mb-ar -r  microblaze_0/lib/libxil.a microblaze_0/lib/xplatform_info.o microblaze_0/lib/xuartlite.o microblaze_0/lib/microblaze_
TRACE::2022-06-23.09:24:27::SCWMssOS::disable_exceptions.o microblaze_0/lib/print.o microblaze_0/lib/xtmrctr_options.o microblaze_0/lib/_exit.o microblaze_0/lib/xil_
TRACE::2022-06-23.09:24:27::SCWMssOS::testio.o microblaze_0/lib/microblaze_disable_dcache.o microblaze_0/lib/microblaze_flush_dcache_range.o microblaze_0/lib/xuartli
TRACE::2022-06-23.09:24:27::SCWMssOS::te_sinit.o microblaze_0/lib/microblaze_flush_cache_ext.o microblaze_0/lib/xbram_sinit.o microblaze_0/lib/xil_misc_psreset_api.o
TRACE::2022-06-23.09:24:27::SCWMssOS:: microblaze_0/lib/xinterrupt_wrap.o microblaze_0/lib/xil_cache.o microblaze_0/lib/xil_util.o microblaze_0/lib/inbyte.o microbla
TRACE::2022-06-23.09:24:27::SCWMssOS::ze_0/lib/xuartlite_stats.o microblaze_0/lib/microblaze_exception_handler.o microblaze_0/lib/xbram_g.o microblaze_0/lib/microbla
TRACE::2022-06-23.09:24:27::SCWMssOS::ze_scrub.o microblaze_0/lib/microblaze_invalidate_dcache.o microblaze_0/lib/microblaze_disable_interrupts.o microblaze_0/lib/xb
TRACE::2022-06-23.09:24:27::SCWMssOS::ram_selftest.o microblaze_0/lib/microblaze_interrupt_handler.o microblaze_0/lib/microblaze_disable_icache.o microblaze_0/lib/xg
TRACE::2022-06-23.09:24:27::SCWMssOS::pio_g.o microblaze_0/lib/xil_mem.o microblaze_0/lib/microblaze_flush_cache_ext_range.o microblaze_0/lib/xtmrctr_intr.o microbla
TRACE::2022-06-23.09:24:27::SCWMssOS::ze_0/lib/xbram_intr.o microblaze_0/lib/xil_sleepcommon.o microblaze_0/lib/xil_printf.o microblaze_0/lib/xintc_g.o microblaze_0/
TRACE::2022-06-23.09:24:27::SCWMssOS::lib/xuartlite_g.o microblaze_0/lib/xtmrctr_l.o microblaze_0/lib/xintc_selftest.o microblaze_0/lib/xintc_l.o microblaze_0/lib/ou
TRACE::2022-06-23.09:24:27::SCWMssOS::tbyte.o microblaze_0/lib/xgpio_intr.o microblaze_0/lib/microblaze_invalidate_dcache_range.o microblaze_0/lib/microblaze_invalid
TRACE::2022-06-23.09:24:27::SCWMssOS::ate_cache_ext.o microblaze_0/lib/microblaze_sleep.o microblaze_0/lib/hw_exception_handler.o microblaze_0/lib/xtmrctr.o microbla
TRACE::2022-06-23.09:24:27::SCWMssOS::ze_0/lib/xuartlite_selftest.o microblaze_0/lib/xgpio_sinit.o microblaze_0/lib/microblaze_update_dcache.o microblaze_0/lib/xil_t
TRACE::2022-06-23.09:24:27::SCWMssOS::estcache.o microblaze_0/lib/microblaze_selftest.o microblaze_0/lib/microblaze_interrupts_g.o microblaze_0/lib/microblaze_enable
TRACE::2022-06-23.09:24:27::SCWMssOS::_exceptions.o microblaze_0/lib/xio.o microblaze_0/lib/xtmrctr_g.o microblaze_0/lib/microblaze_enable_dcache.o microblaze_0/lib/
TRACE::2022-06-23.09:24:27::SCWMssOS::xbram.o microblaze_0/lib/microblaze_invalidate_icache_range.o microblaze_0/lib/xtmrctr_selftest.o microblaze_0/lib/microblaze_i
TRACE::2022-06-23.09:24:27::SCWMssOS::nit_dcache_range.o microblaze_0/lib/microblaze_invalidate_icache.o microblaze_0/lib/errno.o microblaze_0/lib/xuartlite_l.o micr
TRACE::2022-06-23.09:24:27::SCWMssOS::oblaze_0/lib/xintc_options.o microblaze_0/lib/microblaze_invalidate_cache_ext_range.o microblaze_0/lib/xintc_intr.o microblaze_
TRACE::2022-06-23.09:24:27::SCWMssOS::0/lib/xil_exception.o microblaze_0/lib/pvr.o microblaze_0/lib/xgpio.o microblaze_0/lib/xil_testmem.o microblaze_0/lib/microblaz
TRACE::2022-06-23.09:24:27::SCWMssOS::e_update_icache.o microblaze_0/lib/xuartlite_intr.o microblaze_0/lib/microblaze_flush_dcache.o microblaze_0/lib/xil_clocking.o 
TRACE::2022-06-23.09:24:27::SCWMssOS::microblaze_0/lib/xil_assert.o microblaze_0/lib/microblaze_enable_interrupts.o microblaze_0/lib/xgpio_extra.o microblaze_0/lib/m
TRACE::2022-06-23.09:24:27::SCWMssOS::icroblaze_enable_icache.o microblaze_0/lib/xintc.o microblaze_0/lib/xtmrctr_stats.o microblaze_0/lib/microblaze_init_icache_ran
TRACE::2022-06-23.09:24:27::SCWMssOS::ge.o microblaze_0/lib/xtmrctr_sinit.o microblaze_0/lib/fcntl.o microblaze_0/lib/xgpio_selftest.o

TRACE::2022-06-23.09:24:27::SCWMssOS::'Finished building libraries'

TRACE::2022-06-23.09:24:28::SCWMssOS::Copying to export directory.
TRACE::2022-06-23.09:24:29::SCWMssOS:: Checking if to create the Supporting Applications
TRACE::2022-06-23.09:24:29::SCWMssOS:: No Linux domain exists, trying to generate FSBL 
LOG::2022-06-23.09:24:29::SCWSystem::Completed Processing the domain standalone_domain
LOG::2022-06-23.09:24:29::SCWSystem::Completed Processing the sysconfig Microblaze_GPIO_Interrupt
LOG::2022-06-23.09:24:29::SCWPlatform::Completed generating the artifacts for system configuration Microblaze_GPIO_Interrupt
TRACE::2022-06-23.09:24:29::SCWPlatform::Started preparing the platform 
TRACE::2022-06-23.09:24:29::SCWSystem::Writing the bif file for system config Microblaze_GPIO_Interrupt
TRACE::2022-06-23.09:24:29::SCWSystem::dir created 
TRACE::2022-06-23.09:24:29::SCWSystem::Writing the bif 
TRACE::2022-06-23.09:24:29::SCWPlatform::Started writing the spfm file 
TRACE::2022-06-23.09:24:29::SCWPlatform::Started writing the xpfm file 
TRACE::2022-06-23.09:24:29::SCWPlatform::Completed generating the platform
TRACE::2022-06-23.09:24:29::SCWMssOS::Saving the mss changes C:/HLS_Design/Microblaze_GPIO_Interrupt/workspace/Microblaze_GPIO_Interrupt/microblaze_0/standalone_domain/bsp/system.mss
TRACE::2022-06-23.09:24:29::SCWMssOS::Found a swdesign opened with the mssfile.
TRACE::2022-06-23.09:24:29::SCWMssOS::Completed writemss as part of save.
TRACE::2022-06-23.09:24:29::SCWMssOS::Commit changes completed.
TRACE::2022-06-23.09:24:29::SCWPlatform::Trying to open the hw design at C:/HLS_Design/Microblaze_GPIO_Interrupt/workspace/Microblaze_GPIO_Interrupt/hw/Microblaze_GPIO_Interrupt_design_1_wrapper.xsa
TRACE::2022-06-23.09:24:29::SCWPlatform::DSA given C:/HLS_Design/Microblaze_GPIO_Interrupt/workspace/Microblaze_GPIO_Interrupt/hw/Microblaze_GPIO_Interrupt_design_1_wrapper.xsa
TRACE::2022-06-23.09:24:29::SCWPlatform::DSA absoulate path C:/HLS_Design/Microblaze_GPIO_Interrupt/workspace/Microblaze_GPIO_Interrupt/hw/Microblaze_GPIO_Interrupt_design_1_wrapper.xsa
TRACE::2022-06-23.09:24:29::SCWPlatform::DSA directory C:/HLS_Design/Microblaze_GPIO_Interrupt/workspace/Microblaze_GPIO_Interrupt/hw
TRACE::2022-06-23.09:24:29::SCWPlatform:: Platform Path C:/HLS_Design/Microblaze_GPIO_Interrupt/workspace/Microblaze_GPIO_Interrupt/hw/Microblaze_GPIO_Interrupt_design_1_wrapper.xsa
TRACE::2022-06-23.09:24:29::SCWPlatform:: Unique name xilinx:::0.0
TRACE::2022-06-23.09:24:29::SCWPlatform::Trying to set the existing hwdb with name design_1_wrapper_1
TRACE::2022-06-23.09:24:29::SCWPlatform::Opened existing hwdb design_1_wrapper_1
TRACE::2022-06-23.09:24:29::SCWPlatform::Found the Hw Db part of the input DSA
TRACE::2022-06-23.09:24:29::SCWMssOS::Checking the sw design at  C:/HLS_Design/Microblaze_GPIO_Interrupt/workspace/Microblaze_GPIO_Interrupt/microblaze_0/standalone_domain/bsp/system.mss
TRACE::2022-06-23.09:24:29::SCWMssOS::DEBUG:  swdes dump  C:/HLS_Design/Microblaze_GPIO_Interrupt/workspace/Microblaze_GPIO_Interrupt/microblaze_0/standalone_domain/bsp/system.mss|system||

TRACE::2022-06-23.09:24:29::SCWMssOS::Sw design exists and opened at  C:/HLS_Design/Microblaze_GPIO_Interrupt/workspace/Microblaze_GPIO_Interrupt/microblaze_0/standalone_domain/bsp/system.mss
TRACE::2022-06-23.09:24:29::SCWWriter::formatted JSON is {
	"platformName":	"Microblaze_GPIO_Interrupt",
	"sprVersion":	"2.0",
	"mode":	"gui",
	"dsaType":	"Fixed",
	"platformDesc":	"Microblaze_GPIO_Interrupt",
	"platHandOff":	"C:/HLS_Design/Microblaze_GPIO_Interrupt/Microblaze_GPIO_Interrupt_design_1_wrapper.xsa",
	"platIntHandOff":	"<platformDir>/hw/Microblaze_GPIO_Interrupt_design_1_wrapper.xsa",
	"deviceType":	"FPGA",
	"platIsPrebuiltAutogen":	"false",
	"platIsNoBootBsp":	"false",
	"hasFsblMakeHasChanges":	"false",
	"hasPmufwMakeHasChanges":	"false",
	"platPreBuiltFlag":	false,
	"platformSamplesDir":	"",
	"platActiveSys":	"Microblaze_GPIO_Interrupt",
	"systems":	[{
			"systemName":	"Microblaze_GPIO_Interrupt",
			"systemDesc":	"Microblaze_GPIO_Interrupt",
			"sysIsBootAutoGen":	"true",
			"systemDispName":	"Microblaze_GPIO_Interrupt",
			"sysActiveDom":	"standalone_domain",
			"sysDefaultDom":	"standalone_domain",
			"domains":	[{
					"domainName":	"standalone_domain",
					"domainDispName":	"standalone on microblaze_0",
					"domainDesc":	"standalone_domain",
					"processors":	"microblaze_0",
					"os":	"standalone",
					"sdxOs":	"standalone",
					"debugEnable":	"False",
					"domRuntimes":	["cpp"],
					"swRepo":	"",
					"mssOsVer":	"7.7",
					"mssFile":	"",
					"md5Digest":	"259d759d3cb8762d5a9f0f12ebbb6d72",
					"compatibleApp":	"",
					"domType":	"mssDomain",
					"arch":	"32-bit",
					"appSettings":	{
						"appCompilerFlags":	"",
						"appLinkerFlags":	""
					},
					"addedLibs":	[],
					"libOptions":	{
						"libsContainingOptions":	[]
					},
					"prebuiltLibs":	{
						"prebuiltIncPath":	[],
						"prebuiltLibPath":	[]
					},
					"isolation":	{
					}
				}]
		}]
}
KEYINFO::2022-06-23.09:24:29::SCWPlatform::updated the xpfm file.
TRACE::2022-06-23.09:24:30::SCWPlatform::Trying to open the hw design at C:/HLS_Design/Microblaze_GPIO_Interrupt/workspace/Microblaze_GPIO_Interrupt/hw/Microblaze_GPIO_Interrupt_design_1_wrapper.xsa
TRACE::2022-06-23.09:24:30::SCWPlatform::DSA given C:/HLS_Design/Microblaze_GPIO_Interrupt/workspace/Microblaze_GPIO_Interrupt/hw/Microblaze_GPIO_Interrupt_design_1_wrapper.xsa
TRACE::2022-06-23.09:24:30::SCWPlatform::DSA absoulate path C:/HLS_Design/Microblaze_GPIO_Interrupt/workspace/Microblaze_GPIO_Interrupt/hw/Microblaze_GPIO_Interrupt_design_1_wrapper.xsa
TRACE::2022-06-23.09:24:30::SCWPlatform::DSA directory C:/HLS_Design/Microblaze_GPIO_Interrupt/workspace/Microblaze_GPIO_Interrupt/hw
TRACE::2022-06-23.09:24:30::SCWPlatform:: Platform Path C:/HLS_Design/Microblaze_GPIO_Interrupt/workspace/Microblaze_GPIO_Interrupt/hw/Microblaze_GPIO_Interrupt_design_1_wrapper.xsa
TRACE::2022-06-23.09:24:30::SCWPlatform:: Unique name xilinx:::0.0
TRACE::2022-06-23.09:24:30::SCWPlatform::Trying to set the existing hwdb with name design_1_wrapper_1
TRACE::2022-06-23.09:24:30::SCWPlatform::Opened existing hwdb design_1_wrapper_1
TRACE::2022-06-23.09:24:30::SCWPlatform::Found the Hw Db part of the input DSA
TRACE::2022-06-23.09:24:30::SCWMssOS::Checking the sw design at  C:/HLS_Design/Microblaze_GPIO_Interrupt/workspace/Microblaze_GPIO_Interrupt/microblaze_0/standalone_domain/bsp/system.mss
TRACE::2022-06-23.09:24:30::SCWMssOS::DEBUG:  swdes dump  C:/HLS_Design/Microblaze_GPIO_Interrupt/workspace/Microblaze_GPIO_Interrupt/microblaze_0/standalone_domain/bsp/system.mss|system||

TRACE::2022-06-23.09:24:30::SCWMssOS::Sw design exists and opened at  C:/HLS_Design/Microblaze_GPIO_Interrupt/workspace/Microblaze_GPIO_Interrupt/microblaze_0/standalone_domain/bsp/system.mss
