#-----------------------------------------------------------
# Webtalk v2019.2 (64-bit)
# SW Build 2708876 on Wed Nov  6 21:40:23 MST 2019
# 
# Start of session at: Fri Jul 29 00:58:58 2022
# Process ID: 20140
# Current directory: D:/Xilinx/FPGA_Project/Zynq_TPG_HDMI/workspace/webtalk
# Command line: wbtcv.exe -mode batch -source vitis_webtalk.tcl
# Log file: D:/Xilinx/FPGA_Project/Zynq_TPG_HDMI/workspace/webtalk/webtalk.log
# Journal file: D:/Xilinx/FPGA_Project/Zynq_TPG_HDMI/workspace/webtalk\webtalk.jou
#-----------------------------------------------------------
source vitis_webtalk.tcl
# webtalk_init -webtalk_dir D:\\Xilinx\\FPGA_Project\\Zynq_TPG_HDMI\\workspace\\webtalk
# webtalk_register_client -client project
# webtalk_add_data -client project -key date_generated -value "2022-07-29 00:58:54" -context "software_version_and_target_device"
# webtalk_add_data -client project -key product_version -value "Vitis v2019.2" -context "software_version_and_target_device"
# webtalk_add_data -client project -key build_version -value "2019.2" -context "software_version_and_target_device"
# webtalk_add_data -client project -key os_platform -value "amd64" -context "software_version_and_target_device"
# webtalk_add_data -client project -key registration_id -value "NA" -context "software_version_and_target_device"
# webtalk_add_data -client project -key tool_flow -value "Vitis" -context "software_version_and_target_device"
# webtalk_add_data -client project -key beta -value "false" -context "software_version_and_target_device"
# webtalk_add_data -client project -key route_design -value "NA" -context "software_version_and_target_device"
# webtalk_add_data -client project -key target_family -value "NA" -context "software_version_and_target_device"
# webtalk_add_data -client project -key target_device -value "NA" -context "software_version_and_target_device"
# webtalk_add_data -client project -key target_package -value "NA" -context "software_version_and_target_device"
# webtalk_add_data -client project -key target_speed -value "NA" -context "software_version_and_target_device"
# webtalk_add_data -client project -key random_id -value "p4h8lhk50bpqjv4dbr4o1lb6us" -context "software_version_and_target_device"
# webtalk_add_data -client project -key project_id -value "2019.2_3" -context "software_version_and_target_device"
# webtalk_add_data -client project -key project_iteration -value "3" -context "software_version_and_target_device"
# webtalk_add_data -client project -key os_name -value "Microsoft Windows 8 or later , 64-bit" -context "user_environment"
# webtalk_add_data -client project -key os_release -value "major release  (build 9200)" -context "user_environment"
# webtalk_add_data -client project -key cpu_name -value "Intel(R) Core(TM) i7-8550U CPU @ 1.80GHz" -context "user_environment"
# webtalk_add_data -client project -key cpu_speed -value "1992 MHz" -context "user_environment"
# webtalk_add_data -client project -key total_processors -value "1" -context "user_environment"
# webtalk_add_data -client project -key system_ram -value "8.483 GB" -context "user_environment"
# webtalk_register_client -client vitis
# webtalk_add_data -client vitis -key uid -value "1659030557561" -context "vitis\\\\platform/1659030557561"
# webtalk_add_data -client vitis -key platform_source -value "dsa" -context "vitis\\\\platform/1659030557561"
# webtalk_add_data -client vitis -key os -value "standalone" -context "vitis\\\\platform/1659030557561"
# webtalk_add_data -client vitis -key processor -value "ps7_cortexa9" -context "vitis\\\\platform/1659030557561"
# webtalk_add_data -client vitis -key platform -value "NA" -context "vitis\\\\platform/1659030557561"
# webtalk_add_data -client vitis -key uid -value "1659030802664" -context "vitis\\\\application/1659030802664"
# webtalk_add_data -client vitis -key project_type -value "sdk" -context "vitis\\\\application/1659030802664"
# webtalk_add_data -client vitis -key os -value "standalone" -context "vitis\\\\application/1659030802664"
# webtalk_add_data -client vitis -key processor -value "cortex-a9" -context "vitis\\\\application/1659030802664"
# webtalk_add_data -client vitis -key runtime -value "C/C++" -context "vitis\\\\application/1659030802664"
# webtalk_add_data -client vitis -key template -value "sdk" -context "vitis\\\\application/1659030802664"
# webtalk_add_data -client vitis -key platform -value "custom" -context "vitis\\\\application/1659030802664"
# webtalk_add_data -client vitis -key platform_type -value "fixed" -context "vitis\\\\application/1659030802664"
# webtalk_add_data -client vitis -key application_type -value "application" -context "vitis\\\\application/1659030802664"
# webtalk_add_data -client vitis -key platform_source -value "platform" -context "vitis\\\\application/1659030802664"
# webtalk_add_data -client vitis -key device_family -value "zynq" -context "vitis\\\\application/1659030802664"
# webtalk_add_data -client vitis -key fpga -value "xc7z020" -context "vitis\\\\application/1659030802664"
# webtalk_transmit -clientid 3022651010 -regid "" -xml D:\\Xilinx\\FPGA_Project\\Zynq_TPG_HDMI\\workspace\\webtalk\\usage_statistics_ext_vitis.xml -html D:\\Xilinx\\FPGA_Project\\Zynq_TPG_HDMI\\workspace\\webtalk\\usage_statistics_ext_vitis.html -wdm D:\\Xilinx\\FPGA_Project\\Zynq_TPG_HDMI\\workspace\\webtalk\\vitis_webtalk.wdm -intro "<H3>Vitis Usage Report</H3><BR>"
# webtalk_terminate
INFO: [Common 17-206] Exiting Webtalk at Fri Jul 29 00:59:06 2022...
