10:46:47 DEBUG : Logs will be stored at 'C:/HLS_Design/Microblaze_GPIO/workspace/IDE.log'.
10:46:58 INFO  : Launching XSCT server: xsct.bat -n  -interactive C:\HLS_Design\Microblaze_GPIO\workspace\temp_xsdb_launch_script.tcl
10:47:00 INFO  : Registering command handlers for Vitis TCF services
10:47:09 INFO  : Platform repository initialization has completed.
10:47:16 INFO  : XSCT server has started successfully.
10:47:16 INFO  : Successfully done setting XSCT server connection channel  
10:47:33 INFO  : plnx-install-location is set to ''
10:47:33 INFO  : Successfully done setting workspace for the tool. 
10:47:35 INFO  : Successfully done query RDI_DATADIR 
10:47:57 INFO  : Result from executing command 'getProjects': Microblaze_GPIO
10:47:57 INFO  : Result from executing command 'getPlatforms': xilinx_vck190_base_202210_1|C:/Xilinx/Vitis/2022.1/base_platforms/xilinx_vck190_base_202210_1/xilinx_vck190_base_202210_1.xpfm;xilinx_vck190_base_dfx_202210_1|C:/Xilinx/Vitis/2022.1/base_platforms/xilinx_vck190_base_dfx_202210_1/xilinx_vck190_base_dfx_202210_1.xpfm;xilinx_vmk180_base_202210_1|C:/Xilinx/Vitis/2022.1/base_platforms/xilinx_vmk180_base_202210_1/xilinx_vmk180_base_202210_1.xpfm;xilinx_zcu102_base_202210_1|C:/Xilinx/Vitis/2022.1/base_platforms/xilinx_zcu102_base_202210_1/xilinx_zcu102_base_202210_1.xpfm;xilinx_zcu102_base_dfx_202210_1|C:/Xilinx/Vitis/2022.1/base_platforms/xilinx_zcu102_base_dfx_202210_1/xilinx_zcu102_base_dfx_202210_1.xpfm;xilinx_zcu104_base_202210_1|C:/Xilinx/Vitis/2022.1/base_platforms/xilinx_zcu104_base_202210_1/xilinx_zcu104_base_202210_1.xpfm
10:48:55 INFO  : Result from executing command 'getProjects': Microblaze_GPIO
10:48:55 INFO  : Result from executing command 'getPlatforms': Microblaze_GPIO|C:/HLS_Design/Microblaze_GPIO/workspace/Microblaze_GPIO/export/Microblaze_GPIO/Microblaze_GPIO.xpfm;xilinx_vck190_base_202210_1|C:/Xilinx/Vitis/2022.1/base_platforms/xilinx_vck190_base_202210_1/xilinx_vck190_base_202210_1.xpfm;xilinx_vck190_base_dfx_202210_1|C:/Xilinx/Vitis/2022.1/base_platforms/xilinx_vck190_base_dfx_202210_1/xilinx_vck190_base_dfx_202210_1.xpfm;xilinx_vmk180_base_202210_1|C:/Xilinx/Vitis/2022.1/base_platforms/xilinx_vmk180_base_202210_1/xilinx_vmk180_base_202210_1.xpfm;xilinx_zcu102_base_202210_1|C:/Xilinx/Vitis/2022.1/base_platforms/xilinx_zcu102_base_202210_1/xilinx_zcu102_base_202210_1.xpfm;xilinx_zcu102_base_dfx_202210_1|C:/Xilinx/Vitis/2022.1/base_platforms/xilinx_zcu102_base_dfx_202210_1/xilinx_zcu102_base_dfx_202210_1.xpfm;xilinx_zcu104_base_202210_1|C:/Xilinx/Vitis/2022.1/base_platforms/xilinx_zcu104_base_202210_1/xilinx_zcu104_base_202210_1.xpfm
10:54:03 INFO  : Checking for BSP changes to sync application flags for project 'Microblaze_GPIO_LED'...
10:55:00 INFO  : Bit file 'C:/HLS_Design/Microblaze_GPIO/workspace/Microblaze_GPIO_LED/_ide/bitstream/download.bit' is generated.
10:55:10 INFO  : Connected to target on host '127.0.0.1' and port '3121'.
10:55:15 INFO  : 'targets -set -filter {jtag_cable_name =~ "Digilent Nexys4 210274505522A" && level==0 && jtag_device_ctx=="jsn-Nexys4-210274505522A-13631093-0"}' command is executed.
10:55:19 INFO  : Device configured successfully with "C:/HLS_Design/Microblaze_GPIO/workspace/Microblaze_GPIO_LED/_ide/bitstream/download.bit"
10:55:46 INFO  : Connected to target on host '127.0.0.1' and port '3121'.
10:55:46 INFO  : Jtag cable 'Digilent Nexys4 210274505522A' is selected.
10:55:46 INFO  : 'jtag frequency' command is executed.
10:55:47 INFO  : 'targets -set -filter {jtag_cable_name =~ "Digilent Nexys4 210274505522A" && level==0 && jtag_device_ctx=="jsn-Nexys4-210274505522A-13631093-0"}' command is executed.
10:55:49 INFO  : Device configured successfully with "C:/HLS_Design/Microblaze_GPIO/workspace/Microblaze_GPIO_LED/_ide/bitstream/download.bit"
10:55:49 INFO  : Context for processor 'microblaze_0' is selected.
10:55:49 INFO  : Hardware design and registers information is loaded from 'C:/HLS_Design/Microblaze_GPIO/workspace/Microblaze_GPIO/export/Microblaze_GPIO/hw/Microblaze_GPIO_design_1_wrapper.xsa'.
10:55:49 INFO  : 'configparams mdm-detect-bscan-mask 2' command is executed.
10:55:49 INFO  : Context for processor 'microblaze_0' is selected.
10:55:49 INFO  : System reset is completed.
10:55:52 INFO  : 'after 3000' command is executed.
10:55:52 INFO  : Context for processor 'microblaze_0' is selected.
10:55:52 INFO  : The application 'C:/HLS_Design/Microblaze_GPIO/workspace/Microblaze_GPIO_LED/Debug/Microblaze_GPIO_LED.elf' is downloaded to processor 'microblaze_0'.
10:55:52 INFO  : ----------------XSDB Script----------------
connect -url tcp:127.0.0.1:3121
targets -set -filter {jtag_cable_name =~ "Digilent Nexys4 210274505522A" && level==0 && jtag_device_ctx=="jsn-Nexys4-210274505522A-13631093-0"}
fpga -file C:/HLS_Design/Microblaze_GPIO/workspace/Microblaze_GPIO_LED/_ide/bitstream/download.bit
targets -set -nocase -filter {name =~ "*microblaze*#0" && bscan=="USER2" }
loadhw -hw C:/HLS_Design/Microblaze_GPIO/workspace/Microblaze_GPIO/export/Microblaze_GPIO/hw/Microblaze_GPIO_design_1_wrapper.xsa -regs
configparams mdm-detect-bscan-mask 2
targets -set -nocase -filter {name =~ "*microblaze*#0" && bscan=="USER2" }
rst -system
after 3000
targets -set -nocase -filter {name =~ "*microblaze*#0" && bscan=="USER2" }
dow C:/HLS_Design/Microblaze_GPIO/workspace/Microblaze_GPIO_LED/Debug/Microblaze_GPIO_LED.elf
----------------End of Script----------------

10:55:53 INFO  : Context for processor 'microblaze_0' is selected.
10:55:53 INFO  : 'con' command is executed.
10:55:53 INFO  : ----------------XSDB Script (After Launch)----------------
targets -set -nocase -filter {name =~ "*microblaze*#0" && bscan=="USER2" }
con
----------------End of Script----------------

10:55:53 INFO  : Launch script is exported to file 'C:\HLS_Design\Microblaze_GPIO\workspace\Microblaze_GPIO_LED_system\_ide\scripts\debugger_microblaze_gpio_led-default.tcl'
11:29:20 INFO  : Disconnected from the channel tcfchan#2.
15:48:32 DEBUG : Logs will be stored at 'C:/HLS_Design/Microblaze_GPIO/workspace/IDE.log'.
15:48:46 INFO  : Launching XSCT server: xsct.bat -n  -interactive C:\HLS_Design\Microblaze_GPIO\workspace\temp_xsdb_launch_script.tcl
15:49:40 INFO  : XSCT server has started successfully.
15:49:41 INFO  : plnx-install-location is set to ''
15:49:41 INFO  : Successfully done setting XSCT server connection channel  
15:49:41 INFO  : Successfully done setting workspace for the tool. 
15:49:54 INFO  : Registering command handlers for Vitis TCF services
15:50:05 INFO  : Platform repository initialization has completed.
15:50:22 INFO  : Successfully done query RDI_DATADIR 
16:01:12 INFO  : Result from executing command 'getProjects': Microblaze_GPIO
16:01:12 INFO  : Result from executing command 'getPlatforms': Microblaze_GPIO|C:/HLS_Design/Microblaze_GPIO/workspace/Microblaze_GPIO/export/Microblaze_GPIO/Microblaze_GPIO.xpfm;xilinx_vck190_base_202210_1|C:/Xilinx/Vitis/2022.1/base_platforms/xilinx_vck190_base_202210_1/xilinx_vck190_base_202210_1.xpfm;xilinx_vck190_base_dfx_202210_1|C:/Xilinx/Vitis/2022.1/base_platforms/xilinx_vck190_base_dfx_202210_1/xilinx_vck190_base_dfx_202210_1.xpfm;xilinx_vmk180_base_202210_1|C:/Xilinx/Vitis/2022.1/base_platforms/xilinx_vmk180_base_202210_1/xilinx_vmk180_base_202210_1.xpfm;xilinx_zcu102_base_202210_1|C:/Xilinx/Vitis/2022.1/base_platforms/xilinx_zcu102_base_202210_1/xilinx_zcu102_base_202210_1.xpfm;xilinx_zcu102_base_dfx_202210_1|C:/Xilinx/Vitis/2022.1/base_platforms/xilinx_zcu102_base_dfx_202210_1/xilinx_zcu102_base_dfx_202210_1.xpfm;xilinx_zcu104_base_202210_1|C:/Xilinx/Vitis/2022.1/base_platforms/xilinx_zcu104_base_202210_1/xilinx_zcu104_base_202210_1.xpfm
16:01:17 INFO  : Checking for BSP changes to sync application flags for project 'Microblaze_GPIO_LED'...
16:02:30 INFO  : Checking for BSP changes to sync application flags for project 'Microblaze_GPIO_LED'...
16:04:11 INFO  : Bit file 'C:/HLS_Design/Microblaze_GPIO/workspace/Microblaze_GPIO_LED/_ide/bitstream/download.bit' is generated.
16:04:25 INFO  : Connected to target on host '127.0.0.1' and port '3121'.
16:04:29 INFO  : 'targets -set -filter {jtag_cable_name =~ "Digilent Nexys4 210274505522A" && level==0 && jtag_device_ctx=="jsn-Nexys4-210274505522A-13631093-0"}' command is executed.
16:04:32 INFO  : Device configured successfully with "C:/HLS_Design/Microblaze_GPIO/workspace/Microblaze_GPIO_LED/_ide/bitstream/download.bit"
16:38:26 INFO  : Connected to target on host '127.0.0.1' and port '3121'.
16:38:27 INFO  : Jtag cable 'Digilent Nexys4 210274505522A' is selected.
16:38:27 INFO  : 'jtag frequency' command is executed.
16:38:27 INFO  : 'targets -set -filter {jtag_cable_name =~ "Digilent Nexys4 210274505522A" && level==0 && jtag_device_ctx=="jsn-Nexys4-210274505522A-13631093-0"}' command is executed.
16:38:29 INFO  : Device configured successfully with "C:/HLS_Design/Microblaze_GPIO/workspace/Microblaze_GPIO_LED/_ide/bitstream/download.bit"
16:38:29 INFO  : Context for processor 'microblaze_0' is selected.
16:38:29 INFO  : Hardware design and registers information is loaded from 'C:/HLS_Design/Microblaze_GPIO/workspace/Microblaze_GPIO/export/Microblaze_GPIO/hw/Microblaze_GPIO_design_1_wrapper.xsa'.
16:38:29 INFO  : 'configparams mdm-detect-bscan-mask 2' command is executed.
16:38:29 INFO  : Context for processor 'microblaze_0' is selected.
16:38:29 INFO  : System reset is completed.
16:38:32 INFO  : 'after 3000' command is executed.
16:38:32 INFO  : Context for processor 'microblaze_0' is selected.
16:38:32 INFO  : The application 'C:/HLS_Design/Microblaze_GPIO/workspace/Microblaze_GPIO_LED/Debug/Microblaze_GPIO_LED.elf' is downloaded to processor 'microblaze_0'.
16:38:32 INFO  : ----------------XSDB Script----------------
connect -url tcp:127.0.0.1:3121
targets -set -filter {jtag_cable_name =~ "Digilent Nexys4 210274505522A" && level==0 && jtag_device_ctx=="jsn-Nexys4-210274505522A-13631093-0"}
fpga -file C:/HLS_Design/Microblaze_GPIO/workspace/Microblaze_GPIO_LED/_ide/bitstream/download.bit
targets -set -nocase -filter {name =~ "*microblaze*#0" && bscan=="USER2" }
loadhw -hw C:/HLS_Design/Microblaze_GPIO/workspace/Microblaze_GPIO/export/Microblaze_GPIO/hw/Microblaze_GPIO_design_1_wrapper.xsa -regs
configparams mdm-detect-bscan-mask 2
targets -set -nocase -filter {name =~ "*microblaze*#0" && bscan=="USER2" }
rst -system
after 3000
targets -set -nocase -filter {name =~ "*microblaze*#0" && bscan=="USER2" }
dow C:/HLS_Design/Microblaze_GPIO/workspace/Microblaze_GPIO_LED/Debug/Microblaze_GPIO_LED.elf
----------------End of Script----------------

16:38:32 INFO  : Context for processor 'microblaze_0' is selected.
16:38:32 INFO  : 'con' command is executed.
16:38:32 INFO  : ----------------XSDB Script (After Launch)----------------
targets -set -nocase -filter {name =~ "*microblaze*#0" && bscan=="USER2" }
con
----------------End of Script----------------

16:38:32 INFO  : Launch script is exported to file 'C:\HLS_Design\Microblaze_GPIO\workspace\Microblaze_GPIO_LED_system\_ide\scripts\systemdebugger_microblaze_gpio_led_system_standalone.tcl'
16:41:06 INFO  : Checking for BSP changes to sync application flags for project 'Microblaze_GPIO_LED'...
16:41:39 INFO  : Bit file 'C:/HLS_Design/Microblaze_GPIO/workspace/Microblaze_GPIO_LED/_ide/bitstream/download.bit' is generated.
16:41:39 INFO  : Connected to target on host '127.0.0.1' and port '3121'.
16:41:39 INFO  : 'targets -set -filter {jtag_cable_name =~ "Digilent Nexys4 210274505522A" && level==0 && jtag_device_ctx=="jsn-Nexys4-210274505522A-13631093-0"}' command is executed.
16:41:41 INFO  : Device configured successfully with "C:/HLS_Design/Microblaze_GPIO/workspace/Microblaze_GPIO_LED/_ide/bitstream/download.bit"
16:51:20 INFO  : Bit file 'C:/HLS_Design/Microblaze_GPIO/workspace/Microblaze_GPIO_LED/_ide/bitstream/download.bit' is generated.
16:51:20 INFO  : Connected to target on host '127.0.0.1' and port '3121'.
16:51:21 INFO  : 'targets -set -filter {jtag_cable_name =~ "Digilent Nexys4 210274505522A" && level==0 && jtag_device_ctx=="jsn-Nexys4-210274505522A-13631093-0"}' command is executed.
16:51:23 INFO  : Device configured successfully with "C:/HLS_Design/Microblaze_GPIO/workspace/Microblaze_GPIO_LED/_ide/bitstream/download.bit"
16:51:30 INFO  : Disconnected from the channel tcfchan#2.
16:51:30 INFO  : Connected to target on host '127.0.0.1' and port '3121'.
16:51:30 INFO  : Jtag cable 'Digilent Nexys4 210274505522A' is selected.
16:51:30 INFO  : 'jtag frequency' command is executed.
16:51:30 INFO  : 'targets -set -filter {jtag_cable_name =~ "Digilent Nexys4 210274505522A" && level==0 && jtag_device_ctx=="jsn-Nexys4-210274505522A-13631093-0"}' command is executed.
16:51:32 INFO  : Device configured successfully with "C:/HLS_Design/Microblaze_GPIO/workspace/Microblaze_GPIO_LED/_ide/bitstream/download.bit"
16:51:32 INFO  : Context for processor 'microblaze_0' is selected.
16:51:32 INFO  : Hardware design and registers information is loaded from 'C:/HLS_Design/Microblaze_GPIO/workspace/Microblaze_GPIO/export/Microblaze_GPIO/hw/Microblaze_GPIO_design_1_wrapper.xsa'.
16:51:32 INFO  : 'configparams mdm-detect-bscan-mask 2' command is executed.
16:51:32 INFO  : Context for processor 'microblaze_0' is selected.
16:51:32 INFO  : System reset is completed.
16:51:35 INFO  : 'after 3000' command is executed.
16:51:35 INFO  : Context for processor 'microblaze_0' is selected.
16:51:36 INFO  : The application 'C:/HLS_Design/Microblaze_GPIO/workspace/Microblaze_GPIO_LED/Debug/Microblaze_GPIO_LED.elf' is downloaded to processor 'microblaze_0'.
16:51:36 INFO  : ----------------XSDB Script----------------
connect -url tcp:127.0.0.1:3121
targets -set -filter {jtag_cable_name =~ "Digilent Nexys4 210274505522A" && level==0 && jtag_device_ctx=="jsn-Nexys4-210274505522A-13631093-0"}
fpga -file C:/HLS_Design/Microblaze_GPIO/workspace/Microblaze_GPIO_LED/_ide/bitstream/download.bit
targets -set -nocase -filter {name =~ "*microblaze*#0" && bscan=="USER2" }
loadhw -hw C:/HLS_Design/Microblaze_GPIO/workspace/Microblaze_GPIO/export/Microblaze_GPIO/hw/Microblaze_GPIO_design_1_wrapper.xsa -regs
configparams mdm-detect-bscan-mask 2
targets -set -nocase -filter {name =~ "*microblaze*#0" && bscan=="USER2" }
rst -system
after 3000
targets -set -nocase -filter {name =~ "*microblaze*#0" && bscan=="USER2" }
dow C:/HLS_Design/Microblaze_GPIO/workspace/Microblaze_GPIO_LED/Debug/Microblaze_GPIO_LED.elf
----------------End of Script----------------

16:51:36 INFO  : Context for processor 'microblaze_0' is selected.
16:51:36 INFO  : 'con' command is executed.
16:51:36 INFO  : ----------------XSDB Script (After Launch)----------------
targets -set -nocase -filter {name =~ "*microblaze*#0" && bscan=="USER2" }
con
----------------End of Script----------------

16:51:36 INFO  : Launch script is exported to file 'C:\HLS_Design\Microblaze_GPIO\workspace\Microblaze_GPIO_LED_system\_ide\scripts\systemdebugger_microblaze_gpio_led_system_standalone.tcl'
16:52:56 INFO  : Checking for BSP changes to sync application flags for project 'Microblaze_GPIO_LED'...
16:53:28 INFO  : Bit file 'C:/HLS_Design/Microblaze_GPIO/workspace/Microblaze_GPIO_LED/_ide/bitstream/download.bit' is generated.
16:53:28 INFO  : Connected to target on host '127.0.0.1' and port '3121'.
16:53:28 INFO  : 'targets -set -filter {jtag_cable_name =~ "Digilent Nexys4 210274505522A" && level==0 && jtag_device_ctx=="jsn-Nexys4-210274505522A-13631093-0"}' command is executed.
16:53:30 INFO  : Device configured successfully with "C:/HLS_Design/Microblaze_GPIO/workspace/Microblaze_GPIO_LED/_ide/bitstream/download.bit"
16:54:11 INFO  : Disconnected from the channel tcfchan#3.
16:54:11 INFO  : Connected to target on host '127.0.0.1' and port '3121'.
16:54:11 INFO  : Jtag cable 'Digilent Nexys4 210274505522A' is selected.
16:54:11 INFO  : 'jtag frequency' command is executed.
16:54:12 INFO  : 'targets -set -filter {jtag_cable_name =~ "Digilent Nexys4 210274505522A" && level==0 && jtag_device_ctx=="jsn-Nexys4-210274505522A-13631093-0"}' command is executed.
16:54:14 INFO  : Device configured successfully with "C:/HLS_Design/Microblaze_GPIO/workspace/Microblaze_GPIO_LED/_ide/bitstream/download.bit"
16:54:14 INFO  : Context for processor 'microblaze_0' is selected.
16:54:14 INFO  : Hardware design and registers information is loaded from 'C:/HLS_Design/Microblaze_GPIO/workspace/Microblaze_GPIO/export/Microblaze_GPIO/hw/Microblaze_GPIO_design_1_wrapper.xsa'.
16:54:14 INFO  : 'configparams mdm-detect-bscan-mask 2' command is executed.
16:54:14 INFO  : Context for processor 'microblaze_0' is selected.
16:54:14 INFO  : System reset is completed.
16:54:17 INFO  : 'after 3000' command is executed.
16:54:17 INFO  : Context for processor 'microblaze_0' is selected.
16:54:17 INFO  : The application 'C:/HLS_Design/Microblaze_GPIO/workspace/Microblaze_GPIO_LED/Debug/Microblaze_GPIO_LED.elf' is downloaded to processor 'microblaze_0'.
16:54:17 INFO  : ----------------XSDB Script----------------
connect -url tcp:127.0.0.1:3121
targets -set -filter {jtag_cable_name =~ "Digilent Nexys4 210274505522A" && level==0 && jtag_device_ctx=="jsn-Nexys4-210274505522A-13631093-0"}
fpga -file C:/HLS_Design/Microblaze_GPIO/workspace/Microblaze_GPIO_LED/_ide/bitstream/download.bit
targets -set -nocase -filter {name =~ "*microblaze*#0" && bscan=="USER2" }
loadhw -hw C:/HLS_Design/Microblaze_GPIO/workspace/Microblaze_GPIO/export/Microblaze_GPIO/hw/Microblaze_GPIO_design_1_wrapper.xsa -regs
configparams mdm-detect-bscan-mask 2
targets -set -nocase -filter {name =~ "*microblaze*#0" && bscan=="USER2" }
rst -system
after 3000
targets -set -nocase -filter {name =~ "*microblaze*#0" && bscan=="USER2" }
dow C:/HLS_Design/Microblaze_GPIO/workspace/Microblaze_GPIO_LED/Debug/Microblaze_GPIO_LED.elf
----------------End of Script----------------

16:54:17 INFO  : Context for processor 'microblaze_0' is selected.
16:54:17 INFO  : 'con' command is executed.
16:54:17 INFO  : ----------------XSDB Script (After Launch)----------------
targets -set -nocase -filter {name =~ "*microblaze*#0" && bscan=="USER2" }
con
----------------End of Script----------------

16:54:17 INFO  : Launch script is exported to file 'C:\HLS_Design\Microblaze_GPIO\workspace\Microblaze_GPIO_LED_system\_ide\scripts\systemdebugger_microblaze_gpio_led_system_standalone.tcl'
17:30:53 INFO  : Checking for BSP changes to sync application flags for project 'Microblaze_GPIO_LED'...
17:31:24 INFO  : Bit file 'C:/HLS_Design/Microblaze_GPIO/workspace/Microblaze_GPIO_LED/_ide/bitstream/download.bit' is generated.
17:31:24 INFO  : Connected to target on host '127.0.0.1' and port '3121'.
17:31:24 INFO  : 'targets -set -filter {jtag_cable_name =~ "Digilent Nexys4 210274505522A" && level==0 && jtag_device_ctx=="jsn-Nexys4-210274505522A-13631093-0"}' command is executed.
17:31:27 INFO  : Device configured successfully with "C:/HLS_Design/Microblaze_GPIO/workspace/Microblaze_GPIO_LED/_ide/bitstream/download.bit"
17:31:38 INFO  : Disconnected from the channel tcfchan#4.
17:31:38 INFO  : Connected to target on host '127.0.0.1' and port '3121'.
17:31:38 INFO  : Jtag cable 'Digilent Nexys4 210274505522A' is selected.
17:31:38 INFO  : 'jtag frequency' command is executed.
17:31:38 INFO  : 'targets -set -filter {jtag_cable_name =~ "Digilent Nexys4 210274505522A" && level==0 && jtag_device_ctx=="jsn-Nexys4-210274505522A-13631093-0"}' command is executed.
17:31:40 INFO  : Device configured successfully with "C:/HLS_Design/Microblaze_GPIO/workspace/Microblaze_GPIO_LED/_ide/bitstream/download.bit"
17:31:40 INFO  : Context for processor 'microblaze_0' is selected.
17:31:40 INFO  : Hardware design and registers information is loaded from 'C:/HLS_Design/Microblaze_GPIO/workspace/Microblaze_GPIO/export/Microblaze_GPIO/hw/Microblaze_GPIO_design_1_wrapper.xsa'.
17:31:40 INFO  : 'configparams mdm-detect-bscan-mask 2' command is executed.
17:31:40 INFO  : Context for processor 'microblaze_0' is selected.
17:31:40 INFO  : System reset is completed.
17:31:43 INFO  : 'after 3000' command is executed.
17:31:43 INFO  : Context for processor 'microblaze_0' is selected.
17:31:43 INFO  : The application 'C:/HLS_Design/Microblaze_GPIO/workspace/Microblaze_GPIO_LED/Debug/Microblaze_GPIO_LED.elf' is downloaded to processor 'microblaze_0'.
17:31:43 INFO  : ----------------XSDB Script----------------
connect -url tcp:127.0.0.1:3121
targets -set -filter {jtag_cable_name =~ "Digilent Nexys4 210274505522A" && level==0 && jtag_device_ctx=="jsn-Nexys4-210274505522A-13631093-0"}
fpga -file C:/HLS_Design/Microblaze_GPIO/workspace/Microblaze_GPIO_LED/_ide/bitstream/download.bit
targets -set -nocase -filter {name =~ "*microblaze*#0" && bscan=="USER2" }
loadhw -hw C:/HLS_Design/Microblaze_GPIO/workspace/Microblaze_GPIO/export/Microblaze_GPIO/hw/Microblaze_GPIO_design_1_wrapper.xsa -regs
configparams mdm-detect-bscan-mask 2
targets -set -nocase -filter {name =~ "*microblaze*#0" && bscan=="USER2" }
rst -system
after 3000
targets -set -nocase -filter {name =~ "*microblaze*#0" && bscan=="USER2" }
dow C:/HLS_Design/Microblaze_GPIO/workspace/Microblaze_GPIO_LED/Debug/Microblaze_GPIO_LED.elf
----------------End of Script----------------

17:31:43 INFO  : Context for processor 'microblaze_0' is selected.
17:31:43 INFO  : 'con' command is executed.
17:31:43 INFO  : ----------------XSDB Script (After Launch)----------------
targets -set -nocase -filter {name =~ "*microblaze*#0" && bscan=="USER2" }
con
----------------End of Script----------------

17:31:43 INFO  : Launch script is exported to file 'C:\HLS_Design\Microblaze_GPIO\workspace\Microblaze_GPIO_LED_system\_ide\scripts\systemdebugger_microblaze_gpio_led_system_standalone.tcl'
17:33:16 INFO  : Checking for BSP changes to sync application flags for project 'Microblaze_GPIO_LED'...
17:33:42 INFO  : Bit file 'C:/HLS_Design/Microblaze_GPIO/workspace/Microblaze_GPIO_LED/_ide/bitstream/download.bit' is generated.
17:33:42 INFO  : Connected to target on host '127.0.0.1' and port '3121'.
17:33:42 INFO  : 'targets -set -filter {jtag_cable_name =~ "Digilent Nexys4 210274505522A" && level==0 && jtag_device_ctx=="jsn-Nexys4-210274505522A-13631093-0"}' command is executed.
17:33:44 INFO  : Device configured successfully with "C:/HLS_Design/Microblaze_GPIO/workspace/Microblaze_GPIO_LED/_ide/bitstream/download.bit"
17:33:59 INFO  : Disconnected from the channel tcfchan#5.
17:33:59 INFO  : Connected to target on host '127.0.0.1' and port '3121'.
17:34:00 INFO  : Jtag cable 'Digilent Nexys4 210274505522A' is selected.
17:34:00 INFO  : 'jtag frequency' command is executed.
17:34:00 INFO  : 'targets -set -filter {jtag_cable_name =~ "Digilent Nexys4 210274505522A" && level==0 && jtag_device_ctx=="jsn-Nexys4-210274505522A-13631093-0"}' command is executed.
17:34:02 INFO  : Device configured successfully with "C:/HLS_Design/Microblaze_GPIO/workspace/Microblaze_GPIO_LED/_ide/bitstream/download.bit"
17:34:02 INFO  : Context for processor 'microblaze_0' is selected.
17:34:02 INFO  : Hardware design and registers information is loaded from 'C:/HLS_Design/Microblaze_GPIO/workspace/Microblaze_GPIO/export/Microblaze_GPIO/hw/Microblaze_GPIO_design_1_wrapper.xsa'.
17:34:02 INFO  : 'configparams mdm-detect-bscan-mask 2' command is executed.
17:34:02 INFO  : Context for processor 'microblaze_0' is selected.
17:34:02 INFO  : System reset is completed.
17:34:05 INFO  : 'after 3000' command is executed.
17:34:05 INFO  : Context for processor 'microblaze_0' is selected.
17:34:05 INFO  : The application 'C:/HLS_Design/Microblaze_GPIO/workspace/Microblaze_GPIO_LED/Debug/Microblaze_GPIO_LED.elf' is downloaded to processor 'microblaze_0'.
17:34:05 INFO  : ----------------XSDB Script----------------
connect -url tcp:127.0.0.1:3121
targets -set -filter {jtag_cable_name =~ "Digilent Nexys4 210274505522A" && level==0 && jtag_device_ctx=="jsn-Nexys4-210274505522A-13631093-0"}
fpga -file C:/HLS_Design/Microblaze_GPIO/workspace/Microblaze_GPIO_LED/_ide/bitstream/download.bit
targets -set -nocase -filter {name =~ "*microblaze*#0" && bscan=="USER2" }
loadhw -hw C:/HLS_Design/Microblaze_GPIO/workspace/Microblaze_GPIO/export/Microblaze_GPIO/hw/Microblaze_GPIO_design_1_wrapper.xsa -regs
configparams mdm-detect-bscan-mask 2
targets -set -nocase -filter {name =~ "*microblaze*#0" && bscan=="USER2" }
rst -system
after 3000
targets -set -nocase -filter {name =~ "*microblaze*#0" && bscan=="USER2" }
dow C:/HLS_Design/Microblaze_GPIO/workspace/Microblaze_GPIO_LED/Debug/Microblaze_GPIO_LED.elf
----------------End of Script----------------

17:34:05 INFO  : Context for processor 'microblaze_0' is selected.
17:34:05 INFO  : 'con' command is executed.
17:34:05 INFO  : ----------------XSDB Script (After Launch)----------------
targets -set -nocase -filter {name =~ "*microblaze*#0" && bscan=="USER2" }
con
----------------End of Script----------------

17:34:05 INFO  : Launch script is exported to file 'C:\HLS_Design\Microblaze_GPIO\workspace\Microblaze_GPIO_LED_system\_ide\scripts\systemdebugger_microblaze_gpio_led_system_standalone.tcl'
17:34:38 INFO  : Checking for BSP changes to sync application flags for project 'Microblaze_GPIO_LED'...
17:35:04 INFO  : Bit file 'C:/HLS_Design/Microblaze_GPIO/workspace/Microblaze_GPIO_LED/_ide/bitstream/download.bit' is generated.
17:35:04 INFO  : Connected to target on host '127.0.0.1' and port '3121'.
17:35:04 INFO  : 'targets -set -filter {jtag_cable_name =~ "Digilent Nexys4 210274505522A" && level==0 && jtag_device_ctx=="jsn-Nexys4-210274505522A-13631093-0"}' command is executed.
17:35:07 INFO  : Device configured successfully with "C:/HLS_Design/Microblaze_GPIO/workspace/Microblaze_GPIO_LED/_ide/bitstream/download.bit"
17:35:18 INFO  : Connected to target on host '127.0.0.1' and port '3121'.
17:35:18 INFO  : Disconnected from the channel tcfchan#6.
17:35:18 INFO  : ----------------XSDB Script----------------
connect -url tcp:127.0.0.1:3121
----------------End of Script----------------

17:35:18 ERROR : Invalid target. Use "connect" command to connect to hw_server/TCF agent
17:35:33 INFO  : Connected to target on host '127.0.0.1' and port '3121'.
17:35:34 INFO  : Jtag cable 'Digilent Nexys4 210274505522A' is selected.
17:35:34 INFO  : 'jtag frequency' command is executed.
17:35:34 INFO  : 'targets -set -filter {jtag_cable_name =~ "Digilent Nexys4 210274505522A" && level==0 && jtag_device_ctx=="jsn-Nexys4-210274505522A-13631093-0"}' command is executed.
17:35:36 INFO  : Device configured successfully with "C:/HLS_Design/Microblaze_GPIO/workspace/Microblaze_GPIO_LED/_ide/bitstream/download.bit"
17:35:36 INFO  : Context for processor 'microblaze_0' is selected.
17:35:36 INFO  : Hardware design and registers information is loaded from 'C:/HLS_Design/Microblaze_GPIO/workspace/Microblaze_GPIO/export/Microblaze_GPIO/hw/Microblaze_GPIO_design_1_wrapper.xsa'.
17:35:36 INFO  : 'configparams mdm-detect-bscan-mask 2' command is executed.
17:35:36 INFO  : Context for processor 'microblaze_0' is selected.
17:35:36 INFO  : System reset is completed.
17:35:39 INFO  : 'after 3000' command is executed.
17:35:39 INFO  : Context for processor 'microblaze_0' is selected.
17:35:39 INFO  : The application 'C:/HLS_Design/Microblaze_GPIO/workspace/Microblaze_GPIO_LED/Debug/Microblaze_GPIO_LED.elf' is downloaded to processor 'microblaze_0'.
17:35:39 INFO  : ----------------XSDB Script----------------
connect -url tcp:127.0.0.1:3121
targets -set -filter {jtag_cable_name =~ "Digilent Nexys4 210274505522A" && level==0 && jtag_device_ctx=="jsn-Nexys4-210274505522A-13631093-0"}
fpga -file C:/HLS_Design/Microblaze_GPIO/workspace/Microblaze_GPIO_LED/_ide/bitstream/download.bit
targets -set -nocase -filter {name =~ "*microblaze*#0" && bscan=="USER2" }
loadhw -hw C:/HLS_Design/Microblaze_GPIO/workspace/Microblaze_GPIO/export/Microblaze_GPIO/hw/Microblaze_GPIO_design_1_wrapper.xsa -regs
configparams mdm-detect-bscan-mask 2
targets -set -nocase -filter {name =~ "*microblaze*#0" && bscan=="USER2" }
rst -system
after 3000
targets -set -nocase -filter {name =~ "*microblaze*#0" && bscan=="USER2" }
dow C:/HLS_Design/Microblaze_GPIO/workspace/Microblaze_GPIO_LED/Debug/Microblaze_GPIO_LED.elf
----------------End of Script----------------

17:35:39 INFO  : Context for processor 'microblaze_0' is selected.
17:35:39 INFO  : 'con' command is executed.
17:35:39 INFO  : ----------------XSDB Script (After Launch)----------------
targets -set -nocase -filter {name =~ "*microblaze*#0" && bscan=="USER2" }
con
----------------End of Script----------------

17:35:39 INFO  : Launch script is exported to file 'C:\HLS_Design\Microblaze_GPIO\workspace\Microblaze_GPIO_LED_system\_ide\scripts\systemdebugger_microblaze_gpio_led_system_standalone.tcl'
18:14:35 INFO  : Checking for BSP changes to sync application flags for project 'Microblaze_GPIO_LED'...
18:15:00 INFO  : Bit file 'C:/HLS_Design/Microblaze_GPIO/workspace/Microblaze_GPIO_LED/_ide/bitstream/download.bit' is generated.
18:15:00 INFO  : Connected to target on host '127.0.0.1' and port '3121'.
18:15:00 INFO  : 'targets -set -filter {jtag_cable_name =~ "Digilent Nexys4 210274505522A" && level==0 && jtag_device_ctx=="jsn-Nexys4-210274505522A-13631093-0"}' command is executed.
18:15:02 INFO  : Device configured successfully with "C:/HLS_Design/Microblaze_GPIO/workspace/Microblaze_GPIO_LED/_ide/bitstream/download.bit"
18:15:16 INFO  : Disconnected from the channel tcfchan#7.
18:15:16 INFO  : Connected to target on host '127.0.0.1' and port '3121'.
18:15:17 INFO  : Jtag cable 'Digilent Nexys4 210274505522A' is selected.
18:15:17 INFO  : 'jtag frequency' command is executed.
18:15:17 INFO  : 'targets -set -filter {jtag_cable_name =~ "Digilent Nexys4 210274505522A" && level==0 && jtag_device_ctx=="jsn-Nexys4-210274505522A-13631093-0"}' command is executed.
18:15:19 INFO  : Device configured successfully with "C:/HLS_Design/Microblaze_GPIO/workspace/Microblaze_GPIO_LED/_ide/bitstream/download.bit"
18:15:19 INFO  : Context for processor 'microblaze_0' is selected.
18:15:19 INFO  : Hardware design and registers information is loaded from 'C:/HLS_Design/Microblaze_GPIO/workspace/Microblaze_GPIO/export/Microblaze_GPIO/hw/Microblaze_GPIO_design_1_wrapper.xsa'.
18:15:19 INFO  : 'configparams mdm-detect-bscan-mask 2' command is executed.
18:15:19 INFO  : Context for processor 'microblaze_0' is selected.
18:15:19 INFO  : System reset is completed.
18:15:22 INFO  : 'after 3000' command is executed.
18:15:22 INFO  : Context for processor 'microblaze_0' is selected.
18:15:22 INFO  : The application 'C:/HLS_Design/Microblaze_GPIO/workspace/Microblaze_GPIO_LED/Debug/Microblaze_GPIO_LED.elf' is downloaded to processor 'microblaze_0'.
18:15:22 INFO  : ----------------XSDB Script----------------
connect -url tcp:127.0.0.1:3121
targets -set -filter {jtag_cable_name =~ "Digilent Nexys4 210274505522A" && level==0 && jtag_device_ctx=="jsn-Nexys4-210274505522A-13631093-0"}
fpga -file C:/HLS_Design/Microblaze_GPIO/workspace/Microblaze_GPIO_LED/_ide/bitstream/download.bit
targets -set -nocase -filter {name =~ "*microblaze*#0" && bscan=="USER2" }
loadhw -hw C:/HLS_Design/Microblaze_GPIO/workspace/Microblaze_GPIO/export/Microblaze_GPIO/hw/Microblaze_GPIO_design_1_wrapper.xsa -regs
configparams mdm-detect-bscan-mask 2
targets -set -nocase -filter {name =~ "*microblaze*#0" && bscan=="USER2" }
rst -system
after 3000
targets -set -nocase -filter {name =~ "*microblaze*#0" && bscan=="USER2" }
dow C:/HLS_Design/Microblaze_GPIO/workspace/Microblaze_GPIO_LED/Debug/Microblaze_GPIO_LED.elf
----------------End of Script----------------

18:15:22 INFO  : Context for processor 'microblaze_0' is selected.
18:15:22 INFO  : 'con' command is executed.
18:15:22 INFO  : ----------------XSDB Script (After Launch)----------------
targets -set -nocase -filter {name =~ "*microblaze*#0" && bscan=="USER2" }
con
----------------End of Script----------------

18:15:22 INFO  : Launch script is exported to file 'C:\HLS_Design\Microblaze_GPIO\workspace\Microblaze_GPIO_LED_system\_ide\scripts\systemdebugger_microblaze_gpio_led_system_standalone.tcl'
18:16:36 INFO  : Disconnected from the channel tcfchan#8.
