Copyright 1986-2022 Xilinx, Inc. All Rights Reserved.
---------------------------------------------------------------------------------------------
| Tool Version : Vivado v.2022.1 (win64) Build 3526262 Mon Apr 18 15:48:16 MDT 2022
| Date         : Fri Jul  1 18:33:02 2022
| Host         : DESKTOP-ABLTD3Q running 64-bit major release  (build 9200)
| Command      : report_control_sets -verbose -file design_1_wrapper_control_sets_placed.rpt
| Design       : design_1_wrapper
| Device       : xc7a100ti
---------------------------------------------------------------------------------------------

Control Set Information

Table of Contents
-----------------
1. Summary
2. Histogram
3. Flip-Flop Distribution
4. Detailed Control Set Information

1. Summary
----------

+----------------------------------------------------------+-------+
|                          Status                          | Count |
+----------------------------------------------------------+-------+
| Total control sets                                       |   107 |
|    Minimum number of control sets                        |   107 |
|    Addition due to synthesis replication                 |     0 |
|    Addition due to physical synthesis replication        |     0 |
| Unused register locations in slices containing registers |   368 |
+----------------------------------------------------------+-------+
* Control sets can be merged at opt_design using control_set_merge or merge_equivalent_drivers
** Run report_qor_suggestions for automated merging and remapping suggestions


2. Histogram
------------

+--------------------+-------+
|       Fanout       | Count |
+--------------------+-------+
| Total control sets |   107 |
| >= 0 to < 4        |    22 |
| >= 4 to < 6        |    18 |
| >= 6 to < 8        |    10 |
| >= 8 to < 10       |    17 |
| >= 10 to < 12      |     5 |
| >= 12 to < 14      |     2 |
| >= 14 to < 16      |     0 |
| >= 16              |    33 |
+--------------------+-------+
* Control sets can be remapped at either synth_design or opt_design


3. Flip-Flop Distribution
-------------------------

+--------------+-----------------------+------------------------+-----------------+--------------+
| Clock Enable | Synchronous Set/Reset | Asynchronous Set/Reset | Total Registers | Total Slices |
+--------------+-----------------------+------------------------+-----------------+--------------+
| No           | No                    | No                     |             371 |          128 |
| No           | No                    | Yes                    |              30 |            8 |
| No           | Yes                   | No                     |             400 |          161 |
| Yes          | No                    | No                     |             239 |           85 |
| Yes          | No                    | Yes                    |              15 |            8 |
| Yes          | Yes                   | No                     |             641 |          219 |
+--------------+-----------------------+------------------------+-----------------+--------------+


4. Detailed Control Set Information
-----------------------------------

+------------------------------------------------------------+-----------------------------------------------------------------------------------------------------------------------------------------------------------------------------------------------------------+-----------------------------------------------------------------------------------------------------------------------------------------------------------------------------+------------------+----------------+--------------+
|                        Clock Signal                        |                                                                                               Enable Signal                                                                                               |                                                                               Set/Reset Signal                                                                              | Slice Load Count | Bel Load Count | Bels / Slice |
+------------------------------------------------------------+-----------------------------------------------------------------------------------------------------------------------------------------------------------------------------------------------------------+-----------------------------------------------------------------------------------------------------------------------------------------------------------------------------+------------------+----------------+--------------+
| ~design_1_i/mdm_1/U0/Use_E2.BSCAN_I/Dbg_Update_0_BUFG      |                                                                                                                                                                                                           | design_1_i/mdm_1/U0/MDM_Core_I1/JTAG_CONTROL_I/sel_n                                                                                                                        |                1 |              1 |         1.00 |
|  design_1_i/mdm_1/U0/Use_E2.BSCAN_I/Dbg_Update_0_BUFG      | design_1_i/microblaze_0/U0/MicroBlaze_Core_I/Area.Core/Implement_Debug_Logic.Master_Core.Debug_Area/Control_Reg_En                                                                                        | design_1_i/microblaze_0/U0/MicroBlaze_Core_I/Area.Core/Implement_Debug_Logic.Master_Core.Debug_Area/Serial_Dbg_Intf.normal_stop_cmd_rst_i_i_1_n_0                           |                1 |              1 |         1.00 |
|  design_1_i/mdm_1/U0/Use_E2.BSCAN_I/Dbg_Update_0_BUFG      | design_1_i/microblaze_0/U0/MicroBlaze_Core_I/Area.Core/Implement_Debug_Logic.Master_Core.Debug_Area/Control_Reg_En                                                                                        | design_1_i/microblaze_0/U0/MicroBlaze_Core_I/Area.Core/Implement_Debug_Logic.Master_Core.Debug_Area/Serial_Dbg_Intf.continue_from_brk_reg_n_0                               |                1 |              1 |         1.00 |
|  design_1_i/clk_wiz_1/inst/clk_out1                        |                                                                                                                                                                                                           | design_1_i/microblaze_0/U0/MicroBlaze_Core_I/Area.Core/Decode_I/MSR_Rst                                                                                                     |                1 |              1 |         1.00 |
|  design_1_i/mdm_1/U0/Use_E2.BSCAN_I/Dbg_Update_0_BUFG      | design_1_i/microblaze_0/U0/MicroBlaze_Core_I/Area.Core/Implement_Debug_Logic.Master_Core.Debug_Area/Control_Reg_En                                                                                        | design_1_i/microblaze_0/U0/MicroBlaze_Core_I/Area.Core/Implement_Debug_Logic.Master_Core.Debug_Area/Functional_Reset                                                        |                1 |              1 |         1.00 |
|  design_1_i/mdm_1/U0/Use_E2.BSCAN_I/Dbg_Update_0_BUFG      | design_1_i/microblaze_0/U0/MicroBlaze_Core_I/Area.Core/Implement_Debug_Logic.Master_Core.Debug_Area/Control_Reg_En                                                                                        | design_1_i/microblaze_0/U0/MicroBlaze_Core_I/Area.Core/Implement_Debug_Logic.Master_Core.Debug_Area/start_single_step_reg_n_0                                               |                1 |              1 |         1.00 |
|  design_1_i/mdm_1/U0/No_Dbg_Reg_Access.BUFG_DRCK/Dbg_Clk_0 | design_1_i/mdm_1/U0/Use_E2.BSCAN_I/Use_E2.BSCANE2_I_0                                                                                                                                                     | design_1_i/mdm_1/U0/MDM_Core_I1/JTAG_CONTROL_I/Functional_Reset                                                                                                             |                1 |              1 |         1.00 |
|  design_1_i/clk_wiz_1/inst/clk_out1                        |                                                                                                                                                                                                           | design_1_i/axi_timer_0/U0/AXI4_LITE_I/I_SLAVE_ATTACHMENT/I_DECODER/GEN_BKEND_CE_REGISTERS[4].ce_out_i_reg[4]_0                                                              |                1 |              1 |         1.00 |
|  design_1_i/mdm_1/U0/Use_E2.BSCAN_I/Dbg_Update_0_BUFG      |                                                                                                                                                                                                           | design_1_i/mdm_1/U0/MDM_Core_I1/JTAG_CONTROL_I/Use_BSCAN.FDC_I/command_11                                                                                                   |                1 |              1 |         1.00 |
|  design_1_i/clk_wiz_1/inst/clk_out1                        |                                                                                                                                                                                                           | design_1_i/microblaze_0/U0/MicroBlaze_Core_I/Area.Core/Implement_Debug_Logic.Master_Core.Debug_Area/Serial_Dbg_Intf.capture_1                                               |                1 |              1 |         1.00 |
|  design_1_i/clk_wiz_1/inst/clk_out1                        |                                                                                                                                                                                                           | design_1_i/axi_timer_0/U0/AXI4_LITE_I/I_SLAVE_ATTACHMENT/I_DECODER/GEN_BKEND_CE_REGISTERS[0].ce_out_i_reg[0]_0                                                              |                1 |              1 |         1.00 |
|  design_1_i/clk_wiz_1/inst/clk_out1                        |                                                                                                                                                                                                           | design_1_i/microblaze_0/U0/MicroBlaze_Core_I/Area.Core/Decode_I/Using_FPGA.Using_Breakable_Pipe.Take_Intr_MUXCY_3/Using_FPGA.Native_0                                       |                1 |              1 |         1.00 |
|  design_1_i/clk_wiz_1/inst/clk_out1                        |                                                                                                                                                                                                           | design_1_i/microblaze_0/U0/MicroBlaze_Core_I/Area.Core/Decode_I/Using_FPGA.New_Carry_MUXCY/Using_FPGA.Native_0                                                              |                1 |              1 |         1.00 |
|  design_1_i/clk_wiz_1/inst/clk_out1                        |                                                                                                                                                                                                           | design_1_i/microblaze_0/U0/MicroBlaze_Core_I/Area.Core/Decode_I/exception_kind[0]                                                                                           |                1 |              1 |         1.00 |
| ~design_1_i/mdm_1/U0/No_Dbg_Reg_Access.BUFG_DRCK/Dbg_Clk_0 | design_1_i/mdm_1/U0/MDM_Core_I1/JTAG_CONTROL_I/Use_BSCAN.FDC_I/CE                                                                                                                                         | design_1_i/mdm_1/U0/MDM_Core_I1/JTAG_CONTROL_I/Use_BSCAN.FDC_I/D                                                                                                            |                1 |              1 |         1.00 |
|  design_1_i/clk_wiz_1/inst/clk_out1                        | design_1_i/microblaze_0/U0/MicroBlaze_Core_I/Area.Core/Implement_Debug_Logic.Master_Core.Debug_Area/Area_Debug_Control.Stop_CPU_FDRSE/Area_Debug_Control.normal_stop_cmd_hold_reg                         | design_1_i/microblaze_0/U0/MicroBlaze_Core_I/Area.Core/Implement_Debug_Logic.Master_Core.Debug_Area/Area_Debug_Control.Stop_CPU_FDRSE/Using_FPGA.Native_i_1__84_n_0         |                1 |              1 |         1.00 |
|  design_1_i/clk_wiz_1/inst/clk_out1                        |                                                                                                                                                                                                           | design_1_i/axi_timer_0/U0/TC_CORE_I/TIMER_CONTROL_I/READ_DONE0_I_i_1_n_0                                                                                                    |                1 |              1 |         1.00 |
|  design_1_i/clk_wiz_1/inst/clk_out1                        | design_1_i/microblaze_0/U0/MicroBlaze_Core_I/Area.Core/Decode_I/Using_FPGA.of_PipeRun_MuxCY_1/Using_FPGA.Native_0                                                                                         | design_1_i/microblaze_0/U0/MicroBlaze_Core_I/Area.Core/Decode_I/Using_FPGA.of_PipeRun_MuxCY_1/Using_FPGA.take_Intr_2nd_Phase_reg                                            |                1 |              1 |         1.00 |
|  design_1_i/clk_wiz_1/inst/clk_out1                        |                                                                                                                                                                                                           | design_1_i/axi_timer_0/U0/TC_CORE_I/TIMER_CONTROL_I/R                                                                                                                       |                1 |              1 |         1.00 |
|  design_1_i/clk_wiz_1/inst/clk_out1                        | design_1_i/microblaze_0/U0/MicroBlaze_Core_I/Area.Core/Implement_Debug_Logic.Master_Core.Debug_Area/Area_Debug_Control.Stop_CPU_FDRSE/Area_Debug_Control.normal_stop_cmd_hold_reg                         | design_1_i/microblaze_0/U0/MicroBlaze_Core_I/Area.Core/Implement_Debug_Logic.Master_Core.Debug_Area/Area_Debug_Control.Dbg_Inhibit_EX_FDRSE/Using_FPGA.Native_i_1__83_n_0   |                1 |              1 |         1.00 |
|  design_1_i/clk_wiz_1/inst/clk_out1                        | design_1_i/microblaze_0/U0/MicroBlaze_Core_I/Area.Core/Implement_Debug_Logic.Master_Core.Debug_Area/Area_Debug_Control.Stop_CPU_FDRSE/Area_Debug_Control.normal_stop_cmd_hold_reg                         | design_1_i/microblaze_0/U0/MicroBlaze_Core_I/Area.Core/Implement_Debug_Logic.Master_Core.Debug_Area/Area_Debug_Control.Stop_Instr_Fetch_FDRSE/Using_FPGA.Native_i_1__85_n_0 |                1 |              1 |         1.00 |
|  design_1_i/mdm_1/U0/Use_E2.BSCAN_I/Dbg_Update_0_BUFG      | design_1_i/microblaze_0/U0/MicroBlaze_Core_I/Area.Core/Implement_Debug_Logic.Master_Core.Debug_Area/Command_Reg_En                                                                                        | design_1_i/microblaze_0/U0/MicroBlaze_Core_I/Area.Core/Implement_Debug_Logic.Master_Core.Debug_Area/command_reg_clear                                                       |                1 |              2 |         2.00 |
|  design_1_i/clk_wiz_1/inst/clk_out1                        | design_1_i/axi_timer_0/U0/AXI4_LITE_I/I_SLAVE_ATTACHMENT/I_DECODER/pair0_Select                                                                                                                           | design_1_i/axi_timer_0/U0/TC_CORE_I/COUNTER_0_I/COUNTER_I/s_axi_aresetn_0                                                                                                   |                1 |              4 |         4.00 |
|  design_1_i/mdm_1/U0/No_Dbg_Reg_Access.BUFG_DRCK/Dbg_Clk_0 | design_1_i/mdm_1/U0/MDM_Core_I1/Use_BSCAN.TDI_Shifter0                                                                                                                                                    | design_1_i/mdm_1/U0/Use_E2.BSCAN_I/AR[0]                                                                                                                                    |                1 |              4 |         4.00 |
|  design_1_i/clk_wiz_1/inst/clk_out1                        | design_1_i/axi_gpio_0/U0/AXI_LITE_IPIF_I/I_SLAVE_ATTACHMENT/s_axi_rresp_i                                                                                                                                 | design_1_i/axi_gpio_0/U0/AXI_LITE_IPIF_I/I_SLAVE_ATTACHMENT/SS[0]                                                                                                           |                1 |              4 |         4.00 |
|  design_1_i/clk_wiz_1/inst/clk_out1                        | design_1_i/mdm_1/U0/MDM_Core_I1/JTAG_CONTROL_I/Use_UART.TX_FIFO_I/data_Exists_I_reg_0                                                                                                                     | design_1_i/mdm_1/U0/MDM_Core_I1/Use_Uart.reset_TX_FIFO_i_reg_n_0                                                                                                            |                1 |              4 |         4.00 |
|  design_1_i/clk_wiz_1/inst/clk_out1                        | design_1_i/axi_uartlite_0/U0/UARTLITE_CORE_I/BAUD_RATE_I/en_16x_Baud                                                                                                                                      |                                                                                                                                                                             |                1 |              4 |         4.00 |
|  design_1_i/mdm_1/U0/Use_E2.BSCAN_I/Dbg_Update_0_BUFG      |                                                                                                                                                                                                           |                                                                                                                                                                             |                3 |              4 |         1.33 |
|  design_1_i/mdm_1/U0/Use_E2.BSCAN_I/Dbg_Update_0_BUFG      | design_1_i/mdm_1/U0/MDM_Core_I1/Use_BSCAN.MDM_SEL                                                                                                                                                         | design_1_i/mdm_1/U0/Use_E2.BSCAN_I/AR[0]                                                                                                                                    |                1 |              4 |         4.00 |
|  design_1_i/clk_wiz_1/inst/clk_out1                        | design_1_i/mdm_1/U0/Use_AXI_IPIF.AXI_LITE_IPIF_I/I_SLAVE_ATTACHMENT/start2                                                                                                                                | design_1_i/mdm_1/U0/Use_AXI_IPIF.AXI_LITE_IPIF_I/I_SLAVE_ATTACHMENT/I_DECODER/cs_ce_clr                                                                                     |                1 |              4 |         4.00 |
|  design_1_i/clk_wiz_1/inst/clk_out1                        |                                                                                                                                                                                                           | design_1_i/microblaze_0/U0/MicroBlaze_Core_I/Area.Core/Implement_Debug_Logic.Master_Core.Debug_Area/Area_Debug_Control.Stop_CPU_FDRSE/S                                     |                2 |              4 |         2.00 |
|  design_1_i/clk_wiz_1/inst/clk_out1                        |                                                                                                                                                                                                           | design_1_i/microblaze_0_axi_intc/U0/AXI_LITE_IPIF_I/I_SLAVE_ATTACHMENT/clear                                                                                                |                1 |              4 |         4.00 |
|  design_1_i/clk_wiz_1/inst/clk_out1                        | design_1_i/mdm_1/U0/MDM_Core_I1/JTAG_CONTROL_I/Use_UART.RX_FIFO_I/data_Exists_I_reg_0                                                                                                                     | design_1_i/mdm_1/U0/MDM_Core_I1/Use_Uart.reset_RX_FIFO_i_reg_n_0                                                                                                            |                1 |              4 |         4.00 |
|  design_1_i/clk_wiz_1/inst/clk_out1                        | design_1_i/axi_uartlite_0/U0/AXI_LITE_IPIF_I/I_SLAVE_ATTACHMENT/start2                                                                                                                                    | design_1_i/axi_uartlite_0/U0/AXI_LITE_IPIF_I/I_SLAVE_ATTACHMENT/I_DECODER/cs_ce_clr                                                                                         |                1 |              4 |         4.00 |
|  design_1_i/clk_wiz_1/inst/clk_out1                        |                                                                                                                                                                                                           | design_1_i/axi_gpio_0/U0/AXI_LITE_IPIF_I/I_SLAVE_ATTACHMENT/clear                                                                                                           |                1 |              4 |         4.00 |
|  design_1_i/clk_wiz_1/inst/clk_out1                        | design_1_i/axi_timer_0/U0/AXI4_LITE_I/I_SLAVE_ATTACHMENT/bus2ip_addr_i[4]_i_1_n_0                                                                                                                         | design_1_i/axi_timer_0/U0/AXI4_LITE_I/I_SLAVE_ATTACHMENT/rst                                                                                                                |                1 |              4 |         4.00 |
|  design_1_i/clk_wiz_1/inst/clk_out1                        | design_1_i/microblaze_0/U0/MicroBlaze_Core_I/Area.Core/Decode_I/Using_FPGA.of_PipeRun_MuxCY_1/E[0]                                                                                                        |                                                                                                                                                                             |                1 |              4 |         4.00 |
| ~design_1_i/mdm_1/U0/Use_E2.BSCAN_I/Dbg_Update_0_BUFG      |                                                                                                                                                                                                           | design_1_i/mdm_1/U0/Use_E2.BSCAN_I/AR[0]                                                                                                                                    |                1 |              4 |         4.00 |
|  design_1_i/clk_wiz_1/inst/clk_out1                        |                                                                                                                                                                                                           | design_1_i/rst_clk_wiz_1_100M/U0/EXT_LPF/lpf_int                                                                                                                            |                4 |              5 |         1.25 |
|  design_1_i/mdm_1/U0/Use_E2.BSCAN_I/Dbg_Update_0_BUFG      | design_1_i/microblaze_0/U0/MicroBlaze_Core_I/Area.Core/Implement_Debug_Logic.Master_Core.Debug_Area/Control_Reg_En                                                                                        |                                                                                                                                                                             |                4 |              5 |         1.25 |
|  design_1_i/clk_wiz_1/inst/clk_out1                        |                                                                                                                                                                                                           | design_1_i/axi_uartlite_0/U0/UARTLITE_CORE_I/UARTLITE_RX_I/SRL_FIFO_I/I_SRL_FIFO_RBU_F/CNTR_INCR_DECR_ADDN_F_I/SS[0]                                                        |                3 |              6 |         2.00 |
|  design_1_i/clk_wiz_1/inst/clk_out1                        |                                                                                                                                                                                                           | design_1_i/axi_uartlite_0/U0/UARTLITE_CORE_I/UARTLITE_TX_I/SRL_FIFO_I/I_SRL_FIFO_RBU_F/CNTR_INCR_DECR_ADDN_F_I/SS[0]                                                        |                4 |              6 |         1.50 |
|  design_1_i/mdm_1/U0/No_Dbg_Reg_Access.BUFG_DRCK/Dbg_Clk_0 | design_1_i/mdm_1/U0/Use_E2.BSCAN_I/Use_E2.BSCANE2_I_2                                                                                                                                                     |                                                                                                                                                                             |                1 |              6 |         6.00 |
|  design_1_i/mdm_1/U0/No_Dbg_Reg_Access.BUFG_DRCK/Dbg_Clk_0 | design_1_i/mdm_1/U0/Use_E2.BSCAN_I/sel                                                                                                                                                                    |                                                                                                                                                                             |                2 |              6 |         3.00 |
|  design_1_i/mdm_1/U0/No_Dbg_Reg_Access.BUFG_DRCK/Dbg_Clk_0 | design_1_i/mdm_1/U0/MDM_Core_I1/JTAG_CONTROL_I/Use_BSCAN.FDC_I/sample_1                                                                                                                                   |                                                                                                                                                                             |                1 |              6 |         6.00 |
|  design_1_i/clk_wiz_1/inst/clk_out1                        |                                                                                                                                                                                                           | design_1_i/axi_timer_0/U0/AXI4_LITE_I/I_SLAVE_ATTACHMENT/INCLUDE_DPHASE_TIMER.dpto_cnt[5]_i_1_n_0                                                                           |                2 |              6 |         3.00 |
|  design_1_i/clk_wiz_1/inst/clk_out1                        | design_1_i/rst_clk_wiz_1_100M/U0/SEQ/seq_cnt_en                                                                                                                                                           | design_1_i/rst_clk_wiz_1_100M/U0/SEQ/SEQ_COUNTER/clear                                                                                                                      |                1 |              6 |         6.00 |
|  design_1_i/clk_wiz_1/inst/clk_out1                        | design_1_i/axi_timer_0/U0/AXI4_LITE_I/I_SLAVE_ATTACHMENT/start2                                                                                                                                           | design_1_i/axi_timer_0/U0/AXI4_LITE_I/I_SLAVE_ATTACHMENT/I_DECODER/cs_ce_clr                                                                                                |                4 |              7 |         1.75 |
|  design_1_i/clk_wiz_1/inst/clk_out1                        | design_1_i/axi_uartlite_0/U0/UARTLITE_CORE_I/BAUD_RATE_I/en_16x_Baud                                                                                                                                      | design_1_i/axi_uartlite_0/U0/UARTLITE_CORE_I/UARTLITE_RX_I/SERIAL_TO_PARALLEL[8].fifo_din[8]_i_1_n_0                                                                        |                2 |              7 |         3.50 |
|  design_1_i/clk_wiz_1/inst/clk_out1                        | design_1_i/microblaze_0/U0/MicroBlaze_Core_I/Area.Core/Decode_I/Using_FPGA.of_PipeRun_MuxCY_1/Using_FPGA.Native_0                                                                                         | design_1_i/microblaze_0/U0/MicroBlaze_Core_I/Area.Core/Decode_I/Using_FPGA.MUXCY_JUMP_CARRY3/R                                                                              |                3 |              7 |         2.33 |
|  design_1_i/clk_wiz_1/inst/clk_out1                        | design_1_i/mdm_1/U0/MDM_Core_I1/JTAG_CONTROL_I/Use_UART.RX_FIFO_I/Addr_Counters[2].FDRE_I/CI                                                                                                              |                                                                                                                                                                             |                3 |              8 |         2.67 |
|  design_1_i/mdm_1/U0/Use_E2.BSCAN_I/Dbg_Update_0_BUFG      | design_1_i/mdm_1/U0/MDM_Core_I1/JTAG_CONTROL_I/Use_BSCAN.FDC_I/command_10                                                                                                                                 |                                                                                                                                                                             |                1 |              8 |         8.00 |
|  design_1_i/mdm_1/U0/No_Dbg_Reg_Access.BUFG_DRCK/Dbg_Clk_0 | design_1_i/mdm_1/U0/MDM_Core_I1/JTAG_CONTROL_I/tdi_shifter0                                                                                                                                               |                                                                                                                                                                             |                1 |              8 |         8.00 |
|  design_1_i/mdm_1/U0/No_Dbg_Reg_Access.BUFG_DRCK/Dbg_Clk_0 | design_1_i/microblaze_0/U0/MicroBlaze_Core_I/Area.Core/Implement_Debug_Logic.Master_Core.Debug_Area/Using_PC_Breakpoints.All_PC_Brks[0].Serial_Interface_1.address_hit_I/Compare[0].SRLC16E_I/which_pc__0 |                                                                                                                                                                             |                7 |              8 |         1.14 |
|  design_1_i/clk_wiz_1/inst/clk_out1                        | design_1_i/mdm_1/U0/MDM_Core_I1/JTAG_CONTROL_I/Use_UART.TX_FIFO_I/Addr_Counters[2].FDRE_I/CI                                                                                                              |                                                                                                                                                                             |                2 |              8 |         4.00 |
|  design_1_i/clk_wiz_1/inst/clk_out1                        | design_1_i/axi_uartlite_0/U0/AXI_LITE_IPIF_I/I_SLAVE_ATTACHMENT/I_DECODER/fifo_wr                                                                                                                         |                                                                                                                                                                             |                1 |              8 |         8.00 |
|  design_1_i/clk_wiz_1/inst/clk_out1                        | design_1_i/axi_uartlite_0/U0/AXI_LITE_IPIF_I/I_SLAVE_ATTACHMENT/s_axi_rresp_i                                                                                                                             | design_1_i/axi_uartlite_0/U0/AXI_LITE_IPIF_I/I_SLAVE_ATTACHMENT/rst                                                                                                         |                4 |              8 |         2.00 |
|  design_1_i/clk_wiz_1/inst/clk_out1                        | design_1_i/axi_gpio_0/U0/AXI_LITE_IPIF_I/I_SLAVE_ATTACHMENT/bus2ip_addr_i[8]_i_1_n_0                                                                                                                      | design_1_i/axi_gpio_0/U0/AXI_LITE_IPIF_I/I_SLAVE_ATTACHMENT/SS[0]                                                                                                           |                2 |              8 |         4.00 |
|  design_1_i/clk_wiz_1/inst/clk_out1                        | design_1_i/mdm_1/U0/Use_AXI_IPIF.AXI_LITE_IPIF_I/I_SLAVE_ATTACHMENT/s_axi_rresp_i                                                                                                                         | design_1_i/mdm_1/U0/Use_AXI_IPIF.AXI_LITE_IPIF_I/I_SLAVE_ATTACHMENT/rst                                                                                                     |                3 |              8 |         2.67 |
|  design_1_i/clk_wiz_1/inst/clk_out1                        | design_1_i/axi_uartlite_0/U0/UARTLITE_CORE_I/UARTLITE_RX_I/SRL_FIFO_I/I_SRL_FIFO_RBU_F/DYNSHREG_F_I/fifo_wr                                                                                               |                                                                                                                                                                             |                1 |              8 |         8.00 |
| ~design_1_i/mdm_1/U0/Use_E2.BSCAN_I/Dbg_Update_0_BUFG      | design_1_i/mdm_1/U0/MDM_Core_I1/JTAG_CONTROL_I/Use_BSCAN.command[0]_i_1_n_0                                                                                                                               |                                                                                                                                                                             |                2 |              8 |         4.00 |
|  design_1_i/mdm_1/U0/No_Dbg_Reg_Access.BUFG_DRCK/Dbg_Clk_0 | design_1_i/mdm_1/U0/MDM_Core_I1/JTAG_CONTROL_I/Use_BSCAN.SYNC_FDRE/Using_FPGA.Native_0                                                                                                                    |                                                                                                                                                                             |                1 |              8 |         8.00 |
|  design_1_i/mdm_1/U0/No_Dbg_Reg_Access.BUFG_DRCK/Dbg_Clk_0 | design_1_i/mdm_1/U0/Use_E2.BSCAN_I/Use_E2.BSCANE2_I_3                                                                                                                                                     |                                                                                                                                                                             |                3 |              8 |         2.67 |
|  design_1_i/clk_wiz_1/inst/clk_out1                        | design_1_i/axi_timer_0/U0/AXI4_LITE_I/I_SLAVE_ATTACHMENT/I_DECODER/bus2ip_wrce[0]                                                                                                                         | design_1_i/axi_timer_0/U0/TC_CORE_I/COUNTER_0_I/COUNTER_I/s_axi_aresetn_0                                                                                                   |                2 |              8 |         4.00 |
|  design_1_i/clk_wiz_1/inst/clk_out1                        | design_1_i/microblaze_0_axi_intc/U0/AXI_LITE_IPIF_I/I_SLAVE_ATTACHMENT/bus2ip_addr_i[8]_i_1_n_0                                                                                                           | design_1_i/microblaze_0_axi_intc/U0/AXI_LITE_IPIF_I/I_SLAVE_ATTACHMENT/rst                                                                                                  |                1 |              8 |         8.00 |
|  design_1_i/clk_wiz_1/inst/clk_out1                        | design_1_i/axi_timer_0/U0/AXI4_LITE_I/I_SLAVE_ATTACHMENT/I_DECODER/bus2ip_wrce[1]                                                                                                                         | design_1_i/axi_timer_0/U0/TC_CORE_I/COUNTER_0_I/COUNTER_I/s_axi_aresetn_0                                                                                                   |                2 |              9 |         4.50 |
|  design_1_i/clk_wiz_1/inst/clk_out1                        | design_1_i/microblaze_0/U0/MicroBlaze_Core_I/Area.Core/Decode_I/Using_FPGA.of_PipeRun_MuxCY_1/Using_FPGA.Native_0                                                                                         | design_1_i/microblaze_0/U0/MicroBlaze_Core_I/Area.Core/Decode_I/Using_FPGA.of_PipeRun_MuxCY_1/SR[0]                                                                         |                2 |              9 |         4.50 |
|  design_1_i/clk_wiz_1/inst/clk_out1                        |                                                                                                                                                                                                           | design_1_i/mdm_1/U0/Use_AXI_IPIF.AXI_LITE_IPIF_I/I_SLAVE_ATTACHMENT/rst                                                                                                     |                5 |             10 |         2.00 |
|  design_1_i/clk_wiz_1/inst/clk_out1                        |                                                                                                                                                                                                           | design_1_i/axi_uartlite_0/U0/AXI_LITE_IPIF_I/I_SLAVE_ATTACHMENT/rst                                                                                                         |                4 |             10 |         2.50 |
|  design_1_i/mdm_1/U0/No_Dbg_Reg_Access.BUFG_DRCK/Dbg_Clk_0 | design_1_i/mdm_1/U0/MDM_Core_I1/JTAG_CONTROL_I/Use_BSCAN.FDC_I/Use_Serial_Unified_Completion.completion_block_reg                                                                                         |                                                                                                                                                                             |                4 |             10 |         2.50 |
|  design_1_i/clk_wiz_1/inst/clk_out1                        |                                                                                                                                                                                                           | design_1_i/axi_timer_0/U0/AXI4_LITE_I/I_SLAVE_ATTACHMENT/rst                                                                                                                |                3 |             11 |         3.67 |
|  design_1_i/clk_wiz_1/inst/clk_out1                        |                                                                                                                                                                                                           | design_1_i/microblaze_0_axi_intc/U0/AXI_LITE_IPIF_I/I_SLAVE_ATTACHMENT/rst                                                                                                  |                5 |             11 |         2.20 |
|  design_1_i/clk_wiz_1/inst/clk_out1                        |                                                                                                                                                                                                           | design_1_i/axi_timer_0/U0/TC_CORE_I/COUNTER_0_I/COUNTER_I/s_axi_aresetn_0                                                                                                   |                3 |             12 |         4.00 |
|  design_1_i/clk_wiz_1/inst/clk_out1                        |                                                                                                                                                                                                           | design_1_i/microblaze_0_axi_periph/xbar/inst/gen_sasd.crossbar_sasd_0/addr_arbiter_inst/SR[0]                                                                               |                5 |             13 |         2.60 |
|  design_1_i/clk_wiz_1/inst/clk_out1                        | design_1_i/microblaze_0/U0/MicroBlaze_Core_I/Area.Core/Decode_I/PreFetch_Buffer_I/of_valid_FDR_I/E[0]                                                                                                     | design_1_i/microblaze_0/U0/MicroBlaze_Core_I/sync_reset                                                                                                                     |                5 |             16 |         3.20 |
|  design_1_i/clk_wiz_1/inst/clk_out1                        | design_1_i/microblaze_0_axi_periph/xbar/inst/gen_sasd.crossbar_sasd_0/reg_slice_r/aa_rready                                                                                                               |                                                                                                                                                                             |                7 |             16 |         2.29 |
|  design_1_i/clk_wiz_1/inst/clk_out1                        |                                                                                                                                                                                                           | design_1_i/microblaze_0/U0/MicroBlaze_Core_I/Area.Core/Decode_I/ex_not_mul_op                                                                                               |                7 |             17 |         2.43 |
|  design_1_i/clk_wiz_1/inst/clk_out1                        | design_1_i/microblaze_0_axi_intc/U0/AXI_LITE_IPIF_I/I_SLAVE_ATTACHMENT/start2                                                                                                                             | design_1_i/microblaze_0_axi_intc/U0/AXI_LITE_IPIF_I/I_SLAVE_ATTACHMENT/I_DECODER/cs_ce_clr                                                                                  |                5 |             19 |         3.80 |
|  design_1_i/clk_wiz_1/inst/clk_out1                        | design_1_i/axi_gpio_0/U0/AXI_LITE_IPIF_I/I_SLAVE_ATTACHMENT/start2                                                                                                                                        | design_1_i/axi_gpio_0/U0/AXI_LITE_IPIF_I/I_SLAVE_ATTACHMENT/I_DECODER/cs_ce_clr                                                                                             |                4 |             21 |         5.25 |
|  design_1_i/mdm_1/U0/No_Dbg_Reg_Access.BUFG_DRCK/Dbg_Clk_0 |                                                                                                                                                                                                           | design_1_i/mdm_1/U0/Use_E2.BSCAN_I/Use_E2.BSCANE2_I_5                                                                                                                       |                4 |             23 |         5.75 |
|  design_1_i/clk_wiz_1/inst/clk_out1                        |                                                                                                                                                                                                           | design_1_i/microblaze_0_axi_intc/U0/INTC_CORE_I/SR[0]                                                                                                                       |                8 |             26 |         3.25 |
|  design_1_i/clk_wiz_1/inst/clk_out1                        | design_1_i/microblaze_0_axi_periph/xbar/inst/gen_sasd.crossbar_sasd_0/addr_arbiter_inst/p_0_in1_in                                                                                                        | design_1_i/microblaze_0_axi_periph/xbar/inst/gen_sasd.crossbar_sasd_0/addr_arbiter_inst/SR[0]                                                                               |                5 |             27 |         5.40 |
|  design_1_i/clk_wiz_1/inst/clk_out1                        | design_1_i/axi_uartlite_0/U0/UARTLITE_CORE_I/BAUD_RATE_I/en_16x_Baud                                                                                                                                      | design_1_i/axi_uartlite_0/U0/UARTLITE_CORE_I/UARTLITE_RX_I/s_axi_aresetn_0                                                                                                  |                8 |             28 |         3.50 |
|  design_1_i/clk_wiz_1/inst/clk_out1                        |                                                                                                                                                                                                           | design_1_i/axi_uartlite_0/U0/UARTLITE_CORE_I/UARTLITE_RX_I/s_axi_aresetn_0                                                                                                  |               13 |             30 |         2.31 |
|  design_1_i/clk_wiz_1/inst/clk_out1                        | design_1_i/microblaze_0/U0/MicroBlaze_Core_I/Area.Core/Decode_I/Using_FPGA.MUXCY_JUMP_CARRY3/PC_Write                                                                                                     | design_1_i/microblaze_0/U0/MicroBlaze_Core_I/sync_reset                                                                                                                     |               11 |             32 |         2.91 |
|  design_1_i/clk_wiz_1/inst/clk_out1                        | design_1_i/microblaze_0/U0/MicroBlaze_Core_I/Area.Core/Decode_I/Using_FPGA.of_PipeRun_MuxCY_1/Using_FPGA.Native_0                                                                                         |                                                                                                                                                                             |               21 |             32 |         1.52 |
|  design_1_i/clk_wiz_1/inst/clk_out1                        | design_1_i/axi_timer_0/U0/AXI4_LITE_I/I_SLAVE_ATTACHMENT/s_axi_rresp_i                                                                                                                                    | design_1_i/axi_timer_0/U0/AXI4_LITE_I/I_SLAVE_ATTACHMENT/rst                                                                                                                |               32 |             32 |         1.00 |
|  design_1_i/mdm_1/U0/No_Dbg_Reg_Access.BUFG_DRCK/Dbg_Clk_0 | design_1_i/microblaze_0/U0/MicroBlaze_Core_I/Area.Core/Implement_Debug_Logic.Master_Core.Debug_Area/Serial_Dbg_Intf.New_Dbg_Instr_TCK                                                                     |                                                                                                                                                                             |                8 |             32 |         4.00 |
|  design_1_i/clk_wiz_1/inst/clk_out1                        | design_1_i/microblaze_0/U0/MicroBlaze_Core_I/Area.Core/Implement_Debug_Logic.Master_Core.Debug_Area/Area_Debug_Control.Stop_Instr_Fetch_FDRSE/E[0]                                                        | design_1_i/microblaze_0/U0/MicroBlaze_Core_I/sync_reset                                                                                                                     |               11 |             32 |         2.91 |
|  design_1_i/clk_wiz_1/inst/clk_out1                        | design_1_i/axi_timer_0/U0/TC_CORE_I/TIMER_CONTROL_I/CE                                                                                                                                                    | design_1_i/axi_timer_0/U0/TC_CORE_I/COUNTER_0_I/COUNTER_I/s_axi_aresetn_0                                                                                                   |               12 |             32 |         2.67 |
|  design_1_i/clk_wiz_1/inst/clk_out1                        | design_1_i/microblaze_0_axi_intc/U0/AXI_LITE_IPIF_I/I_SLAVE_ATTACHMENT/s_axi_rresp_i                                                                                                                      | design_1_i/microblaze_0_axi_intc/U0/AXI_LITE_IPIF_I/I_SLAVE_ATTACHMENT/rst                                                                                                  |               12 |             32 |         2.67 |
|  design_1_i/clk_wiz_1/inst/clk_out1                        | design_1_i/microblaze_0_axi_periph/xbar/inst/gen_sasd.crossbar_sasd_0/addr_arbiter_inst/s_axi_rvalid[0]                                                                                                   | design_1_i/microblaze_0/U0/MicroBlaze_Core_I/sync_reset                                                                                                                     |               11 |             32 |         2.91 |
|  design_1_i/clk_wiz_1/inst/clk_out1                        | design_1_i/axi_timer_0/U0/TC_CORE_I/TIMER_CONTROL_I/GENERATE_LEVEL_P_S_CDC.SINGLE_BIT.CROSS_PLEVEL_IN2SCNDRY_s_level_out_d4                                                                               | design_1_i/axi_timer_0/U0/TC_CORE_I/COUNTER_0_I/COUNTER_I/s_axi_aresetn_0                                                                                                   |                7 |             32 |         4.57 |
|  design_1_i/clk_wiz_1/inst/clk_out1                        |                                                                                                                                                                                                           | design_1_i/microblaze_0/U0/MicroBlaze_Core_I/Area.Core/Implement_Debug_Logic.Master_Core.Debug_Area/Area_Debug_Control.Dbg_Inhibit_EX_FDRSE/SR[0]                           |               17 |             33 |         1.94 |
|  design_1_i/clk_wiz_1/inst/clk_out1                        | design_1_i/microblaze_0_axi_periph/xbar/inst/gen_sasd.crossbar_sasd_0/addr_arbiter_inst/E[0]                                                                                                              |                                                                                                                                                                             |               11 |             33 |         3.00 |
|  design_1_i/clk_wiz_1/inst/clk_out1                        | design_1_i/microblaze_0/U0/MicroBlaze_Core_I/Area.Core/Decode_I/Using_FPGA.of_PipeRun_MuxCY_1/Using_FPGA.Native_4                                                                                         | design_1_i/microblaze_0/U0/MicroBlaze_Core_I/sync_reset                                                                                                                     |               14 |             35 |         2.50 |
|  design_1_i/clk_wiz_1/inst/clk_out1                        |                                                                                                                                                                                                           | design_1_i/axi_gpio_0/U0/AXI_LITE_IPIF_I/I_SLAVE_ATTACHMENT/SS[0]                                                                                                           |               11 |             41 |         3.73 |
|  design_1_i/mdm_1/U0/No_Dbg_Reg_Access.BUFG_DRCK/Dbg_Clk_0 | design_1_i/mdm_1/U0/Use_E2.BSCAN_I/Use_E2.BSCANE2_I_0                                                                                                                                                     |                                                                                                                                                                             |               16 |             47 |         2.94 |
|  design_1_i/clk_wiz_1/inst/clk_out1                        | design_1_i/microblaze_0/U0/MicroBlaze_Core_I/Area.Core/Using_Ext_Databus.DAXI_Interface_I1/M_AXI_DP_AWADDR0                                                                                               | design_1_i/microblaze_0/U0/MicroBlaze_Core_I/sync_reset                                                                                                                     |               15 |             59 |         3.93 |
|  design_1_i/clk_wiz_1/inst/clk_out1                        |                                                                                                                                                                                                           | design_1_i/microblaze_0/U0/MicroBlaze_Core_I/Area.Core/Decode_I/in0                                                                                                         |               31 |             63 |         2.03 |
|  design_1_i/clk_wiz_1/inst/clk_out1                        | design_1_i/microblaze_0/U0/MicroBlaze_Core_I/Area.Core/Decode_I/Using_FPGA.clean_iReady_MuxCY/IReady                                                                                                      |                                                                                                                                                                             |               17 |             64 |         3.76 |
|  design_1_i/clk_wiz_1/inst/clk_out1                        | design_1_i/microblaze_0_axi_intc/U0/AXI_LITE_IPIF_I/I_SLAVE_ATTACHMENT/I_DECODER/GEN_BKEND_CE_REGISTERS[16].ce_out_i_reg[16]_0[0]                                                                         |                                                                                                                                                                             |                8 |             64 |         8.00 |
|  design_1_i/clk_wiz_1/inst/clk_out1                        |                                                                                                                                                                                                           | design_1_i/microblaze_0/U0/MicroBlaze_Core_I/sync_reset                                                                                                                     |               24 |             80 |         3.33 |
|  design_1_i/mdm_1/U0/No_Dbg_Reg_Access.BUFG_DRCK/Dbg_Clk_0 |                                                                                                                                                                                                           |                                                                                                                                                                             |               25 |             81 |         3.24 |
|  design_1_i/clk_wiz_1/inst/clk_out1                        | design_1_i/microblaze_0/U0/MicroBlaze_Core_I/Area.Core/Decode_I/Using_FPGA.of_PipeRun_MuxCY_1/Using_FPGA.Native_0                                                                                         | design_1_i/microblaze_0/U0/MicroBlaze_Core_I/sync_reset                                                                                                                     |               29 |             94 |         3.24 |
|  design_1_i/clk_wiz_1/inst/clk_out1                        | design_1_i/microblaze_0/U0/MicroBlaze_Core_I/Area.Core/Decode_I/Reg_Write                                                                                                                                 |                                                                                                                                                                             |               32 |            128 |         4.00 |
|  design_1_i/clk_wiz_1/inst/clk_out1                        |                                                                                                                                                                                                           |                                                                                                                                                                             |              105 |            304 |         2.90 |
+------------------------------------------------------------+-----------------------------------------------------------------------------------------------------------------------------------------------------------------------------------------------------------+-----------------------------------------------------------------------------------------------------------------------------------------------------------------------------+------------------+----------------+--------------+


