09:21:53 DEBUG : Logs will be stored at 'C:/HLS_Design/Microblaze_GPIO_Interrupt/workspace/IDE.log'.
09:22:08 INFO  : Launching XSCT server: xsct.bat -n  -interactive C:\HLS_Design\Microblaze_GPIO_Interrupt\workspace\temp_xsdb_launch_script.tcl
09:22:09 INFO  : Registering command handlers for Vitis TCF services
09:22:24 INFO  : XSCT server has started successfully.
09:22:25 INFO  : Platform repository initialization has completed.
09:22:38 INFO  : plnx-install-location is set to ''
09:22:38 INFO  : Successfully done setting XSCT server connection channel  
09:22:38 INFO  : Successfully done query RDI_DATADIR 
09:22:38 INFO  : Successfully done setting workspace for the tool. 
09:24:05 INFO  : Result from executing command 'getProjects': Microblaze_GPIO_Interrupt
09:24:05 INFO  : Result from executing command 'getPlatforms': xilinx_vck190_base_202210_1|C:/Xilinx/Vitis/2022.1/base_platforms/xilinx_vck190_base_202210_1/xilinx_vck190_base_202210_1.xpfm;xilinx_vck190_base_dfx_202210_1|C:/Xilinx/Vitis/2022.1/base_platforms/xilinx_vck190_base_dfx_202210_1/xilinx_vck190_base_dfx_202210_1.xpfm;xilinx_vmk180_base_202210_1|C:/Xilinx/Vitis/2022.1/base_platforms/xilinx_vmk180_base_202210_1/xilinx_vmk180_base_202210_1.xpfm;xilinx_zcu102_base_202210_1|C:/Xilinx/Vitis/2022.1/base_platforms/xilinx_zcu102_base_202210_1/xilinx_zcu102_base_202210_1.xpfm;xilinx_zcu102_base_dfx_202210_1|C:/Xilinx/Vitis/2022.1/base_platforms/xilinx_zcu102_base_dfx_202210_1/xilinx_zcu102_base_dfx_202210_1.xpfm;xilinx_zcu104_base_202210_1|C:/Xilinx/Vitis/2022.1/base_platforms/xilinx_zcu104_base_202210_1/xilinx_zcu104_base_202210_1.xpfm
09:24:29 INFO  : Result from executing command 'getProjects': Microblaze_GPIO_Interrupt
09:24:29 INFO  : Result from executing command 'getPlatforms': Microblaze_GPIO_Interrupt|C:/HLS_Design/Microblaze_GPIO_Interrupt/workspace/Microblaze_GPIO_Interrupt/export/Microblaze_GPIO_Interrupt/Microblaze_GPIO_Interrupt.xpfm;xilinx_vck190_base_202210_1|C:/Xilinx/Vitis/2022.1/base_platforms/xilinx_vck190_base_202210_1/xilinx_vck190_base_202210_1.xpfm;xilinx_vck190_base_dfx_202210_1|C:/Xilinx/Vitis/2022.1/base_platforms/xilinx_vck190_base_dfx_202210_1/xilinx_vck190_base_dfx_202210_1.xpfm;xilinx_vmk180_base_202210_1|C:/Xilinx/Vitis/2022.1/base_platforms/xilinx_vmk180_base_202210_1/xilinx_vmk180_base_202210_1.xpfm;xilinx_zcu102_base_202210_1|C:/Xilinx/Vitis/2022.1/base_platforms/xilinx_zcu102_base_202210_1/xilinx_zcu102_base_202210_1.xpfm;xilinx_zcu102_base_dfx_202210_1|C:/Xilinx/Vitis/2022.1/base_platforms/xilinx_zcu102_base_dfx_202210_1/xilinx_zcu102_base_dfx_202210_1.xpfm;xilinx_zcu104_base_202210_1|C:/Xilinx/Vitis/2022.1/base_platforms/xilinx_zcu104_base_202210_1/xilinx_zcu104_base_202210_1.xpfm
10:39:32 INFO  : Checking for BSP changes to sync application flags for project 'Microblaze_GPIO_Interrupt_example'...
10:40:43 INFO  : Checking for BSP changes to sync application flags for project 'Microblaze_GPIO_Interrupt_example'...
11:15:43 INFO  : Checking for BSP changes to sync application flags for project 'Microblaze_GPIO_Interrupt_example'...
11:18:08 INFO  : Checking for BSP changes to sync application flags for project 'Microblaze_GPIO_Interrupt_example'...
11:18:53 INFO  : Checking for BSP changes to sync application flags for project 'Microblaze_GPIO_Interrupt_example'...
11:21:30 INFO  : Checking for BSP changes to sync application flags for project 'Microblaze_GPIO_Interrupt_example'...
14:23:58 DEBUG : Logs will be stored at 'C:/HLS_Design/Microblaze_GPIO_Interrupt/workspace/IDE.log'.
14:24:03 INFO  : Launching XSCT server: xsct.bat -n  -interactive C:\HLS_Design\Microblaze_GPIO_Interrupt\workspace\temp_xsdb_launch_script.tcl
14:24:16 INFO  : XSCT server has started successfully.
14:24:16 INFO  : Successfully done setting XSCT server connection channel  
14:24:16 INFO  : plnx-install-location is set to ''
14:24:16 INFO  : Successfully done setting workspace for the tool. 
14:24:22 INFO  : Registering command handlers for Vitis TCF services
14:24:32 INFO  : Platform repository initialization has completed.
14:24:50 INFO  : Successfully done query RDI_DATADIR 
15:01:28 INFO  : Checking for BSP changes to sync application flags for project 'Microblaze_GPIO_Interrupt_example'...
15:11:39 INFO  : Checking for BSP changes to sync application flags for project 'Microblaze_GPIO_Interrupt_example'...
15:20:41 INFO  : Checking for BSP changes to sync application flags for project 'Microblaze_GPIO_Interrupt_example'...
15:23:40 INFO  : Checking for BSP changes to sync application flags for project 'Microblaze_GPIO_Interrupt_example'...
15:24:31 INFO  : Checking for BSP changes to sync application flags for project 'Microblaze_GPIO_Interrupt_example'...
15:25:34 INFO  : Checking for BSP changes to sync application flags for project 'Microblaze_GPIO_Interrupt_example'...
15:26:47 INFO  : Checking for BSP changes to sync application flags for project 'Microblaze_GPIO_Interrupt_example'...
15:27:30 INFO  : Bit file 'C:/HLS_Design/Microblaze_GPIO_Interrupt/workspace/Microblaze_GPIO_Interrupt_example/_ide/bitstream/download.bit' is generated.
15:27:39 INFO  : Connected to target on host '127.0.0.1' and port '3121'.
15:27:43 INFO  : 'targets -set -filter {jtag_cable_name =~ "Digilent Nexys4 210274505522A" && level==0 && jtag_device_ctx=="jsn-Nexys4-210274505522A-13631093-0"}' command is executed.
15:27:46 INFO  : Device configured successfully with "C:/HLS_Design/Microblaze_GPIO_Interrupt/workspace/Microblaze_GPIO_Interrupt_example/_ide/bitstream/download.bit"
15:28:23 INFO  : Connected to target on host '127.0.0.1' and port '3121'.
15:28:24 INFO  : Jtag cable 'Digilent Nexys4 210274505522A' is selected.
15:28:24 INFO  : 'jtag frequency' command is executed.
15:28:24 INFO  : 'targets -set -filter {jtag_cable_name =~ "Digilent Nexys4 210274505522A" && level==0 && jtag_device_ctx=="jsn-Nexys4-210274505522A-13631093-0"}' command is executed.
15:28:26 INFO  : Device configured successfully with "C:/HLS_Design/Microblaze_GPIO_Interrupt/workspace/Microblaze_GPIO_Interrupt_example/_ide/bitstream/download.bit"
15:28:26 INFO  : Context for processor 'microblaze_0' is selected.
15:28:26 INFO  : Hardware design and registers information is loaded from 'C:/HLS_Design/Microblaze_GPIO_Interrupt/workspace/Microblaze_GPIO_Interrupt/export/Microblaze_GPIO_Interrupt/hw/Microblaze_GPIO_Interrupt_design_1_wrapper.xsa'.
15:28:26 INFO  : 'configparams mdm-detect-bscan-mask 2' command is executed.
15:28:26 INFO  : Context for processor 'microblaze_0' is selected.
15:28:26 INFO  : System reset is completed.
15:28:29 INFO  : 'after 3000' command is executed.
15:28:29 INFO  : Context for processor 'microblaze_0' is selected.
15:28:30 ERROR : Memory write error at 0x0. Cannot read r11. MicroBlaze data register read error
15:28:30 INFO  : ----------------XSDB Script----------------
connect -url tcp:127.0.0.1:3121
targets -set -filter {jtag_cable_name =~ "Digilent Nexys4 210274505522A" && level==0 && jtag_device_ctx=="jsn-Nexys4-210274505522A-13631093-0"}
fpga -file C:/HLS_Design/Microblaze_GPIO_Interrupt/workspace/Microblaze_GPIO_Interrupt_example/_ide/bitstream/download.bit
targets -set -nocase -filter {name =~ "*microblaze*#0" && bscan=="USER2" }
loadhw -hw C:/HLS_Design/Microblaze_GPIO_Interrupt/workspace/Microblaze_GPIO_Interrupt/export/Microblaze_GPIO_Interrupt/hw/Microblaze_GPIO_Interrupt_design_1_wrapper.xsa -regs
configparams mdm-detect-bscan-mask 2
targets -set -nocase -filter {name =~ "*microblaze*#0" && bscan=="USER2" }
rst -system
after 3000
targets -set -nocase -filter {name =~ "*microblaze*#0" && bscan=="USER2" }
dow C:/HLS_Design/Microblaze_GPIO_Interrupt/workspace/Microblaze_GPIO_Interrupt_example/Debug/Microblaze_GPIO_Interrupt_example.elf
----------------End of Script----------------

15:28:30 ERROR : Memory write error at 0x0. Cannot read r11. MicroBlaze data register read error
15:28:45 INFO  : Connected to target on host '127.0.0.1' and port '3121'.
15:28:45 INFO  : Jtag cable 'Digilent Nexys4 210274505522A' is selected.
15:28:45 INFO  : 'jtag frequency' command is executed.
15:28:45 INFO  : 'targets -set -filter {jtag_cable_name =~ "Digilent Nexys4 210274505522A" && level==0 && jtag_device_ctx=="jsn-Nexys4-210274505522A-13631093-0"}' command is executed.
15:28:48 INFO  : Device configured successfully with "C:/HLS_Design/Microblaze_GPIO_Interrupt/workspace/Microblaze_GPIO_Interrupt_example/_ide/bitstream/download.bit"
15:28:48 INFO  : Context for processor 'microblaze_0' is selected.
15:28:48 INFO  : Hardware design and registers information is loaded from 'C:/HLS_Design/Microblaze_GPIO_Interrupt/workspace/Microblaze_GPIO_Interrupt/export/Microblaze_GPIO_Interrupt/hw/Microblaze_GPIO_Interrupt_design_1_wrapper.xsa'.
15:28:48 INFO  : 'configparams mdm-detect-bscan-mask 2' command is executed.
15:28:48 INFO  : Context for processor 'microblaze_0' is selected.
15:28:48 INFO  : System reset is completed.
15:28:51 INFO  : 'after 3000' command is executed.
15:28:51 INFO  : Context for processor 'microblaze_0' is selected.
15:28:51 INFO  : The application 'C:/HLS_Design/Microblaze_GPIO_Interrupt/workspace/Microblaze_GPIO_Interrupt_example/Debug/Microblaze_GPIO_Interrupt_example.elf' is downloaded to processor 'microblaze_0'.
15:28:51 INFO  : ----------------XSDB Script----------------
connect -url tcp:127.0.0.1:3121
targets -set -filter {jtag_cable_name =~ "Digilent Nexys4 210274505522A" && level==0 && jtag_device_ctx=="jsn-Nexys4-210274505522A-13631093-0"}
fpga -file C:/HLS_Design/Microblaze_GPIO_Interrupt/workspace/Microblaze_GPIO_Interrupt_example/_ide/bitstream/download.bit
targets -set -nocase -filter {name =~ "*microblaze*#0" && bscan=="USER2" }
loadhw -hw C:/HLS_Design/Microblaze_GPIO_Interrupt/workspace/Microblaze_GPIO_Interrupt/export/Microblaze_GPIO_Interrupt/hw/Microblaze_GPIO_Interrupt_design_1_wrapper.xsa -regs
configparams mdm-detect-bscan-mask 2
targets -set -nocase -filter {name =~ "*microblaze*#0" && bscan=="USER2" }
rst -system
after 3000
targets -set -nocase -filter {name =~ "*microblaze*#0" && bscan=="USER2" }
dow C:/HLS_Design/Microblaze_GPIO_Interrupt/workspace/Microblaze_GPIO_Interrupt_example/Debug/Microblaze_GPIO_Interrupt_example.elf
----------------End of Script----------------

15:28:52 INFO  : Context for processor 'microblaze_0' is selected.
15:28:52 INFO  : 'con' command is executed.
15:28:52 INFO  : ----------------XSDB Script (After Launch)----------------
targets -set -nocase -filter {name =~ "*microblaze*#0" && bscan=="USER2" }
con
----------------End of Script----------------

15:28:52 INFO  : Launch script is exported to file 'C:\HLS_Design\Microblaze_GPIO_Interrupt\workspace\Microblaze_GPIO_Interrupt_example_system\_ide\scripts\systemdebugger_microblaze_gpio_interrupt_example_system_standalone.tcl'
15:52:17 INFO  : Checking for BSP changes to sync application flags for project 'Microblaze_GPIO_Interrupt_example'...
15:52:24 INFO  : Checking for BSP changes to sync application flags for project 'Microblaze_GPIO_Interrupt_example'...
15:52:52 INFO  : Bit file 'C:/HLS_Design/Microblaze_GPIO_Interrupt/workspace/Microblaze_GPIO_Interrupt_example/_ide/bitstream/download.bit' is generated.
15:52:52 INFO  : Connected to target on host '127.0.0.1' and port '3121'.
15:52:52 INFO  : 'targets -set -filter {jtag_cable_name =~ "Digilent Nexys4 210274505522A" && level==0 && jtag_device_ctx=="jsn-Nexys4-210274505522A-13631093-0"}' command is executed.
15:52:54 INFO  : Device configured successfully with "C:/HLS_Design/Microblaze_GPIO_Interrupt/workspace/Microblaze_GPIO_Interrupt_example/_ide/bitstream/download.bit"
15:53:03 INFO  : Disconnected from the channel tcfchan#1.
15:53:03 INFO  : Connected to target on host '127.0.0.1' and port '3121'.
15:53:03 INFO  : Jtag cable 'Digilent Nexys4 210274505522A' is selected.
15:53:03 INFO  : 'jtag frequency' command is executed.
15:53:03 INFO  : 'targets -set -filter {jtag_cable_name =~ "Digilent Nexys4 210274505522A" && level==0 && jtag_device_ctx=="jsn-Nexys4-210274505522A-13631093-0"}' command is executed.
15:53:05 INFO  : Device configured successfully with "C:/HLS_Design/Microblaze_GPIO_Interrupt/workspace/Microblaze_GPIO_Interrupt_example/_ide/bitstream/download.bit"
15:53:05 INFO  : Context for processor 'microblaze_0' is selected.
15:53:06 INFO  : Hardware design and registers information is loaded from 'C:/HLS_Design/Microblaze_GPIO_Interrupt/workspace/Microblaze_GPIO_Interrupt/export/Microblaze_GPIO_Interrupt/hw/Microblaze_GPIO_Interrupt_design_1_wrapper.xsa'.
15:53:06 INFO  : 'configparams mdm-detect-bscan-mask 2' command is executed.
15:53:06 INFO  : Context for processor 'microblaze_0' is selected.
15:53:06 INFO  : System reset is completed.
15:53:09 INFO  : 'after 3000' command is executed.
15:53:09 INFO  : Context for processor 'microblaze_0' is selected.
15:53:09 INFO  : The application 'C:/HLS_Design/Microblaze_GPIO_Interrupt/workspace/Microblaze_GPIO_Interrupt_example/Debug/Microblaze_GPIO_Interrupt_example.elf' is downloaded to processor 'microblaze_0'.
15:53:09 INFO  : ----------------XSDB Script----------------
connect -url tcp:127.0.0.1:3121
targets -set -filter {jtag_cable_name =~ "Digilent Nexys4 210274505522A" && level==0 && jtag_device_ctx=="jsn-Nexys4-210274505522A-13631093-0"}
fpga -file C:/HLS_Design/Microblaze_GPIO_Interrupt/workspace/Microblaze_GPIO_Interrupt_example/_ide/bitstream/download.bit
targets -set -nocase -filter {name =~ "*microblaze*#0" && bscan=="USER2" }
loadhw -hw C:/HLS_Design/Microblaze_GPIO_Interrupt/workspace/Microblaze_GPIO_Interrupt/export/Microblaze_GPIO_Interrupt/hw/Microblaze_GPIO_Interrupt_design_1_wrapper.xsa -regs
configparams mdm-detect-bscan-mask 2
targets -set -nocase -filter {name =~ "*microblaze*#0" && bscan=="USER2" }
rst -system
after 3000
targets -set -nocase -filter {name =~ "*microblaze*#0" && bscan=="USER2" }
dow C:/HLS_Design/Microblaze_GPIO_Interrupt/workspace/Microblaze_GPIO_Interrupt_example/Debug/Microblaze_GPIO_Interrupt_example.elf
----------------End of Script----------------

15:53:09 INFO  : Context for processor 'microblaze_0' is selected.
15:53:09 INFO  : 'con' command is executed.
15:53:09 INFO  : ----------------XSDB Script (After Launch)----------------
targets -set -nocase -filter {name =~ "*microblaze*#0" && bscan=="USER2" }
con
----------------End of Script----------------

15:53:09 INFO  : Launch script is exported to file 'C:\HLS_Design\Microblaze_GPIO_Interrupt\workspace\Microblaze_GPIO_Interrupt_example_system\_ide\scripts\systemdebugger_microblaze_gpio_interrupt_example_system_standalone.tcl'
15:54:25 INFO  : Checking for BSP changes to sync application flags for project 'Microblaze_GPIO_Interrupt_example'...
15:54:31 INFO  : Checking for BSP changes to sync application flags for project 'Microblaze_GPIO_Interrupt_example'...
15:54:54 INFO  : Bit file 'C:/HLS_Design/Microblaze_GPIO_Interrupt/workspace/Microblaze_GPIO_Interrupt_example/_ide/bitstream/download.bit' is generated.
15:55:20 INFO  : Bit file 'C:/HLS_Design/Microblaze_GPIO_Interrupt/workspace/Microblaze_GPIO_Interrupt_example/_ide/bitstream/download.bit' is generated.
15:55:20 INFO  : Connected to target on host '127.0.0.1' and port '3121'.
15:55:20 INFO  : 'targets -set -filter {jtag_cable_name =~ "Digilent Nexys4 210274505522A" && level==0 && jtag_device_ctx=="jsn-Nexys4-210274505522A-13631093-0"}' command is executed.
15:55:22 INFO  : Device configured successfully with "C:/HLS_Design/Microblaze_GPIO_Interrupt/workspace/Microblaze_GPIO_Interrupt_example/_ide/bitstream/download.bit"
15:55:59 INFO  : Checking for BSP changes to sync application flags for project 'Microblaze_GPIO_Interrupt_example'...
15:56:25 INFO  : Bit file 'C:/HLS_Design/Microblaze_GPIO_Interrupt/workspace/Microblaze_GPIO_Interrupt_example/_ide/bitstream/download.bit' is generated.
15:56:25 INFO  : Connected to target on host '127.0.0.1' and port '3121'.
15:56:25 INFO  : 'targets -set -filter {jtag_cable_name =~ "Digilent Nexys4 210274505522A" && level==0 && jtag_device_ctx=="jsn-Nexys4-210274505522A-13631093-0"}' command is executed.
15:56:28 INFO  : Device configured successfully with "C:/HLS_Design/Microblaze_GPIO_Interrupt/workspace/Microblaze_GPIO_Interrupt_example/_ide/bitstream/download.bit"
15:56:36 INFO  : Disconnected from the channel tcfchan#2.
15:56:36 INFO  : Connected to target on host '127.0.0.1' and port '3121'.
15:56:36 INFO  : Jtag cable 'Digilent Nexys4 210274505522A' is selected.
15:56:36 INFO  : 'jtag frequency' command is executed.
15:56:36 INFO  : 'targets -set -filter {jtag_cable_name =~ "Digilent Nexys4 210274505522A" && level==0 && jtag_device_ctx=="jsn-Nexys4-210274505522A-13631093-0"}' command is executed.
15:56:39 INFO  : Device configured successfully with "C:/HLS_Design/Microblaze_GPIO_Interrupt/workspace/Microblaze_GPIO_Interrupt_example/_ide/bitstream/download.bit"
15:56:39 INFO  : Context for processor 'microblaze_0' is selected.
15:56:39 INFO  : Hardware design and registers information is loaded from 'C:/HLS_Design/Microblaze_GPIO_Interrupt/workspace/Microblaze_GPIO_Interrupt/export/Microblaze_GPIO_Interrupt/hw/Microblaze_GPIO_Interrupt_design_1_wrapper.xsa'.
15:56:39 INFO  : 'configparams mdm-detect-bscan-mask 2' command is executed.
15:56:39 INFO  : Context for processor 'microblaze_0' is selected.
15:56:39 INFO  : System reset is completed.
15:56:42 INFO  : 'after 3000' command is executed.
15:56:42 INFO  : Context for processor 'microblaze_0' is selected.
15:56:42 INFO  : The application 'C:/HLS_Design/Microblaze_GPIO_Interrupt/workspace/Microblaze_GPIO_Interrupt_example/Debug/Microblaze_GPIO_Interrupt_example.elf' is downloaded to processor 'microblaze_0'.
15:56:42 INFO  : ----------------XSDB Script----------------
connect -url tcp:127.0.0.1:3121
targets -set -filter {jtag_cable_name =~ "Digilent Nexys4 210274505522A" && level==0 && jtag_device_ctx=="jsn-Nexys4-210274505522A-13631093-0"}
fpga -file C:/HLS_Design/Microblaze_GPIO_Interrupt/workspace/Microblaze_GPIO_Interrupt_example/_ide/bitstream/download.bit
targets -set -nocase -filter {name =~ "*microblaze*#0" && bscan=="USER2" }
loadhw -hw C:/HLS_Design/Microblaze_GPIO_Interrupt/workspace/Microblaze_GPIO_Interrupt/export/Microblaze_GPIO_Interrupt/hw/Microblaze_GPIO_Interrupt_design_1_wrapper.xsa -regs
configparams mdm-detect-bscan-mask 2
targets -set -nocase -filter {name =~ "*microblaze*#0" && bscan=="USER2" }
rst -system
after 3000
targets -set -nocase -filter {name =~ "*microblaze*#0" && bscan=="USER2" }
dow C:/HLS_Design/Microblaze_GPIO_Interrupt/workspace/Microblaze_GPIO_Interrupt_example/Debug/Microblaze_GPIO_Interrupt_example.elf
----------------End of Script----------------

15:56:42 INFO  : Context for processor 'microblaze_0' is selected.
15:56:42 INFO  : 'con' command is executed.
15:56:42 INFO  : ----------------XSDB Script (After Launch)----------------
targets -set -nocase -filter {name =~ "*microblaze*#0" && bscan=="USER2" }
con
----------------End of Script----------------

15:56:42 INFO  : Launch script is exported to file 'C:\HLS_Design\Microblaze_GPIO_Interrupt\workspace\Microblaze_GPIO_Interrupt_example_system\_ide\scripts\systemdebugger_microblaze_gpio_interrupt_example_system_standalone.tcl'
16:09:50 INFO  : Checking for BSP changes to sync application flags for project 'Microblaze_GPIO_Interrupt_example'...
16:10:05 INFO  : Checking for BSP changes to sync application flags for project 'Microblaze_GPIO_Interrupt_example'...
16:10:28 INFO  : Bit file 'C:/HLS_Design/Microblaze_GPIO_Interrupt/workspace/Microblaze_GPIO_Interrupt_example/_ide/bitstream/download.bit' is generated.
16:10:28 INFO  : Connected to target on host '127.0.0.1' and port '3121'.
16:10:28 INFO  : 'targets -set -filter {jtag_cable_name =~ "Digilent Nexys4 210274505522A" && level==0 && jtag_device_ctx=="jsn-Nexys4-210274505522A-13631093-0"}' command is executed.
16:10:31 INFO  : Device configured successfully with "C:/HLS_Design/Microblaze_GPIO_Interrupt/workspace/Microblaze_GPIO_Interrupt_example/_ide/bitstream/download.bit"
16:10:41 INFO  : Disconnected from the channel tcfchan#3.
16:10:42 INFO  : Connected to target on host '127.0.0.1' and port '3121'.
16:10:42 INFO  : Jtag cable 'Digilent Nexys4 210274505522A' is selected.
16:10:42 INFO  : 'jtag frequency' command is executed.
16:10:42 INFO  : 'targets -set -filter {jtag_cable_name =~ "Digilent Nexys4 210274505522A" && level==0 && jtag_device_ctx=="jsn-Nexys4-210274505522A-13631093-0"}' command is executed.
16:10:44 INFO  : Device configured successfully with "C:/HLS_Design/Microblaze_GPIO_Interrupt/workspace/Microblaze_GPIO_Interrupt_example/_ide/bitstream/download.bit"
16:10:44 INFO  : Context for processor 'microblaze_0' is selected.
16:10:45 INFO  : Hardware design and registers information is loaded from 'C:/HLS_Design/Microblaze_GPIO_Interrupt/workspace/Microblaze_GPIO_Interrupt/export/Microblaze_GPIO_Interrupt/hw/Microblaze_GPIO_Interrupt_design_1_wrapper.xsa'.
16:10:45 INFO  : 'configparams mdm-detect-bscan-mask 2' command is executed.
16:10:45 INFO  : Context for processor 'microblaze_0' is selected.
16:10:45 INFO  : System reset is completed.
16:10:48 INFO  : 'after 3000' command is executed.
16:10:48 INFO  : Context for processor 'microblaze_0' is selected.
16:10:48 INFO  : The application 'C:/HLS_Design/Microblaze_GPIO_Interrupt/workspace/Microblaze_GPIO_Interrupt_example/Debug/Microblaze_GPIO_Interrupt_example.elf' is downloaded to processor 'microblaze_0'.
16:10:48 INFO  : ----------------XSDB Script----------------
connect -url tcp:127.0.0.1:3121
targets -set -filter {jtag_cable_name =~ "Digilent Nexys4 210274505522A" && level==0 && jtag_device_ctx=="jsn-Nexys4-210274505522A-13631093-0"}
fpga -file C:/HLS_Design/Microblaze_GPIO_Interrupt/workspace/Microblaze_GPIO_Interrupt_example/_ide/bitstream/download.bit
targets -set -nocase -filter {name =~ "*microblaze*#0" && bscan=="USER2" }
loadhw -hw C:/HLS_Design/Microblaze_GPIO_Interrupt/workspace/Microblaze_GPIO_Interrupt/export/Microblaze_GPIO_Interrupt/hw/Microblaze_GPIO_Interrupt_design_1_wrapper.xsa -regs
configparams mdm-detect-bscan-mask 2
targets -set -nocase -filter {name =~ "*microblaze*#0" && bscan=="USER2" }
rst -system
after 3000
targets -set -nocase -filter {name =~ "*microblaze*#0" && bscan=="USER2" }
dow C:/HLS_Design/Microblaze_GPIO_Interrupt/workspace/Microblaze_GPIO_Interrupt_example/Debug/Microblaze_GPIO_Interrupt_example.elf
----------------End of Script----------------

16:10:48 INFO  : Context for processor 'microblaze_0' is selected.
16:10:48 INFO  : 'con' command is executed.
16:10:48 INFO  : ----------------XSDB Script (After Launch)----------------
targets -set -nocase -filter {name =~ "*microblaze*#0" && bscan=="USER2" }
con
----------------End of Script----------------

16:10:48 INFO  : Launch script is exported to file 'C:\HLS_Design\Microblaze_GPIO_Interrupt\workspace\Microblaze_GPIO_Interrupt_example_system\_ide\scripts\systemdebugger_microblaze_gpio_interrupt_example_system_standalone.tcl'
16:15:53 INFO  : Checking for BSP changes to sync application flags for project 'Microblaze_GPIO_Interrupt_example'...
16:16:17 INFO  : Bit file 'C:/HLS_Design/Microblaze_GPIO_Interrupt/workspace/Microblaze_GPIO_Interrupt_example/_ide/bitstream/download.bit' is generated.
16:16:48 INFO  : Bit file 'C:/HLS_Design/Microblaze_GPIO_Interrupt/workspace/Microblaze_GPIO_Interrupt_example/_ide/bitstream/download.bit' is generated.
16:16:48 INFO  : Connected to target on host '127.0.0.1' and port '3121'.
16:16:48 INFO  : 'targets -set -filter {jtag_cable_name =~ "Digilent Nexys4 210274505522A" && level==0 && jtag_device_ctx=="jsn-Nexys4-210274505522A-13631093-0"}' command is executed.
16:16:51 INFO  : Device configured successfully with "C:/HLS_Design/Microblaze_GPIO_Interrupt/workspace/Microblaze_GPIO_Interrupt_example/_ide/bitstream/download.bit"
16:17:18 INFO  : Disconnected from the channel tcfchan#4.
16:17:18 INFO  : Connected to target on host '127.0.0.1' and port '3121'.
16:17:18 INFO  : Jtag cable 'Digilent Nexys4 210274505522A' is selected.
16:17:18 INFO  : 'jtag frequency' command is executed.
16:17:18 INFO  : 'targets -set -filter {jtag_cable_name =~ "Digilent Nexys4 210274505522A" && level==0 && jtag_device_ctx=="jsn-Nexys4-210274505522A-13631093-0"}' command is executed.
16:17:20 INFO  : Device configured successfully with "C:/HLS_Design/Microblaze_GPIO_Interrupt/workspace/Microblaze_GPIO_Interrupt_example/_ide/bitstream/download.bit"
16:17:20 INFO  : Context for processor 'microblaze_0' is selected.
16:17:21 INFO  : Hardware design and registers information is loaded from 'C:/HLS_Design/Microblaze_GPIO_Interrupt/workspace/Microblaze_GPIO_Interrupt/export/Microblaze_GPIO_Interrupt/hw/Microblaze_GPIO_Interrupt_design_1_wrapper.xsa'.
16:17:21 INFO  : 'configparams mdm-detect-bscan-mask 2' command is executed.
16:17:21 INFO  : Context for processor 'microblaze_0' is selected.
16:17:21 INFO  : System reset is completed.
16:17:24 INFO  : 'after 3000' command is executed.
16:17:24 INFO  : Context for processor 'microblaze_0' is selected.
16:17:24 INFO  : The application 'C:/HLS_Design/Microblaze_GPIO_Interrupt/workspace/Microblaze_GPIO_Interrupt_example/Debug/Microblaze_GPIO_Interrupt_example.elf' is downloaded to processor 'microblaze_0'.
16:17:24 INFO  : ----------------XSDB Script----------------
connect -url tcp:127.0.0.1:3121
targets -set -filter {jtag_cable_name =~ "Digilent Nexys4 210274505522A" && level==0 && jtag_device_ctx=="jsn-Nexys4-210274505522A-13631093-0"}
fpga -file C:/HLS_Design/Microblaze_GPIO_Interrupt/workspace/Microblaze_GPIO_Interrupt_example/_ide/bitstream/download.bit
targets -set -nocase -filter {name =~ "*microblaze*#0" && bscan=="USER2" }
loadhw -hw C:/HLS_Design/Microblaze_GPIO_Interrupt/workspace/Microblaze_GPIO_Interrupt/export/Microblaze_GPIO_Interrupt/hw/Microblaze_GPIO_Interrupt_design_1_wrapper.xsa -regs
configparams mdm-detect-bscan-mask 2
targets -set -nocase -filter {name =~ "*microblaze*#0" && bscan=="USER2" }
rst -system
after 3000
targets -set -nocase -filter {name =~ "*microblaze*#0" && bscan=="USER2" }
dow C:/HLS_Design/Microblaze_GPIO_Interrupt/workspace/Microblaze_GPIO_Interrupt_example/Debug/Microblaze_GPIO_Interrupt_example.elf
----------------End of Script----------------

16:17:24 INFO  : Context for processor 'microblaze_0' is selected.
16:17:24 INFO  : 'con' command is executed.
16:17:24 INFO  : ----------------XSDB Script (After Launch)----------------
targets -set -nocase -filter {name =~ "*microblaze*#0" && bscan=="USER2" }
con
----------------End of Script----------------

16:17:24 INFO  : Launch script is exported to file 'C:\HLS_Design\Microblaze_GPIO_Interrupt\workspace\Microblaze_GPIO_Interrupt_example_system\_ide\scripts\systemdebugger_microblaze_gpio_interrupt_example_system_standalone.tcl'
16:26:01 INFO  : Checking for BSP changes to sync application flags for project 'Microblaze_GPIO_Interrupt_example'...
16:26:26 INFO  : Bit file 'C:/HLS_Design/Microblaze_GPIO_Interrupt/workspace/Microblaze_GPIO_Interrupt_example/_ide/bitstream/download.bit' is generated.
16:26:26 INFO  : Connected to target on host '127.0.0.1' and port '3121'.
16:26:26 INFO  : 'targets -set -filter {jtag_cable_name =~ "Digilent Nexys4 210274505522A" && level==0 && jtag_device_ctx=="jsn-Nexys4-210274505522A-13631093-0"}' command is executed.
16:26:29 INFO  : Device configured successfully with "C:/HLS_Design/Microblaze_GPIO_Interrupt/workspace/Microblaze_GPIO_Interrupt_example/_ide/bitstream/download.bit"
16:26:40 INFO  : Disconnected from the channel tcfchan#5.
16:26:40 INFO  : Connected to target on host '127.0.0.1' and port '3121'.
16:26:40 INFO  : Jtag cable 'Digilent Nexys4 210274505522A' is selected.
16:26:40 INFO  : 'jtag frequency' command is executed.
16:26:40 INFO  : 'targets -set -filter {jtag_cable_name =~ "Digilent Nexys4 210274505522A" && level==0 && jtag_device_ctx=="jsn-Nexys4-210274505522A-13631093-0"}' command is executed.
16:26:43 INFO  : Device configured successfully with "C:/HLS_Design/Microblaze_GPIO_Interrupt/workspace/Microblaze_GPIO_Interrupt_example/_ide/bitstream/download.bit"
16:26:43 INFO  : Context for processor 'microblaze_0' is selected.
16:26:43 INFO  : Hardware design and registers information is loaded from 'C:/HLS_Design/Microblaze_GPIO_Interrupt/workspace/Microblaze_GPIO_Interrupt/export/Microblaze_GPIO_Interrupt/hw/Microblaze_GPIO_Interrupt_design_1_wrapper.xsa'.
16:26:43 INFO  : 'configparams mdm-detect-bscan-mask 2' command is executed.
16:26:43 INFO  : Context for processor 'microblaze_0' is selected.
16:26:43 INFO  : System reset is completed.
16:26:46 INFO  : 'after 3000' command is executed.
16:26:46 INFO  : Context for processor 'microblaze_0' is selected.
16:26:46 INFO  : The application 'C:/HLS_Design/Microblaze_GPIO_Interrupt/workspace/Microblaze_GPIO_Interrupt_example/Debug/Microblaze_GPIO_Interrupt_example.elf' is downloaded to processor 'microblaze_0'.
16:26:46 INFO  : ----------------XSDB Script----------------
connect -url tcp:127.0.0.1:3121
targets -set -filter {jtag_cable_name =~ "Digilent Nexys4 210274505522A" && level==0 && jtag_device_ctx=="jsn-Nexys4-210274505522A-13631093-0"}
fpga -file C:/HLS_Design/Microblaze_GPIO_Interrupt/workspace/Microblaze_GPIO_Interrupt_example/_ide/bitstream/download.bit
targets -set -nocase -filter {name =~ "*microblaze*#0" && bscan=="USER2" }
loadhw -hw C:/HLS_Design/Microblaze_GPIO_Interrupt/workspace/Microblaze_GPIO_Interrupt/export/Microblaze_GPIO_Interrupt/hw/Microblaze_GPIO_Interrupt_design_1_wrapper.xsa -regs
configparams mdm-detect-bscan-mask 2
targets -set -nocase -filter {name =~ "*microblaze*#0" && bscan=="USER2" }
rst -system
after 3000
targets -set -nocase -filter {name =~ "*microblaze*#0" && bscan=="USER2" }
dow C:/HLS_Design/Microblaze_GPIO_Interrupt/workspace/Microblaze_GPIO_Interrupt_example/Debug/Microblaze_GPIO_Interrupt_example.elf
----------------End of Script----------------

16:26:46 INFO  : Context for processor 'microblaze_0' is selected.
16:26:46 INFO  : 'con' command is executed.
16:26:46 INFO  : ----------------XSDB Script (After Launch)----------------
targets -set -nocase -filter {name =~ "*microblaze*#0" && bscan=="USER2" }
con
----------------End of Script----------------

16:26:46 INFO  : Launch script is exported to file 'C:\HLS_Design\Microblaze_GPIO_Interrupt\workspace\Microblaze_GPIO_Interrupt_example_system\_ide\scripts\systemdebugger_microblaze_gpio_interrupt_example_system_standalone.tcl'
16:28:42 INFO  : Checking for BSP changes to sync application flags for project 'Microblaze_GPIO_Interrupt_example'...
16:29:10 INFO  : Bit file 'C:/HLS_Design/Microblaze_GPIO_Interrupt/workspace/Microblaze_GPIO_Interrupt_example/_ide/bitstream/download.bit' is generated.
16:29:10 INFO  : Connected to target on host '127.0.0.1' and port '3121'.
16:29:10 INFO  : 'targets -set -filter {jtag_cable_name =~ "Digilent Nexys4 210274505522A" && level==0 && jtag_device_ctx=="jsn-Nexys4-210274505522A-13631093-0"}' command is executed.
16:29:12 INFO  : Device configured successfully with "C:/HLS_Design/Microblaze_GPIO_Interrupt/workspace/Microblaze_GPIO_Interrupt_example/_ide/bitstream/download.bit"
16:29:22 INFO  : Disconnected from the channel tcfchan#6.
16:29:22 INFO  : Connected to target on host '127.0.0.1' and port '3121'.
16:29:22 INFO  : Jtag cable 'Digilent Nexys4 210274505522A' is selected.
16:29:22 INFO  : 'jtag frequency' command is executed.
16:29:22 INFO  : 'targets -set -filter {jtag_cable_name =~ "Digilent Nexys4 210274505522A" && level==0 && jtag_device_ctx=="jsn-Nexys4-210274505522A-13631093-0"}' command is executed.
16:29:24 INFO  : Device configured successfully with "C:/HLS_Design/Microblaze_GPIO_Interrupt/workspace/Microblaze_GPIO_Interrupt_example/_ide/bitstream/download.bit"
16:29:24 INFO  : Context for processor 'microblaze_0' is selected.
16:29:25 INFO  : Hardware design and registers information is loaded from 'C:/HLS_Design/Microblaze_GPIO_Interrupt/workspace/Microblaze_GPIO_Interrupt/export/Microblaze_GPIO_Interrupt/hw/Microblaze_GPIO_Interrupt_design_1_wrapper.xsa'.
16:29:25 INFO  : 'configparams mdm-detect-bscan-mask 2' command is executed.
16:29:25 INFO  : Context for processor 'microblaze_0' is selected.
16:29:25 INFO  : System reset is completed.
16:29:28 INFO  : 'after 3000' command is executed.
16:29:28 INFO  : Context for processor 'microblaze_0' is selected.
16:29:28 INFO  : The application 'C:/HLS_Design/Microblaze_GPIO_Interrupt/workspace/Microblaze_GPIO_Interrupt_example/Debug/Microblaze_GPIO_Interrupt_example.elf' is downloaded to processor 'microblaze_0'.
16:29:28 INFO  : ----------------XSDB Script----------------
connect -url tcp:127.0.0.1:3121
targets -set -filter {jtag_cable_name =~ "Digilent Nexys4 210274505522A" && level==0 && jtag_device_ctx=="jsn-Nexys4-210274505522A-13631093-0"}
fpga -file C:/HLS_Design/Microblaze_GPIO_Interrupt/workspace/Microblaze_GPIO_Interrupt_example/_ide/bitstream/download.bit
targets -set -nocase -filter {name =~ "*microblaze*#0" && bscan=="USER2" }
loadhw -hw C:/HLS_Design/Microblaze_GPIO_Interrupt/workspace/Microblaze_GPIO_Interrupt/export/Microblaze_GPIO_Interrupt/hw/Microblaze_GPIO_Interrupt_design_1_wrapper.xsa -regs
configparams mdm-detect-bscan-mask 2
targets -set -nocase -filter {name =~ "*microblaze*#0" && bscan=="USER2" }
rst -system
after 3000
targets -set -nocase -filter {name =~ "*microblaze*#0" && bscan=="USER2" }
dow C:/HLS_Design/Microblaze_GPIO_Interrupt/workspace/Microblaze_GPIO_Interrupt_example/Debug/Microblaze_GPIO_Interrupt_example.elf
----------------End of Script----------------

16:29:28 INFO  : Context for processor 'microblaze_0' is selected.
16:29:28 INFO  : 'con' command is executed.
16:29:28 INFO  : ----------------XSDB Script (After Launch)----------------
targets -set -nocase -filter {name =~ "*microblaze*#0" && bscan=="USER2" }
con
----------------End of Script----------------

16:29:28 INFO  : Launch script is exported to file 'C:\HLS_Design\Microblaze_GPIO_Interrupt\workspace\Microblaze_GPIO_Interrupt_example_system\_ide\scripts\systemdebugger_microblaze_gpio_interrupt_example_system_standalone.tcl'
16:31:02 INFO  : Checking for BSP changes to sync application flags for project 'Microblaze_GPIO_Interrupt_example'...
16:31:24 INFO  : Bit file 'C:/HLS_Design/Microblaze_GPIO_Interrupt/workspace/Microblaze_GPIO_Interrupt_example/_ide/bitstream/download.bit' is generated.
16:31:24 INFO  : Connected to target on host '127.0.0.1' and port '3121'.
16:31:24 INFO  : 'targets -set -filter {jtag_cable_name =~ "Digilent Nexys4 210274505522A" && level==0 && jtag_device_ctx=="jsn-Nexys4-210274505522A-13631093-0"}' command is executed.
16:31:26 INFO  : Device configured successfully with "C:/HLS_Design/Microblaze_GPIO_Interrupt/workspace/Microblaze_GPIO_Interrupt_example/_ide/bitstream/download.bit"
16:31:39 INFO  : Disconnected from the channel tcfchan#7.
16:31:39 INFO  : Connected to target on host '127.0.0.1' and port '3121'.
16:31:39 INFO  : Jtag cable 'Digilent Nexys4 210274505522A' is selected.
16:31:39 INFO  : 'jtag frequency' command is executed.
16:31:39 INFO  : 'targets -set -filter {jtag_cable_name =~ "Digilent Nexys4 210274505522A" && level==0 && jtag_device_ctx=="jsn-Nexys4-210274505522A-13631093-0"}' command is executed.
16:31:41 INFO  : Device configured successfully with "C:/HLS_Design/Microblaze_GPIO_Interrupt/workspace/Microblaze_GPIO_Interrupt_example/_ide/bitstream/download.bit"
16:31:41 INFO  : Context for processor 'microblaze_0' is selected.
16:31:42 INFO  : Hardware design and registers information is loaded from 'C:/HLS_Design/Microblaze_GPIO_Interrupt/workspace/Microblaze_GPIO_Interrupt/export/Microblaze_GPIO_Interrupt/hw/Microblaze_GPIO_Interrupt_design_1_wrapper.xsa'.
16:31:42 INFO  : 'configparams mdm-detect-bscan-mask 2' command is executed.
16:31:42 INFO  : Context for processor 'microblaze_0' is selected.
16:31:42 INFO  : System reset is completed.
16:31:45 INFO  : 'after 3000' command is executed.
16:31:45 INFO  : Context for processor 'microblaze_0' is selected.
16:31:45 INFO  : The application 'C:/HLS_Design/Microblaze_GPIO_Interrupt/workspace/Microblaze_GPIO_Interrupt_example/Debug/Microblaze_GPIO_Interrupt_example.elf' is downloaded to processor 'microblaze_0'.
16:31:45 INFO  : ----------------XSDB Script----------------
connect -url tcp:127.0.0.1:3121
targets -set -filter {jtag_cable_name =~ "Digilent Nexys4 210274505522A" && level==0 && jtag_device_ctx=="jsn-Nexys4-210274505522A-13631093-0"}
fpga -file C:/HLS_Design/Microblaze_GPIO_Interrupt/workspace/Microblaze_GPIO_Interrupt_example/_ide/bitstream/download.bit
targets -set -nocase -filter {name =~ "*microblaze*#0" && bscan=="USER2" }
loadhw -hw C:/HLS_Design/Microblaze_GPIO_Interrupt/workspace/Microblaze_GPIO_Interrupt/export/Microblaze_GPIO_Interrupt/hw/Microblaze_GPIO_Interrupt_design_1_wrapper.xsa -regs
configparams mdm-detect-bscan-mask 2
targets -set -nocase -filter {name =~ "*microblaze*#0" && bscan=="USER2" }
rst -system
after 3000
targets -set -nocase -filter {name =~ "*microblaze*#0" && bscan=="USER2" }
dow C:/HLS_Design/Microblaze_GPIO_Interrupt/workspace/Microblaze_GPIO_Interrupt_example/Debug/Microblaze_GPIO_Interrupt_example.elf
----------------End of Script----------------

16:31:45 INFO  : Context for processor 'microblaze_0' is selected.
16:31:45 INFO  : 'con' command is executed.
16:31:45 INFO  : ----------------XSDB Script (After Launch)----------------
targets -set -nocase -filter {name =~ "*microblaze*#0" && bscan=="USER2" }
con
----------------End of Script----------------

16:31:45 INFO  : Launch script is exported to file 'C:\HLS_Design\Microblaze_GPIO_Interrupt\workspace\Microblaze_GPIO_Interrupt_example_system\_ide\scripts\systemdebugger_microblaze_gpio_interrupt_example_system_standalone.tcl'
16:33:27 INFO  : Checking for BSP changes to sync application flags for project 'Microblaze_GPIO_Interrupt_example'...
16:33:53 INFO  : Bit file 'C:/HLS_Design/Microblaze_GPIO_Interrupt/workspace/Microblaze_GPIO_Interrupt_example/_ide/bitstream/download.bit' is generated.
16:33:53 INFO  : Connected to target on host '127.0.0.1' and port '3121'.
16:33:53 INFO  : 'targets -set -filter {jtag_cable_name =~ "Digilent Nexys4 210274505522A" && level==0 && jtag_device_ctx=="jsn-Nexys4-210274505522A-13631093-0"}' command is executed.
16:33:55 INFO  : Device configured successfully with "C:/HLS_Design/Microblaze_GPIO_Interrupt/workspace/Microblaze_GPIO_Interrupt_example/_ide/bitstream/download.bit"
16:34:12 INFO  : Disconnected from the channel tcfchan#8.
16:34:12 INFO  : Connected to target on host '127.0.0.1' and port '3121'.
16:34:12 INFO  : Jtag cable 'Digilent Nexys4 210274505522A' is selected.
16:34:12 INFO  : 'jtag frequency' command is executed.
16:34:12 INFO  : 'targets -set -filter {jtag_cable_name =~ "Digilent Nexys4 210274505522A" && level==0 && jtag_device_ctx=="jsn-Nexys4-210274505522A-13631093-0"}' command is executed.
16:34:14 INFO  : Device configured successfully with "C:/HLS_Design/Microblaze_GPIO_Interrupt/workspace/Microblaze_GPIO_Interrupt_example/_ide/bitstream/download.bit"
16:34:15 INFO  : Context for processor 'microblaze_0' is selected.
16:34:15 INFO  : Hardware design and registers information is loaded from 'C:/HLS_Design/Microblaze_GPIO_Interrupt/workspace/Microblaze_GPIO_Interrupt/export/Microblaze_GPIO_Interrupt/hw/Microblaze_GPIO_Interrupt_design_1_wrapper.xsa'.
16:34:15 INFO  : 'configparams mdm-detect-bscan-mask 2' command is executed.
16:34:15 INFO  : Context for processor 'microblaze_0' is selected.
16:34:15 INFO  : System reset is completed.
16:34:18 INFO  : 'after 3000' command is executed.
16:34:18 INFO  : Context for processor 'microblaze_0' is selected.
16:34:18 INFO  : The application 'C:/HLS_Design/Microblaze_GPIO_Interrupt/workspace/Microblaze_GPIO_Interrupt_example/Debug/Microblaze_GPIO_Interrupt_example.elf' is downloaded to processor 'microblaze_0'.
16:34:18 INFO  : ----------------XSDB Script----------------
connect -url tcp:127.0.0.1:3121
targets -set -filter {jtag_cable_name =~ "Digilent Nexys4 210274505522A" && level==0 && jtag_device_ctx=="jsn-Nexys4-210274505522A-13631093-0"}
fpga -file C:/HLS_Design/Microblaze_GPIO_Interrupt/workspace/Microblaze_GPIO_Interrupt_example/_ide/bitstream/download.bit
targets -set -nocase -filter {name =~ "*microblaze*#0" && bscan=="USER2" }
loadhw -hw C:/HLS_Design/Microblaze_GPIO_Interrupt/workspace/Microblaze_GPIO_Interrupt/export/Microblaze_GPIO_Interrupt/hw/Microblaze_GPIO_Interrupt_design_1_wrapper.xsa -regs
configparams mdm-detect-bscan-mask 2
targets -set -nocase -filter {name =~ "*microblaze*#0" && bscan=="USER2" }
rst -system
after 3000
targets -set -nocase -filter {name =~ "*microblaze*#0" && bscan=="USER2" }
dow C:/HLS_Design/Microblaze_GPIO_Interrupt/workspace/Microblaze_GPIO_Interrupt_example/Debug/Microblaze_GPIO_Interrupt_example.elf
----------------End of Script----------------

16:34:18 INFO  : Context for processor 'microblaze_0' is selected.
16:34:18 INFO  : 'con' command is executed.
16:34:18 INFO  : ----------------XSDB Script (After Launch)----------------
targets -set -nocase -filter {name =~ "*microblaze*#0" && bscan=="USER2" }
con
----------------End of Script----------------

16:34:18 INFO  : Launch script is exported to file 'C:\HLS_Design\Microblaze_GPIO_Interrupt\workspace\Microblaze_GPIO_Interrupt_example_system\_ide\scripts\systemdebugger_microblaze_gpio_interrupt_example_system_standalone.tcl'
16:46:26 INFO  : Checking for BSP changes to sync application flags for project 'Microblaze_GPIO_Interrupt_example'...
16:46:50 INFO  : Bit file 'C:/HLS_Design/Microblaze_GPIO_Interrupt/workspace/Microblaze_GPIO_Interrupt_example/_ide/bitstream/download.bit' is generated.
16:46:50 INFO  : Connected to target on host '127.0.0.1' and port '3121'.
16:46:50 INFO  : 'targets -set -filter {jtag_cable_name =~ "Digilent Nexys4 210274505522A" && level==0 && jtag_device_ctx=="jsn-Nexys4-210274505522A-13631093-0"}' command is executed.
16:46:52 INFO  : Device configured successfully with "C:/HLS_Design/Microblaze_GPIO_Interrupt/workspace/Microblaze_GPIO_Interrupt_example/_ide/bitstream/download.bit"
16:47:02 INFO  : Disconnected from the channel tcfchan#9.
16:47:02 INFO  : Connected to target on host '127.0.0.1' and port '3121'.
16:47:02 INFO  : Jtag cable 'Digilent Nexys4 210274505522A' is selected.
16:47:02 INFO  : 'jtag frequency' command is executed.
16:47:02 INFO  : 'targets -set -filter {jtag_cable_name =~ "Digilent Nexys4 210274505522A" && level==0 && jtag_device_ctx=="jsn-Nexys4-210274505522A-13631093-0"}' command is executed.
16:47:04 INFO  : Device configured successfully with "C:/HLS_Design/Microblaze_GPIO_Interrupt/workspace/Microblaze_GPIO_Interrupt_example/_ide/bitstream/download.bit"
16:47:04 INFO  : Context for processor 'microblaze_0' is selected.
16:47:05 INFO  : Hardware design and registers information is loaded from 'C:/HLS_Design/Microblaze_GPIO_Interrupt/workspace/Microblaze_GPIO_Interrupt/export/Microblaze_GPIO_Interrupt/hw/Microblaze_GPIO_Interrupt_design_1_wrapper.xsa'.
16:47:05 INFO  : 'configparams mdm-detect-bscan-mask 2' command is executed.
16:47:05 INFO  : Context for processor 'microblaze_0' is selected.
16:47:05 INFO  : System reset is completed.
16:47:08 INFO  : 'after 3000' command is executed.
16:47:08 INFO  : Context for processor 'microblaze_0' is selected.
16:47:08 INFO  : The application 'C:/HLS_Design/Microblaze_GPIO_Interrupt/workspace/Microblaze_GPIO_Interrupt_example/Debug/Microblaze_GPIO_Interrupt_example.elf' is downloaded to processor 'microblaze_0'.
16:47:08 INFO  : ----------------XSDB Script----------------
connect -url tcp:127.0.0.1:3121
targets -set -filter {jtag_cable_name =~ "Digilent Nexys4 210274505522A" && level==0 && jtag_device_ctx=="jsn-Nexys4-210274505522A-13631093-0"}
fpga -file C:/HLS_Design/Microblaze_GPIO_Interrupt/workspace/Microblaze_GPIO_Interrupt_example/_ide/bitstream/download.bit
targets -set -nocase -filter {name =~ "*microblaze*#0" && bscan=="USER2" }
loadhw -hw C:/HLS_Design/Microblaze_GPIO_Interrupt/workspace/Microblaze_GPIO_Interrupt/export/Microblaze_GPIO_Interrupt/hw/Microblaze_GPIO_Interrupt_design_1_wrapper.xsa -regs
configparams mdm-detect-bscan-mask 2
targets -set -nocase -filter {name =~ "*microblaze*#0" && bscan=="USER2" }
rst -system
after 3000
targets -set -nocase -filter {name =~ "*microblaze*#0" && bscan=="USER2" }
dow C:/HLS_Design/Microblaze_GPIO_Interrupt/workspace/Microblaze_GPIO_Interrupt_example/Debug/Microblaze_GPIO_Interrupt_example.elf
----------------End of Script----------------

16:47:08 INFO  : Context for processor 'microblaze_0' is selected.
16:47:08 INFO  : 'con' command is executed.
16:47:08 INFO  : ----------------XSDB Script (After Launch)----------------
targets -set -nocase -filter {name =~ "*microblaze*#0" && bscan=="USER2" }
con
----------------End of Script----------------

16:47:08 INFO  : Launch script is exported to file 'C:\HLS_Design\Microblaze_GPIO_Interrupt\workspace\Microblaze_GPIO_Interrupt_example_system\_ide\scripts\systemdebugger_microblaze_gpio_interrupt_example_system_standalone.tcl'
16:49:58 INFO  : Checking for BSP changes to sync application flags for project 'Microblaze_GPIO_Interrupt_example'...
16:50:28 INFO  : Bit file 'C:/HLS_Design/Microblaze_GPIO_Interrupt/workspace/Microblaze_GPIO_Interrupt_example/_ide/bitstream/download.bit' is generated.
16:50:28 INFO  : Connected to target on host '127.0.0.1' and port '3121'.
16:50:28 INFO  : 'targets -set -filter {jtag_cable_name =~ "Digilent Nexys4 210274505522A" && level==0 && jtag_device_ctx=="jsn-Nexys4-210274505522A-13631093-0"}' command is executed.
16:50:30 INFO  : Device configured successfully with "C:/HLS_Design/Microblaze_GPIO_Interrupt/workspace/Microblaze_GPIO_Interrupt_example/_ide/bitstream/download.bit"
16:50:45 INFO  : Checking for BSP changes to sync application flags for project 'Microblaze_GPIO_Interrupt_example'...
16:51:11 INFO  : Bit file 'C:/HLS_Design/Microblaze_GPIO_Interrupt/workspace/Microblaze_GPIO_Interrupt_example/_ide/bitstream/download.bit' is generated.
16:51:11 INFO  : Connected to target on host '127.0.0.1' and port '3121'.
16:51:11 INFO  : 'targets -set -filter {jtag_cable_name =~ "Digilent Nexys4 210274505522A" && level==0 && jtag_device_ctx=="jsn-Nexys4-210274505522A-13631093-0"}' command is executed.
16:51:13 INFO  : Device configured successfully with "C:/HLS_Design/Microblaze_GPIO_Interrupt/workspace/Microblaze_GPIO_Interrupt_example/_ide/bitstream/download.bit"
16:51:23 INFO  : Disconnected from the channel tcfchan#10.
16:51:23 INFO  : Connected to target on host '127.0.0.1' and port '3121'.
16:51:23 INFO  : Jtag cable 'Digilent Nexys4 210274505522A' is selected.
16:51:23 INFO  : 'jtag frequency' command is executed.
16:51:24 INFO  : 'targets -set -filter {jtag_cable_name =~ "Digilent Nexys4 210274505522A" && level==0 && jtag_device_ctx=="jsn-Nexys4-210274505522A-13631093-0"}' command is executed.
16:51:26 INFO  : Device configured successfully with "C:/HLS_Design/Microblaze_GPIO_Interrupt/workspace/Microblaze_GPIO_Interrupt_example/_ide/bitstream/download.bit"
16:51:26 INFO  : Context for processor 'microblaze_0' is selected.
16:51:26 INFO  : Hardware design and registers information is loaded from 'C:/HLS_Design/Microblaze_GPIO_Interrupt/workspace/Microblaze_GPIO_Interrupt/export/Microblaze_GPIO_Interrupt/hw/Microblaze_GPIO_Interrupt_design_1_wrapper.xsa'.
16:51:26 INFO  : 'configparams mdm-detect-bscan-mask 2' command is executed.
16:51:26 INFO  : Context for processor 'microblaze_0' is selected.
16:51:26 INFO  : System reset is completed.
16:51:29 INFO  : 'after 3000' command is executed.
16:51:29 INFO  : Context for processor 'microblaze_0' is selected.
16:51:29 INFO  : The application 'C:/HLS_Design/Microblaze_GPIO_Interrupt/workspace/Microblaze_GPIO_Interrupt_example/Debug/Microblaze_GPIO_Interrupt_example.elf' is downloaded to processor 'microblaze_0'.
16:51:29 INFO  : ----------------XSDB Script----------------
connect -url tcp:127.0.0.1:3121
targets -set -filter {jtag_cable_name =~ "Digilent Nexys4 210274505522A" && level==0 && jtag_device_ctx=="jsn-Nexys4-210274505522A-13631093-0"}
fpga -file C:/HLS_Design/Microblaze_GPIO_Interrupt/workspace/Microblaze_GPIO_Interrupt_example/_ide/bitstream/download.bit
targets -set -nocase -filter {name =~ "*microblaze*#0" && bscan=="USER2" }
loadhw -hw C:/HLS_Design/Microblaze_GPIO_Interrupt/workspace/Microblaze_GPIO_Interrupt/export/Microblaze_GPIO_Interrupt/hw/Microblaze_GPIO_Interrupt_design_1_wrapper.xsa -regs
configparams mdm-detect-bscan-mask 2
targets -set -nocase -filter {name =~ "*microblaze*#0" && bscan=="USER2" }
rst -system
after 3000
targets -set -nocase -filter {name =~ "*microblaze*#0" && bscan=="USER2" }
dow C:/HLS_Design/Microblaze_GPIO_Interrupt/workspace/Microblaze_GPIO_Interrupt_example/Debug/Microblaze_GPIO_Interrupt_example.elf
----------------End of Script----------------

16:51:29 INFO  : Context for processor 'microblaze_0' is selected.
16:51:29 INFO  : 'con' command is executed.
16:51:29 INFO  : ----------------XSDB Script (After Launch)----------------
targets -set -nocase -filter {name =~ "*microblaze*#0" && bscan=="USER2" }
con
----------------End of Script----------------

16:51:29 INFO  : Launch script is exported to file 'C:\HLS_Design\Microblaze_GPIO_Interrupt\workspace\Microblaze_GPIO_Interrupt_example_system\_ide\scripts\systemdebugger_microblaze_gpio_interrupt_example_system_standalone.tcl'
16:53:09 INFO  : Checking for BSP changes to sync application flags for project 'Microblaze_GPIO_Interrupt_example'...
16:53:34 INFO  : Bit file 'C:/HLS_Design/Microblaze_GPIO_Interrupt/workspace/Microblaze_GPIO_Interrupt_example/_ide/bitstream/download.bit' is generated.
16:53:34 INFO  : Connected to target on host '127.0.0.1' and port '3121'.
16:53:34 INFO  : 'targets -set -filter {jtag_cable_name =~ "Digilent Nexys4 210274505522A" && level==0 && jtag_device_ctx=="jsn-Nexys4-210274505522A-13631093-0"}' command is executed.
16:53:36 INFO  : Device configured successfully with "C:/HLS_Design/Microblaze_GPIO_Interrupt/workspace/Microblaze_GPIO_Interrupt_example/_ide/bitstream/download.bit"
16:54:03 INFO  : Disconnected from the channel tcfchan#11.
16:54:03 INFO  : Connected to target on host '127.0.0.1' and port '3121'.
16:54:03 INFO  : Jtag cable 'Digilent Nexys4 210274505522A' is selected.
16:54:04 INFO  : 'jtag frequency' command is executed.
16:54:04 INFO  : 'targets -set -filter {jtag_cable_name =~ "Digilent Nexys4 210274505522A" && level==0 && jtag_device_ctx=="jsn-Nexys4-210274505522A-13631093-0"}' command is executed.
16:54:06 INFO  : Device configured successfully with "C:/HLS_Design/Microblaze_GPIO_Interrupt/workspace/Microblaze_GPIO_Interrupt_example/_ide/bitstream/download.bit"
16:54:06 INFO  : Context for processor 'microblaze_0' is selected.
16:54:06 INFO  : Hardware design and registers information is loaded from 'C:/HLS_Design/Microblaze_GPIO_Interrupt/workspace/Microblaze_GPIO_Interrupt/export/Microblaze_GPIO_Interrupt/hw/Microblaze_GPIO_Interrupt_design_1_wrapper.xsa'.
16:54:06 INFO  : 'configparams mdm-detect-bscan-mask 2' command is executed.
16:54:06 INFO  : Context for processor 'microblaze_0' is selected.
16:54:06 INFO  : System reset is completed.
16:54:09 INFO  : 'after 3000' command is executed.
16:54:09 INFO  : Context for processor 'microblaze_0' is selected.
16:54:09 INFO  : The application 'C:/HLS_Design/Microblaze_GPIO_Interrupt/workspace/Microblaze_GPIO_Interrupt_example/Debug/Microblaze_GPIO_Interrupt_example.elf' is downloaded to processor 'microblaze_0'.
16:54:09 INFO  : ----------------XSDB Script----------------
connect -url tcp:127.0.0.1:3121
targets -set -filter {jtag_cable_name =~ "Digilent Nexys4 210274505522A" && level==0 && jtag_device_ctx=="jsn-Nexys4-210274505522A-13631093-0"}
fpga -file C:/HLS_Design/Microblaze_GPIO_Interrupt/workspace/Microblaze_GPIO_Interrupt_example/_ide/bitstream/download.bit
targets -set -nocase -filter {name =~ "*microblaze*#0" && bscan=="USER2" }
loadhw -hw C:/HLS_Design/Microblaze_GPIO_Interrupt/workspace/Microblaze_GPIO_Interrupt/export/Microblaze_GPIO_Interrupt/hw/Microblaze_GPIO_Interrupt_design_1_wrapper.xsa -regs
configparams mdm-detect-bscan-mask 2
targets -set -nocase -filter {name =~ "*microblaze*#0" && bscan=="USER2" }
rst -system
after 3000
targets -set -nocase -filter {name =~ "*microblaze*#0" && bscan=="USER2" }
dow C:/HLS_Design/Microblaze_GPIO_Interrupt/workspace/Microblaze_GPIO_Interrupt_example/Debug/Microblaze_GPIO_Interrupt_example.elf
----------------End of Script----------------

16:54:09 INFO  : Context for processor 'microblaze_0' is selected.
16:54:09 INFO  : 'con' command is executed.
16:54:09 INFO  : ----------------XSDB Script (After Launch)----------------
targets -set -nocase -filter {name =~ "*microblaze*#0" && bscan=="USER2" }
con
----------------End of Script----------------

16:54:09 INFO  : Launch script is exported to file 'C:\HLS_Design\Microblaze_GPIO_Interrupt\workspace\Microblaze_GPIO_Interrupt_example_system\_ide\scripts\systemdebugger_microblaze_gpio_interrupt_example_system_standalone.tcl'
16:54:44 INFO  : Checking for BSP changes to sync application flags for project 'Microblaze_GPIO_Interrupt_example'...
16:54:52 INFO  : Disconnected from the channel tcfchan#12.
17:13:30 DEBUG : Logs will be stored at 'C:/HLS_Design/Microblaze_GPIO_Interrupt/workspace/IDE.log'.
17:13:34 INFO  : Launching XSCT server: xsct.bat -n  -interactive C:\HLS_Design\Microblaze_GPIO_Interrupt\workspace\temp_xsdb_launch_script.tcl
17:13:42 INFO  : XSCT server has started successfully.
17:13:42 INFO  : Successfully done setting XSCT server connection channel  
17:13:42 INFO  : plnx-install-location is set to ''
17:13:42 INFO  : Successfully done setting workspace for the tool. 
17:13:49 INFO  : Registering command handlers for Vitis TCF services
17:13:52 INFO  : Platform repository initialization has completed.
17:14:02 INFO  : Successfully done query RDI_DATADIR 
